<?xml version="1.0" encoding="UTF-8"?>
<testng-results skipped="0" failed="0" total="2" passed="2">
  <reporter-output>
  </reporter-output>
  <suite name="TestNG Learning" duration-ms="13762" started-at="2016-12-19T07:00:02Z" finished-at="2016-12-19T07:00:16Z">
    <groups>
    </groups>
    <test name="Login test" duration-ms="13762" started-at="2016-12-19T07:00:02Z" finished-at="2016-12-19T07:00:16Z">
      <class name="com.demo.tests.LoginTest">
        <test-method status="PASS" signature="init()[pri:0, instance:com.demo.tests.LoginTest@2bbaf4f0]" name="init" is-config="true" duration-ms="15944" started-at="2016-12-19T12:29:46Z" finished-at="2016-12-19T12:30:02Z">
          <reporter-output>
          </reporter-output>
        </test-method> <!-- init -->
        <test-method status="PASS" signature="isSkip()[pri:0, instance:com.demo.tests.LoginTest@2bbaf4f0]" name="isSkip" is-config="true" duration-ms="9" started-at="2016-12-19T12:30:02Z" finished-at="2016-12-19T12:30:02Z">
          <reporter-output>
          </reporter-output>
        </test-method> <!-- isSkip -->
        <test-method status="PASS" signature="isSkip()[pri:0, instance:com.demo.tests.LogoutTest@11c20519]" name="isSkip" is-config="true" duration-ms="0" started-at="2016-12-19T12:30:02Z" finished-at="2016-12-19T12:30:02Z">
          <reporter-output>
          </reporter-output>
        </test-method> <!-- isSkip -->
        <test-method status="PASS" signature="doLogin(java.lang.String, java.lang.String)[pri:0, instance:com.demo.tests.LoginTest@2bbaf4f0]" name="doLogin" duration-ms="2353" started-at="2016-12-19T12:30:02Z" data-provider="getData" finished-at="2016-12-19T12:30:04Z">
          <params>
            <param index="0">
              <value>
                <![CDATA[seleniumcoach]]>
              </value>
            </param>
            <param index="1">
              <value>
                <![CDATA[selenium111]]>
              </value>
            </param>
          </params>
          <reporter-output>
          </reporter-output>
        </test-method> <!-- doLogin -->
        <test-method status="PASS" signature="closeBrowser()[pri:0, instance:com.demo.tests.LoginTest@2bbaf4f0]" name="closeBrowser" is-config="true" duration-ms="2106" started-at="2016-12-19T12:30:14Z" finished-at="2016-12-19T12:30:16Z">
          <reporter-output>
          </reporter-output>
        </test-method> <!-- closeBrowser -->
        <test-method status="PASS" signature="closeBrowser()[pri:0, instance:com.demo.tests.LogoutTest@11c20519]" name="closeBrowser" is-config="true" duration-ms="1" started-at="2016-12-19T12:30:16Z" finished-at="2016-12-19T12:30:16Z">
          <reporter-output>
          </reporter-output>
        </test-method> <!-- closeBrowser -->
        <test-method status="PASS" signature="quitDriver()[pri:0, instance:com.demo.tests.LoginTest@2bbaf4f0]" name="quitDriver" is-config="true" duration-ms="0" started-at="2016-12-19T12:30:16Z" finished-at="2016-12-19T12:30:16Z">
          <reporter-output>
          </reporter-output>
        </test-method> <!-- quitDriver -->
      </class> <!-- com.demo.tests.LoginTest -->
      <class name="com.demo.tests.LogoutTest">
        <test-method status="PASS" signature="doLogout()[pri:0, instance:com.demo.tests.LogoutTest@11c20519]" name="doLogout" duration-ms="9273" started-at="2016-12-19T12:30:04Z" finished-at="2016-12-19T12:30:14Z">
          <reporter-output>
          </reporter-output>
        </test-method> <!-- doLogout -->
      </class> <!-- com.demo.tests.LogoutTest -->
    </test> <!-- Login test -->
  </suite> <!-- TestNG Learning -->
</testng-results>
