<html>
<head>
<title>TestNG:  Singapore Post CheckOutFlows</title>
<link href="../testng.css" rel="stylesheet" type="text/css" />
<link href="../my-testng.css" rel="stylesheet" type="text/css" />

<style type="text/css">
.log { display: none;} 
.stack-trace { display: none;} 
</style>
<script type="text/javascript">
<!--
function flip(e) {
  current = e.style.display;
  if (current == 'block') {
    e.style.display = 'none';
    return 0;
  }
  else {
    e.style.display = 'block';
    return 1;
  }
}

function toggleBox(szDivId, elem, msg1, msg2)
{
  var res = -1;  if (document.getElementById) {
    res = flip(document.getElementById(szDivId));
  }
  else if (document.all) {
    // this is the way old msie versions work
    res = flip(document.all[szDivId]);
  }
  if(elem) {
    if(res == 0) elem.innerHTML = msg1; else elem.innerHTML = msg2;
  }

}

function toggleAllBoxes() {
  if (document.getElementsByTagName) {
    d = document.getElementsByTagName('div');
    for (i = 0; i < d.length; i++) {
      if (d[i].className == 'log') {
        flip(d[i]);
      }
    }
  }
}

// -->
</script>

</head>
<body>
<h2 align='center'>Singapore Post CheckOutFlows</h2><table border='1' align="center">
<tr>
<td>Tests passed/Failed/Skipped:</td><td>0/0/6</td>
</tr><tr>
<td>Started on:</td><td>Tue Sep 08 18:34:47 IST 2015</td>
</tr>
<tr><td>Total time:</td><td>29 seconds (29788 ms)</td>
</tr><tr>
<td>Included groups:</td><td></td>
</tr><tr>
<td>Excluded groups:</td><td></td>
</tr>
</table><p/>
<small><i>(Hover the method name to see the test class name)</i></small><p/>
<table width='100%' border='1' class='invocation-failed'>
<tr><td colspan='4' align='center'><b>FAILED CONFIGURATIONS</b></td></tr>
<tr><td><b>Test method</b></td>
<td width="30%"><b>Exception</b></td>
<td width="10%"><b>Time (seconds)</b></td>
<td><b>Instance</b></td>
</tr>
<tr>
<td title='com.specomm.adidas.executionflow.GuestCheckoutWithVisaCard.beforeTest()'><b>beforeTest</b><br>Test class: com.specomm.adidas.executionflow.GuestCheckoutWithVisaCard</td>
<td><div><pre>org.openqa.selenium.NoSuchWindowException: Window not found. The browser window may have been closed.
Command duration or timeout: 360 milliseconds
Build info: version: &apos;2.46.0&apos;, revision: &apos;87c69e2&apos;, time: &apos;2015-06-04 16:16:47&apos;
System info: host: &apos;VITRAMYAK&apos;, ip: &apos;192.168.21.104&apos;, os.name: &apos;Windows 7&apos;, os.arch: &apos;amd64&apos;, os.version: &apos;6.1&apos;, java.version: &apos;1.8.0_51&apos;
Driver info: org.openqa.selenium.firefox.FirefoxDriver
Capabilities [{applicationCacheEnabled=true, rotatable=false, handlesAlerts=true, databaseEnabled=true, version=40.0.3, platform=WINDOWS, nativeEvents=false, acceptSslCerts=true, webStorageEnabled=true, locationContextEnabled=true, browserName=firefox, takesScreenshot=true, javascriptEnabled=true, cssSelectorsEnabled=true}]
Session ID: fc76f940-e2c6-4e84-a63e-8493ae3fd8bc
	at org.openqa.selenium.remote.ErrorHandler.createThrowable(ErrorHandler.java:204)
	at org.openqa.selenium.remote.ErrorHandler.throwIfResponseFailed(ErrorHandler.java:156)
	at org.openqa.selenium.remote.RemoteWebDriver.execute(RemoteWebDriver.java:605)
	at org.openqa.selenium.firefox.FirefoxDriver.access$0(FirefoxDriver.java:1)
	at org.openqa.selenium.firefox.FirefoxDriver$1$1.implicitlyWait(FirefoxDriver.java:248)
	at com.specomm.adidas.common.utils.ReusableActions.openUrl(ReusableActions.java:383)
	at com.specomm.adidas.executionflow.LoginCheckoutWithVisaCard.beforeTest(LoginCheckoutWithVisaCard.java:53)
Caused by: org.openqa.selenium.NoSuchWindowException: Window not found. The browser window may have been closed.
Build info: version: &apos;2.46.0&apos;, revision: &apos;87c69e2&apos;, time: &apos;2015-06-04 16:16:47&apos;
System info: host: &apos;VITRAMYAK&apos;, ip: &apos;192.168.21.104&apos;, os.name: &apos;Windows 7&apos;, os.arch: &apos;amd64&apos;, os.version: &apos;6.1&apos;, java.version: &apos;1.8.0_51&apos;
Driver info: driver.version: unknown
	at &lt;anonymous class&gt;.nsCommandProcessor.prototype.execute(file:///C:/Users/v-ramya.k/AppData/Local/Temp/anonymous2317928689543029291webdriver-profile/extensions/fxdriver@googlecode.com/components/command-processor.js:12350)
	at &lt;anonymous class&gt;.Dispatcher.executeAs/&lt;(file:///C:/Users/v-ramya.k/AppData/Local/Temp/anonymous2317928689543029291webdriver-profile/extensions/fxdriver@googlecode.com/components/driver-component.js:9089)
	at &lt;anonymous class&gt;.Resource.prototype.handle(file:///C:/Users/v-ramya.k/AppData/Local/Temp/anonymous2317928689543029291webdriver-profile/extensions/fxdriver@googlecode.com/components/driver-component.js:9236)
	at &lt;anonymous class&gt;.Dispatcher.prototype.dispatch(file:///C:/Users/v-ramya.k/AppData/Local/Temp/anonymous2317928689543029291webdriver-profile/extensions/fxdriver@googlecode.com/components/driver-component.js:9183)
	at &lt;anonymous class&gt;.WebDriverServer/&lt;.handle(file:///C:/Users/v-ramya.k/AppData/Local/Temp/anonymous2317928689543029291webdriver-profile/extensions/fxdriver@googlecode.com/components/driver-component.js:12136)
	at &lt;anonymous class&gt;.createHandlerFunc/&lt;(file:///C:/Users/v-ramya.k/AppData/Local/Temp/anonymous2317928689543029291webdriver-profile/extensions/fxdriver@googlecode.com/components/httpd.js:2054)
	at &lt;anonymous class&gt;.ServerHandler.prototype.handleResponse(file:///C:/Users/v-ramya.k/AppData/Local/Temp/anonymous2317928689543029291webdriver-profile/extensions/fxdriver@googlecode.com/components/httpd.js:2387)
	at &lt;anonymous class&gt;.Connection.prototype.process(file:///C:/Users/v-ramya.k/AppData/Local/Temp/anonymous2317928689543029291webdriver-profile/extensions/fxdriver@googlecode.com/components/httpd.js:1223)
	at &lt;anonymous class&gt;.RequestReader.prototype._handleResponse(file:///C:/Users/v-ramya.k/AppData/Local/Temp/anonymous2317928689543029291webdriver-profile/extensions/fxdriver@googlecode.com/components/httpd.js:1677)
	at &lt;anonymous class&gt;.RequestReader.prototype._processBody(file:///C:/Users/v-ramya.k/AppData/Local/Temp/anonymous2317928689543029291webdriver-profile/extensions/fxdriver@googlecode.com/components/httpd.js:1525)
	at &lt;anonymous class&gt;.RequestReader.prototype.onInputStreamReady(file:///C:/Users/v-ramya.k/AppData/Local/Temp/anonymous2317928689543029291webdriver-profile/extensions/fxdriver@googlecode.com/components/httpd.js:1393)
... Removed 26 stack frames</pre></div><a href='#' onClick='toggleBox("stack-trace2036775591", this, "Click to show all stack frames", "Click to hide stack frames")'>Click to show all stack frames</a>
<div class='stack-trace' id='stack-trace2036775591'><pre>org.openqa.selenium.NoSuchWindowException: Window not found. The browser window may have been closed.
Command duration or timeout: 360 milliseconds
Build info: version: &apos;2.46.0&apos;, revision: &apos;87c69e2&apos;, time: &apos;2015-06-04 16:16:47&apos;
System info: host: &apos;VITRAMYAK&apos;, ip: &apos;192.168.21.104&apos;, os.name: &apos;Windows 7&apos;, os.arch: &apos;amd64&apos;, os.version: &apos;6.1&apos;, java.version: &apos;1.8.0_51&apos;
Driver info: org.openqa.selenium.firefox.FirefoxDriver
Capabilities [{applicationCacheEnabled=true, rotatable=false, handlesAlerts=true, databaseEnabled=true, version=40.0.3, platform=WINDOWS, nativeEvents=false, acceptSslCerts=true, webStorageEnabled=true, locationContextEnabled=true, browserName=firefox, takesScreenshot=true, javascriptEnabled=true, cssSelectorsEnabled=true}]
Session ID: fc76f940-e2c6-4e84-a63e-8493ae3fd8bc
	at sun.reflect.NativeConstructorAccessorImpl.newInstance0(Native Method)
	at sun.reflect.NativeConstructorAccessorImpl.newInstance(Unknown Source)
	at sun.reflect.DelegatingConstructorAccessorImpl.newInstance(Unknown Source)
	at java.lang.reflect.Constructor.newInstance(Unknown Source)
	at org.openqa.selenium.remote.ErrorHandler.createThrowable(ErrorHandler.java:204)
	at org.openqa.selenium.remote.ErrorHandler.throwIfResponseFailed(ErrorHandler.java:156)
	at org.openqa.selenium.remote.RemoteWebDriver.execute(RemoteWebDriver.java:605)
	at org.openqa.selenium.firefox.FirefoxDriver.access$0(FirefoxDriver.java:1)
	at org.openqa.selenium.firefox.FirefoxDriver$1$1.implicitlyWait(FirefoxDriver.java:248)
	at com.specomm.adidas.common.utils.ReusableActions.openUrl(ReusableActions.java:383)
	at com.specomm.adidas.executionflow.LoginCheckoutWithVisaCard.beforeTest(LoginCheckoutWithVisaCard.java:53)
	at sun.reflect.NativeMethodAccessorImpl.invoke0(Native Method)
	at sun.reflect.NativeMethodAccessorImpl.invoke(Unknown Source)
	at sun.reflect.DelegatingMethodAccessorImpl.invoke(Unknown Source)
	at java.lang.reflect.Method.invoke(Unknown Source)
	at org.testng.internal.MethodInvocationHelper.invokeMethod(MethodInvocationHelper.java:84)
	at org.testng.internal.Invoker.invokeConfigurationMethod(Invoker.java:564)
	at org.testng.internal.Invoker.invokeConfigurations(Invoker.java:213)
	at org.testng.internal.Invoker.invokeConfigurations(Invoker.java:138)
	at org.testng.TestRunner.beforeRun(TestRunner.java:641)
	at org.testng.TestRunner.run(TestRunner.java:609)
	at org.testng.SuiteRunner.runTest(SuiteRunner.java:334)
	at org.testng.SuiteRunner.runSequentially(SuiteRunner.java:329)
	at org.testng.SuiteRunner.privateRun(SuiteRunner.java:291)
	at org.testng.SuiteRunner.run(SuiteRunner.java:240)
	at org.testng.SuiteRunnerWorker.runSuite(SuiteRunnerWorker.java:52)
	at org.testng.SuiteRunnerWorker.run(SuiteRunnerWorker.java:86)
	at org.testng.TestNG.runSuitesSequentially(TestNG.java:1224)
	at org.testng.TestNG.runSuitesLocally(TestNG.java:1149)
	at org.testng.TestNG.run(TestNG.java:1057)
	at org.testng.remote.RemoteTestNG.run(RemoteTestNG.java:111)
	at org.testng.remote.RemoteTestNG.initAndRun(RemoteTestNG.java:204)
	at org.testng.remote.RemoteTestNG.main(RemoteTestNG.java:175)
Caused by: org.openqa.selenium.NoSuchWindowException: Window not found. The browser window may have been closed.
Build info: version: &apos;2.46.0&apos;, revision: &apos;87c69e2&apos;, time: &apos;2015-06-04 16:16:47&apos;
System info: host: &apos;VITRAMYAK&apos;, ip: &apos;192.168.21.104&apos;, os.name: &apos;Windows 7&apos;, os.arch: &apos;amd64&apos;, os.version: &apos;6.1&apos;, java.version: &apos;1.8.0_51&apos;
Driver info: driver.version: unknown
	at &lt;anonymous class&gt;.nsCommandProcessor.prototype.execute(file:///C:/Users/v-ramya.k/AppData/Local/Temp/anonymous2317928689543029291webdriver-profile/extensions/fxdriver@googlecode.com/components/command-processor.js:12350)
	at &lt;anonymous class&gt;.Dispatcher.executeAs/&lt;(file:///C:/Users/v-ramya.k/AppData/Local/Temp/anonymous2317928689543029291webdriver-profile/extensions/fxdriver@googlecode.com/components/driver-component.js:9089)
	at &lt;anonymous class&gt;.Resource.prototype.handle(file:///C:/Users/v-ramya.k/AppData/Local/Temp/anonymous2317928689543029291webdriver-profile/extensions/fxdriver@googlecode.com/components/driver-component.js:9236)
	at &lt;anonymous class&gt;.Dispatcher.prototype.dispatch(file:///C:/Users/v-ramya.k/AppData/Local/Temp/anonymous2317928689543029291webdriver-profile/extensions/fxdriver@googlecode.com/components/driver-component.js:9183)
	at &lt;anonymous class&gt;.WebDriverServer/&lt;.handle(file:///C:/Users/v-ramya.k/AppData/Local/Temp/anonymous2317928689543029291webdriver-profile/extensions/fxdriver@googlecode.com/components/driver-component.js:12136)
	at &lt;anonymous class&gt;.createHandlerFunc/&lt;(file:///C:/Users/v-ramya.k/AppData/Local/Temp/anonymous2317928689543029291webdriver-profile/extensions/fxdriver@googlecode.com/components/httpd.js:2054)
	at &lt;anonymous class&gt;.ServerHandler.prototype.handleResponse(file:///C:/Users/v-ramya.k/AppData/Local/Temp/anonymous2317928689543029291webdriver-profile/extensions/fxdriver@googlecode.com/components/httpd.js:2387)
	at &lt;anonymous class&gt;.Connection.prototype.process(file:///C:/Users/v-ramya.k/AppData/Local/Temp/anonymous2317928689543029291webdriver-profile/extensions/fxdriver@googlecode.com/components/httpd.js:1223)
	at &lt;anonymous class&gt;.RequestReader.prototype._handleResponse(file:///C:/Users/v-ramya.k/AppData/Local/Temp/anonymous2317928689543029291webdriver-profile/extensions/fxdriver@googlecode.com/components/httpd.js:1677)
	at &lt;anonymous class&gt;.RequestReader.prototype._processBody(file:///C:/Users/v-ramya.k/AppData/Local/Temp/anonymous2317928689543029291webdriver-profile/extensions/fxdriver@googlecode.com/components/httpd.js:1525)
	at &lt;anonymous class&gt;.RequestReader.prototype.onInputStreamReady(file:///C:/Users/v-ramya.k/AppData/Local/Temp/anonymous2317928689543029291webdriver-profile/extensions/fxdriver@googlecode.com/components/httpd.js:1393)
</pre></div></td>
<td>0</td>
<td>null</td></tr>
</table><p>
<table width='100%' border='1' class='invocation-skipped'>
<tr><td colspan='4' align='center'><b>SKIPPED TESTS</b></td></tr>
<tr><td><b>Test method</b></td>
<td width="30%"><b>Exception</b></td>
<td width="10%"><b>Time (seconds)</b></td>
<td><b>Instance</b></td>
</tr>
<tr>
<td title='com.specomm.adidas.executionflow.LoginCheckoutWithVisaCard.PaymentDetails()'><b>PaymentDetails</b><br>Test class: com.specomm.adidas.executionflow.LoginCheckoutWithVisaCard<br>Parameters: Visa, 4369589632556980, 04 - April, 2019.0, 896.0</td>
<td></td>
<td>0</td>
<td>com.specomm.adidas.executionflow.LoginCheckoutWithVisaCard@397fbdb</td></tr>
<tr>
<td title='com.specomm.adidas.executionflow.GuestCheckoutWithVisaCard.PaymentDetails()'><b>PaymentDetails</b><br>Test class: com.specomm.adidas.executionflow.GuestCheckoutWithVisaCard<br>Parameters: Visa, 4369589632556980, 04 - April, 2019.0, 896.0</td>
<td></td>
<td>0</td>
<td>com.specomm.adidas.executionflow.GuestCheckoutWithVisaCard@47eaca72</td></tr>
<tr>
<td title='com.specomm.adidas.executionflow.GuestCheckoutWithVisaCard.checkoutAsGuestUser()'><b>checkoutAsGuestUser</b><br>Test class: com.specomm.adidas.executionflow.GuestCheckoutWithVisaCard<br>Parameters: ramay@mailinator.com, Test$123</td>
<td></td>
<td>0</td>
<td>com.specomm.adidas.executionflow.GuestCheckoutWithVisaCard@47eaca72</td></tr>
<tr>
<td title='com.specomm.adidas.executionflow.LoginCheckoutWithVisaCard.checkoutAsloginUser()'><b>checkoutAsloginUser</b><br>Test class: com.specomm.adidas.executionflow.LoginCheckoutWithVisaCard<br>Parameters: ramay@mailinator.com, Test$123</td>
<td></td>
<td>0</td>
<td>com.specomm.adidas.executionflow.LoginCheckoutWithVisaCard@397fbdb</td></tr>
<tr>
<td title='com.specomm.adidas.executionflow.LoginCheckoutWithVisaCard.shipDetails()'><b>shipDetails</b><br>Test class: com.specomm.adidas.executionflow.LoginCheckoutWithVisaCard<br>Parameters: Ramya, Sudhakar, 9236856963, 56 Tanglin Road, Singapore, 247964, 10, 10, 1986</td>
<td></td>
<td>0</td>
<td>com.specomm.adidas.executionflow.LoginCheckoutWithVisaCard@397fbdb</td></tr>
<tr>
<td title='com.specomm.adidas.executionflow.GuestCheckoutWithVisaCard.shipDetails()'><b>shipDetails</b><br>Test class: com.specomm.adidas.executionflow.GuestCheckoutWithVisaCard<br>Parameters: Ramya, Sudhakar, 9236856963, 56 Tanglin Road, Singapore, 247964, 10, 10, 1986</td>
<td></td>
<td>0</td>
<td>com.specomm.adidas.executionflow.GuestCheckoutWithVisaCard@47eaca72</td></tr>
</table><p>
</body>
</html>