<?xml version="1.0" encoding="UTF-8"?>
<!-- Generated by org.testng.reporters.JUnitXMLReporter -->
<testsuite hostname="VITRAMYAK" name="Singapore Post GuestCheckOutFlows" tests="3" failures="0" timestamp="11 Sep 2015 11:55:48 GMT" time="117.105" errors="0">
  <testcase name="checkoutAsGuestUser" time="53.319" classname="com.specomm.adidas.executionflow.GuestCheckoutWithVisaCard"/>
  <testcase name="shipDetails" time="20.186" classname="com.specomm.adidas.executionflow.GuestCheckoutWithVisaCard"/>
  <testcase name="PaymentDetails" time="29.096" classname="com.specomm.adidas.executionflow.GuestCheckoutWithVisaCard"/>
</testsuite> <!-- Singapore Post GuestCheckOutFlows -->
