<?xml version="1.0" encoding="UTF-8"?>
<testng-results skipped="0" failed="0" total="1" passed="1">
  <reporter-output>
  </reporter-output>
  <suite name="Default suite" duration-ms="73831" started-at="2016-04-21T08:41:36Z" finished-at="2016-04-21T08:42:50Z">
    <groups>
    </groups>
    <test name="Default test" duration-ms="73831" started-at="2016-04-21T08:41:36Z" finished-at="2016-04-21T08:42:50Z">
      <class name="BillPaymentTest">
        <test-method status="PASS" signature="beforeMethod(java.lang.reflect.Method)[pri:0, instance:BillPaymentTest@660b27]" name="beforeMethod" is-config="true" duration-ms="24437" started-at="2016-04-21T14:11:36Z" finished-at="2016-04-21T14:12:01Z">
          <params>
            <param index="0">
              <value>
                <![CDATA[public void BillPaymentTest.billPayTest() throws org.sikuli.script.FindFailed,java.lang.InterruptedException]]>
              </value>
            </param>
          </params>
          <reporter-output>
          </reporter-output>
        </test-method> <!-- beforeMethod -->
        <test-method status="PASS" signature="billPayTest()[pri:0, instance:BillPaymentTest@660b27]" name="billPayTest" duration-ms="49284" started-at="2016-04-21T14:12:01Z" finished-at="2016-04-21T14:12:50Z">
          <reporter-output>
          </reporter-output>
        </test-method> <!-- billPayTest -->
      </class> <!-- BillPaymentTest -->
    </test> <!-- Default test -->
  </suite> <!-- Default suite -->
</testng-results>
