<?xml version="1.0" encoding="UTF-8"?>
<testng-results skipped="1" failed="0" total="1" passed="0">
  <reporter-output>
    <line>
      <![CDATA[***** Error priceValidate test has Skipped *****]]>
    </line>
  </reporter-output>
  <suite name="Sinpost_Ecommerce_Suite" duration-ms="9693" started-at="2016-06-29T04:03:23Z" finished-at="2016-06-29T04:03:32Z">
    <groups>
    </groups>
    <test name="Adidas-Price Validation Module" duration-ms="9693" started-at="2016-06-29T04:03:23Z" finished-at="2016-06-29T04:03:32Z">
      <class name="com.specomm.adidas.pricevalidation.PriceValidation">
        <test-method status="FAIL" signature="setUp()[pri:0, instance:com.specomm.adidas.pricevalidation.PriceValidation@14df53]" name="setUp" is-config="true" duration-ms="0" started-at="2016-06-29T09:33:23Z" finished-at="2016-06-29T09:33:23Z">
          <exception class="java.lang.NullPointerException">
            <full-stacktrace>
              <![CDATA[java.lang.NullPointerException
	at java.io.FileInputStream.<init>(FileInputStream.java:138)
	at java.io.FileInputStream.<init>(FileInputStream.java:101)
	at com.specomm.adidas.common.utils.ReusableActions.loadPropFileValues(ReusableActions.java:522)
	at com.specomm.adidas.pricevalidation.PriceValidation.setUp(PriceValidation.java:38)
	at sun.reflect.NativeMethodAccessorImpl.invoke0(Native Method)
	at sun.reflect.NativeMethodAccessorImpl.invoke(NativeMethodAccessorImpl.java:57)
	at sun.reflect.DelegatingMethodAccessorImpl.invoke(DelegatingMethodAccessorImpl.java:43)
	at java.lang.reflect.Method.invoke(Method.java:606)
	at org.testng.internal.MethodInvocationHelper.invokeMethod(MethodInvocationHelper.java:80)
	at org.testng.internal.Invoker.invokeConfigurationMethod(Invoker.java:564)
	at org.testng.internal.Invoker.invokeConfigurations(Invoker.java:213)
	at org.testng.internal.Invoker.invokeConfigurations(Invoker.java:138)
	at org.testng.internal.TestMethodWorker.invokeBeforeClassMethods(TestMethodWorker.java:175)
	at org.testng.internal.TestMethodWorker.run(TestMethodWorker.java:107)
	at org.testng.TestRunner.privateRun(TestRunner.java:767)
	at org.testng.TestRunner.run(TestRunner.java:617)
	at org.testng.SuiteRunner.runTest(SuiteRunner.java:334)
	at org.testng.SuiteRunner.runSequentially(SuiteRunner.java:329)
	at org.testng.SuiteRunner.privateRun(SuiteRunner.java:291)
	at org.testng.SuiteRunner.run(SuiteRunner.java:240)
	at org.testng.SuiteRunnerWorker.runSuite(SuiteRunnerWorker.java:52)
	at org.testng.SuiteRunnerWorker.run(SuiteRunnerWorker.java:86)
	at org.testng.TestNG.runSuitesSequentially(TestNG.java:1198)
	at org.testng.TestNG.runSuitesLocally(TestNG.java:1123)
	at org.testng.TestNG.run(TestNG.java:1031)
	at org.apache.maven.surefire.testng.TestNGExecutor.run(TestNGExecutor.java:178)
	at org.apache.maven.surefire.testng.TestNGXmlTestSuite.execute(TestNGXmlTestSuite.java:92)
	at org.apache.maven.surefire.testng.TestNGProvider.invoke(TestNGProvider.java:96)
	at sun.reflect.NativeMethodAccessorImpl.invoke0(Native Method)
	at sun.reflect.NativeMethodAccessorImpl.invoke(NativeMethodAccessorImpl.java:57)
	at sun.reflect.DelegatingMethodAccessorImpl.invoke(DelegatingMethodAccessorImpl.java:43)
	at java.lang.reflect.Method.invoke(Method.java:606)
	at org.apache.maven.surefire.util.ReflectionUtils.invokeMethodWithArray2(ReflectionUtils.java:208)
	at org.apache.maven.surefire.booter.ProviderFactory$ProviderProxy.invoke(ProviderFactory.java:158)
	at org.apache.maven.surefire.booter.ProviderFactory.invokeProvider(ProviderFactory.java:86)
	at org.apache.maven.surefire.booter.ForkedBooter.runSuitesInProcess(ForkedBooter.java:153)
	at org.apache.maven.surefire.booter.ForkedBooter.main(ForkedBooter.java:95)
]]>
            </full-stacktrace>
          </exception> <!-- java.lang.NullPointerException -->
          <reporter-output>
          </reporter-output>
        </test-method> <!-- setUp -->
        <test-method status="SKIP" signature="priceValidate()[pri:0, instance:com.specomm.adidas.pricevalidation.PriceValidation@14df53]" name="priceValidate" duration-ms="1" started-at="2016-06-29T09:33:32Z" finished-at="2016-06-29T09:33:32Z">
          <reporter-output>
          </reporter-output>
        </test-method> <!-- priceValidate -->
        <test-method status="SKIP" signature="quitDriver()[pri:0, instance:com.specomm.adidas.pricevalidation.PriceValidation@14df53]" name="quitDriver" is-config="true" duration-ms="0" started-at="2016-06-29T09:33:32Z" finished-at="2016-06-29T09:33:32Z">
          <reporter-output>
          </reporter-output>
        </test-method> <!-- quitDriver -->
      </class> <!-- com.specomm.adidas.pricevalidation.PriceValidation -->
    </test> <!-- Adidas-Price Validation Module -->
  </suite> <!-- Sinpost_Ecommerce_Suite -->
</testng-results>
