<?xml version="1.0" encoding="UTF-8" ?>
<testsuite failures="1" time="10.279" errors="0" skipped="2" tests="3" name="TestSuite">
  <properties>
[...]
</properties>
  <testcase time="10.277" classname="com.specomm.adidas.pricevalidation.PriceValidation" name="setUp">
    <failure type="java.lang.NullPointerException:">java.lang.NullPointerException: null
	at java.io.FileInputStream.&lt;init&gt;(FileInputStream.java:138)
	at java.io.FileInputStream.&lt;init&gt;(FileInputStream.java:101)
	at com.specomm.adidas.common.utils.ReusableActions.loadPropFileValues(ReusableActions.java:522)
	at com.specomm.adidas.pricevalidation.PriceValidation.setUp(PriceValidation.java:38)
</failure>
    <system-out>configpath::::::::null
</system-out>
  </testcase>
  <testcase time="0" classname="com.specomm.adidas.pricevalidation.PriceValidation" name="priceValidate">
    <skipped/>
  </testcase>
  <testcase time="0.002" classname="com.specomm.adidas.pricevalidation.PriceValidation" name="quitDriver">
    <skipped/>
    <system-out>***** Error priceValidate test has Skipped *****
</system-out>
  </testcase>
</testsuite>