<?xml version="1.0" encoding="UTF-8"?>
<!-- Generated by org.testng.reporters.JUnitXMLReporter -->
<testsuite hostname="GOT500VI73546" ignored="38" name="ADMIN_FLOW" tests="6" failures="0" timestamp="23 Oct 2018 09:32:47 GMT" time="315.525" errors="0">
  <testcase name="ADMIN_SCANNEDGOODS" time="39.381" classname="com.volvo.mfg.StepDefinition.DriverSuite"/>
  <testcase name="CONTROL_PARAMETER" time="58.856" classname="com.volvo.mfg.StepDefinition.DriverSuite"/>
  <testcase name="TEST_PRINTER" time="6.95" classname="com.volvo.mfg.StepDefinition.DriverSuite"/>
  <testcase name="ADMIN_MANAGEALARMS" time="9.347" classname="com.volvo.mfg.StepDefinition.DriverSuite"/>
  <testcase name="ADMIN_MANAGEALARMIDS" time="45.469" classname="com.volvo.mfg.StepDefinition.DriverSuite"/>
  <testcase name="ADMIN_SHOWTASK" time="128.134" classname="com.volvo.mfg.StepDefinition.DriverSuite"/>
  <testcase name="Vclas_Adminstration_Tab_Parts_Functionality" time="0.0" classname="com.volvo.mfg.StepDefinition.DriverSuite">
    <ignored/>
  </testcase> <!-- Vclas_Adminstration_Tab_Parts_Functionality -->
  <testcase name="ReportsTabFunctionality" time="0.0" classname="com.volvo.mfg.StepDefinition.DriverSuite">
    <ignored/>
  </testcase> <!-- ReportsTabFunctionality -->
  <testcase name="Vclas_ReleaseNotes" time="0.0" classname="com.volvo.mfg.StepDefinition.DriverSuite">
    <ignored/>
  </testcase> <!-- Vclas_ReleaseNotes -->
  <testcase name="TUGGER_SHORTAGE_DELIVERY" time="0.0" classname="com.volvo.mfg.StepDefinition.DriverSuite">
    <ignored/>
  </testcase> <!-- TUGGER_SHORTAGE_DELIVERY -->
  <testcase name="AGV_ASSIGNMENTLIST_DELIVERY" time="0.0" classname="com.volvo.mfg.StepDefinition.DriverSuite">
    <ignored/>
  </testcase> <!-- AGV_ASSIGNMENTLIST_DELIVERY -->
  <testcase name="V90_DELIVERV90TASKS" time="0.0" classname="com.volvo.mfg.StepDefinition.DriverSuite">
    <ignored/>
  </testcase> <!-- V90_DELIVERV90TASKS -->
  <testcase name="JISJIT_TUGGER" time="0.0" classname="com.volvo.mfg.StepDefinition.DriverSuite">
    <ignored/>
  </testcase> <!-- JISJIT_TUGGER -->
  <testcase name="TUGGER" time="0.0" classname="com.volvo.mfg.StepDefinition.DriverSuite">
    <ignored/>
  </testcase> <!-- TUGGER -->
  <testcase name="V60_RepairStation" time="0.0" classname="com.volvo.mfg.StepDefinition.DriverSuite">
    <ignored/>
  </testcase> <!-- V60_RepairStation -->
  <testcase name="AGV_Inactive_Order_Creation" time="0.0" classname="com.volvo.mfg.StepDefinition.DriverSuite">
    <ignored/>
  </testcase> <!-- AGV_Inactive_Order_Creation -->
  <testcase name="Vclas_Adminstration_Tab_User_Functionality" time="0.0" classname="com.volvo.mfg.StepDefinition.DriverSuite">
    <ignored/>
  </testcase> <!-- Vclas_Adminstration_Tab_User_Functionality -->
  <testcase name="Vclas_Nodes_MovebuttonVerify" time="0.0" classname="com.volvo.mfg.StepDefinition.DriverSuite">
    <ignored/>
  </testcase> <!-- Vclas_Nodes_MovebuttonVerify -->
  <testcase name="Vclas_TransportSection" time="0.0" classname="com.volvo.mfg.StepDefinition.DriverSuite">
    <ignored/>
  </testcase> <!-- Vclas_TransportSection -->
  <testcase name="AGV_INPROGRESS_DELIVERY" time="0.0" classname="com.volvo.mfg.StepDefinition.DriverSuite">
    <ignored/>
  </testcase> <!-- AGV_INPROGRESS_DELIVERY -->
  <testcase name="AGV_PlanningStatus_AL_DELIVERY" time="0.0" classname="com.volvo.mfg.StepDefinition.DriverSuite">
    <ignored/>
  </testcase> <!-- AGV_PlanningStatus_AL_DELIVERY -->
  <testcase name="Vclas_Adminstration_Tab_Health_Check_Functionality" time="0.0" classname="com.volvo.mfg.StepDefinition.DriverSuite">
    <ignored/>
  </testcase> <!-- Vclas_Adminstration_Tab_Health_Check_Functionality -->
  <testcase name="Vclas_Adminstration_Tab_Rooms_Functionality" time="0.0" classname="com.volvo.mfg.StepDefinition.DriverSuite">
    <ignored/>
  </testcase> <!-- Vclas_Adminstration_Tab_Rooms_Functionality -->
  <testcase name="Production_Controlcodes" time="0.0" classname="com.volvo.mfg.StepDefinition.DriverSuite">
    <ignored/>
  </testcase> <!-- Production_Controlcodes -->
  <testcase name="Vclas_Adminstration_Tab_Nodes_Functionality" time="0.0" classname="com.volvo.mfg.StepDefinition.DriverSuite">
    <ignored/>
  </testcase> <!-- Vclas_Adminstration_Tab_Nodes_Functionality -->
  <testcase name="Vclas_NodesType" time="0.0" classname="com.volvo.mfg.StepDefinition.DriverSuite">
    <ignored/>
  </testcase> <!-- Vclas_NodesType -->
  <testcase name="Vclas_Adminstration_Tab_DB_Constant_Functionality" time="0.0" classname="com.volvo.mfg.StepDefinition.DriverSuite">
    <ignored/>
  </testcase> <!-- Vclas_Adminstration_Tab_DB_Constant_Functionality -->
  <testcase name="AGV_Reserve_Order_Creation" time="0.0" classname="com.volvo.mfg.StepDefinition.DriverSuite">
    <ignored/>
  </testcase> <!-- AGV_Reserve_Order_Creation -->
  <testcase name="V60_NormalStation" time="0.0" classname="com.volvo.mfg.StepDefinition.DriverSuite">
    <ignored/>
  </testcase> <!-- V60_NormalStation -->
  <testcase name="LDJIT_TRAILER_GR_DbINSERTION" time="0.0" classname="com.volvo.mfg.StepDefinition.DriverSuite">
    <ignored/>
  </testcase> <!-- LDJIT_TRAILER_GR_DbINSERTION -->
  <testcase name="JISJIT_TUGGER_GR" time="0.0" classname="com.volvo.mfg.StepDefinition.DriverSuite">
    <ignored/>
  </testcase> <!-- JISJIT_TUGGER_GR -->
  <testcase name="AGV_Picking_Multiple_Assignments_delivery" time="0.0" classname="com.volvo.mfg.StepDefinition.DriverSuite">
    <ignored/>
  </testcase> <!-- AGV_Picking_Multiple_Assignments_delivery -->
  <testcase name="SIMULATOR" time="0.0" classname="com.volvo.mfg.StepDefinition.DriverSuite">
    <ignored/>
  </testcase> <!-- SIMULATOR -->
  <testcase name="AGV_RACKCHANGER_INVALID_INPUT" time="0.0" classname="com.volvo.mfg.StepDefinition.DriverSuite">
    <ignored/>
  </testcase> <!-- AGV_RACKCHANGER_INVALID_INPUT -->
  <testcase name="Production_Plockan" time="0.0" classname="com.volvo.mfg.StepDefinition.DriverSuite">
    <ignored/>
  </testcase> <!-- Production_Plockan -->
  <testcase name="JISJIT_TUGGER_DUMMY_ASN" time="0.0" classname="com.volvo.mfg.StepDefinition.DriverSuite">
    <ignored/>
  </testcase> <!-- JISJIT_TUGGER_DUMMY_ASN -->
  <testcase name="Production_Consumption" time="0.0" classname="com.volvo.mfg.StepDefinition.DriverSuite">
    <ignored/>
  </testcase> <!-- Production_Consumption -->
  <testcase name="AGV_SHORTAGE_DELIVERY" time="0.0" classname="com.volvo.mfg.StepDefinition.DriverSuite">
    <ignored/>
  </testcase> <!-- AGV_SHORTAGE_DELIVERY -->
  <testcase name="LDJIT_TRAILER" time="0.0" classname="com.volvo.mfg.StepDefinition.DriverSuite">
    <ignored/>
  </testcase> <!-- LDJIT_TRAILER -->
  <testcase name="Vclas_Assignments_Functionality" time="0.0" classname="com.volvo.mfg.StepDefinition.DriverSuite">
    <ignored/>
  </testcase> <!-- Vclas_Assignments_Functionality -->
  <testcase name="Vclas_Adminstration_Tab_TAT_Functionality" time="0.0" classname="com.volvo.mfg.StepDefinition.DriverSuite">
    <ignored/>
  </testcase> <!-- Vclas_Adminstration_Tab_TAT_Functionality -->
  <testcase name="TUGGER_ASSIGNMENT_DELIVERY" time="0.0" classname="com.volvo.mfg.StepDefinition.DriverSuite">
    <ignored/>
  </testcase> <!-- TUGGER_ASSIGNMENT_DELIVERY -->
  <testcase name="BLUEBOX" time="0.0" classname="com.volvo.mfg.StepDefinition.DriverSuite">
    <ignored/>
  </testcase> <!-- BLUEBOX -->
  <testcase name="Production_LocationCode" time="0.0" classname="com.volvo.mfg.StepDefinition.DriverSuite">
    <ignored/>
  </testcase> <!-- Production_LocationCode -->
</testsuite> <!-- ADMIN_FLOW -->
