<?xml version="1.0" encoding="UTF-8"?>
<testng-results skipped="0" failed="1" ignored="81" total="88" passed="6">
  <reporter-output>
  </reporter-output>
  <suite name="Suite" duration-ms="575665" started-at="2018-10-24T06:34:12Z" finished-at="2018-10-24T06:43:47Z">
    <groups>
    </groups>
    <test name="ADMIN_FLOW" duration-ms="403683" started-at="2018-10-24T06:34:12Z" finished-at="2018-10-24T06:40:55Z">
      <class name="com.volvo.mfg.StepDefinition.DriverSuite">
        <test-method status="PASS" signature="beforeTest()[pri:0, instance:com.volvo.mfg.StepDefinition.DriverSuite@6a4f787b]" name="beforeTest" is-config="true" duration-ms="20088" started-at="2018-10-24T12:04:12Z" finished-at="2018-10-24T12:04:32Z">
          <reporter-output>
          </reporter-output>
        </test-method> <!-- beforeTest -->
        <test-method status="PASS" signature="beforeMethod(java.lang.String, java.lang.reflect.Method, org.testng.ITestContext)[pri:0, instance:com.volvo.mfg.StepDefinition.DriverSuite@6a4f787b]" name="beforeMethod" is-config="true" duration-ms="47" started-at="2018-10-24T12:04:32Z" finished-at="2018-10-24T12:04:32Z">
          <params>
            <param index="0">
              <value>
                <![CDATA[Admin_ScannedGoods]]>
              </value>
            </param>
            <param index="1">
              <value>
                <![CDATA[public void com.volvo.mfg.StepDefinition.DriverSuite.ADMIN_SCANNEDGOODS(java.lang.String)]]>
              </value>
            </param>
            <param index="2">
              <value>
                <![CDATA[org.testng.TestRunner@16ac5d35]]>
              </value>
            </param>
          </params>
          <reporter-output>
          </reporter-output>
        </test-method> <!-- beforeMethod -->
        <test-method status="PASS" signature="ADMIN_SCANNEDGOODS(java.lang.String)[pri:0, instance:com.volvo.mfg.StepDefinition.DriverSuite@6a4f787b]" name="ADMIN_SCANNEDGOODS" duration-ms="40223" started-at="2018-10-24T12:04:32Z" description="ADMIN Pages End-to-End flow" finished-at="2018-10-24T12:05:12Z">
          <params>
            <param index="0">
              <value>
                <![CDATA[Admin_ScannedGoods]]>
              </value>
            </param>
          </params>
          <reporter-output>
          </reporter-output>
        </test-method> <!-- ADMIN_SCANNEDGOODS -->
        <test-method status="PASS" signature="beforeMethod(java.lang.String, java.lang.reflect.Method, org.testng.ITestContext)[pri:0, instance:com.volvo.mfg.StepDefinition.DriverSuite@6a4f787b]" name="beforeMethod" is-config="true" duration-ms="0" started-at="2018-10-24T12:05:12Z" finished-at="2018-10-24T12:05:12Z">
          <params>
            <param index="0">
              <value>
                <![CDATA[Admin_ControlParameter]]>
              </value>
            </param>
            <param index="1">
              <value>
                <![CDATA[public void com.volvo.mfg.StepDefinition.DriverSuite.CONTROL_PARAMETER(java.lang.String)]]>
              </value>
            </param>
            <param index="2">
              <value>
                <![CDATA[org.testng.TestRunner@16ac5d35]]>
              </value>
            </param>
          </params>
          <reporter-output>
          </reporter-output>
        </test-method> <!-- beforeMethod -->
        <test-method status="PASS" signature="CONTROL_PARAMETER(java.lang.String)[pri:0, instance:com.volvo.mfg.StepDefinition.DriverSuite@6a4f787b]" name="CONTROL_PARAMETER" duration-ms="150099" started-at="2018-10-24T12:05:12Z" description="Admin End-to-End flow" finished-at="2018-10-24T12:07:42Z">
          <params>
            <param index="0">
              <value>
                <![CDATA[Admin_ControlParameter]]>
              </value>
            </param>
          </params>
          <reporter-output>
          </reporter-output>
        </test-method> <!-- CONTROL_PARAMETER -->
        <test-method status="PASS" signature="afterMethod()[pri:0, instance:com.volvo.mfg.StepDefinition.DriverSuite@6a4f787b]" name="afterMethod" is-config="true" duration-ms="0" started-at="2018-10-24T12:05:12Z" finished-at="2018-10-24T12:05:12Z">
          <reporter-output>
          </reporter-output>
        </test-method> <!-- afterMethod -->
        <test-method status="PASS" signature="afterMethod()[pri:0, instance:com.volvo.mfg.StepDefinition.DriverSuite@6a4f787b]" name="afterMethod" is-config="true" duration-ms="0" started-at="2018-10-24T12:07:42Z" finished-at="2018-10-24T12:07:42Z">
          <reporter-output>
          </reporter-output>
        </test-method> <!-- afterMethod -->
        <test-method status="PASS" signature="TEST_PRINTER(java.lang.String)[pri:0, instance:com.volvo.mfg.StepDefinition.DriverSuite@6a4f787b]" name="TEST_PRINTER" duration-ms="6948" started-at="2018-10-24T12:07:42Z" description="Admin End-to-End flow" finished-at="2018-10-24T12:07:49Z">
          <params>
            <param index="0">
              <value>
                <![CDATA[Admin_TestPrinter]]>
              </value>
            </param>
          </params>
          <reporter-output>
          </reporter-output>
        </test-method> <!-- TEST_PRINTER -->
        <test-method status="PASS" signature="beforeMethod(java.lang.String, java.lang.reflect.Method, org.testng.ITestContext)[pri:0, instance:com.volvo.mfg.StepDefinition.DriverSuite@6a4f787b]" name="beforeMethod" is-config="true" duration-ms="0" started-at="2018-10-24T12:07:42Z" finished-at="2018-10-24T12:07:42Z">
          <params>
            <param index="0">
              <value>
                <![CDATA[Admin_TestPrinter]]>
              </value>
            </param>
            <param index="1">
              <value>
                <![CDATA[public void com.volvo.mfg.StepDefinition.DriverSuite.TEST_PRINTER(java.lang.String)]]>
              </value>
            </param>
            <param index="2">
              <value>
                <![CDATA[org.testng.TestRunner@16ac5d35]]>
              </value>
            </param>
          </params>
          <reporter-output>
          </reporter-output>
        </test-method> <!-- beforeMethod -->
        <test-method status="PASS" signature="ADMIN_MANAGEALARMS(java.lang.String)[pri:0, instance:com.volvo.mfg.StepDefinition.DriverSuite@6a4f787b]" name="ADMIN_MANAGEALARMS" duration-ms="9054" started-at="2018-10-24T12:07:49Z" description="ADMIN Pages End-to-End flow" finished-at="2018-10-24T12:07:58Z">
          <params>
            <param index="0">
              <value>
                <![CDATA[Admin_ManageAlarms]]>
              </value>
            </param>
          </params>
          <reporter-output>
          </reporter-output>
        </test-method> <!-- ADMIN_MANAGEALARMS -->
        <test-method status="PASS" signature="beforeMethod(java.lang.String, java.lang.reflect.Method, org.testng.ITestContext)[pri:0, instance:com.volvo.mfg.StepDefinition.DriverSuite@6a4f787b]" name="beforeMethod" is-config="true" duration-ms="0" started-at="2018-10-24T12:07:49Z" finished-at="2018-10-24T12:07:49Z">
          <params>
            <param index="0">
              <value>
                <![CDATA[Admin_ManageAlarms]]>
              </value>
            </param>
            <param index="1">
              <value>
                <![CDATA[public void com.volvo.mfg.StepDefinition.DriverSuite.ADMIN_MANAGEALARMS(java.lang.String)]]>
              </value>
            </param>
            <param index="2">
              <value>
                <![CDATA[org.testng.TestRunner@16ac5d35]]>
              </value>
            </param>
          </params>
          <reporter-output>
          </reporter-output>
        </test-method> <!-- beforeMethod -->
        <test-method status="PASS" signature="afterMethod()[pri:0, instance:com.volvo.mfg.StepDefinition.DriverSuite@6a4f787b]" name="afterMethod" is-config="true" duration-ms="0" started-at="2018-10-24T12:07:49Z" finished-at="2018-10-24T12:07:49Z">
          <reporter-output>
          </reporter-output>
        </test-method> <!-- afterMethod -->
        <test-method status="PASS" signature="afterMethod()[pri:0, instance:com.volvo.mfg.StepDefinition.DriverSuite@6a4f787b]" name="afterMethod" is-config="true" duration-ms="0" started-at="2018-10-24T12:07:58Z" finished-at="2018-10-24T12:07:58Z">
          <reporter-output>
          </reporter-output>
        </test-method> <!-- afterMethod -->
        <test-method status="PASS" signature="beforeMethod(java.lang.String, java.lang.reflect.Method, org.testng.ITestContext)[pri:0, instance:com.volvo.mfg.StepDefinition.DriverSuite@6a4f787b]" name="beforeMethod" is-config="true" duration-ms="1" started-at="2018-10-24T12:07:58Z" finished-at="2018-10-24T12:07:58Z">
          <params>
            <param index="0">
              <value>
                <![CDATA[Admin_ManageAlarms]]>
              </value>
            </param>
            <param index="1">
              <value>
                <![CDATA[public void com.volvo.mfg.StepDefinition.DriverSuite.ADMIN_MANAGEALARMIDS(java.lang.String)]]>
              </value>
            </param>
            <param index="2">
              <value>
                <![CDATA[org.testng.TestRunner@16ac5d35]]>
              </value>
            </param>
          </params>
          <reporter-output>
          </reporter-output>
        </test-method> <!-- beforeMethod -->
        <test-method status="PASS" signature="ADMIN_MANAGEALARMIDS(java.lang.String)[pri:0, instance:com.volvo.mfg.StepDefinition.DriverSuite@6a4f787b]" name="ADMIN_MANAGEALARMIDS" duration-ms="46813" started-at="2018-10-24T12:07:58Z" description="ADMIN Pages End-to-End flow" finished-at="2018-10-24T12:08:45Z">
          <params>
            <param index="0">
              <value>
                <![CDATA[Admin_ManageAlarms]]>
              </value>
            </param>
          </params>
          <reporter-output>
          </reporter-output>
        </test-method> <!-- ADMIN_MANAGEALARMIDS -->
        <test-method status="PASS" signature="afterMethod()[pri:0, instance:com.volvo.mfg.StepDefinition.DriverSuite@6a4f787b]" name="afterMethod" is-config="true" duration-ms="0" started-at="2018-10-24T12:08:45Z" finished-at="2018-10-24T12:08:45Z">
          <reporter-output>
          </reporter-output>
        </test-method> <!-- afterMethod -->
        <test-method status="PASS" signature="beforeMethod(java.lang.String, java.lang.reflect.Method, org.testng.ITestContext)[pri:0, instance:com.volvo.mfg.StepDefinition.DriverSuite@6a4f787b]" name="beforeMethod" is-config="true" duration-ms="1" started-at="2018-10-24T12:08:45Z" finished-at="2018-10-24T12:08:45Z">
          <params>
            <param index="0">
              <value>
                <![CDATA[Admin_ShowTask]]>
              </value>
            </param>
            <param index="1">
              <value>
                <![CDATA[public void com.volvo.mfg.StepDefinition.DriverSuite.ADMIN_SHOWTASK(java.lang.String)]]>
              </value>
            </param>
            <param index="2">
              <value>
                <![CDATA[org.testng.TestRunner@16ac5d35]]>
              </value>
            </param>
          </params>
          <reporter-output>
          </reporter-output>
        </test-method> <!-- beforeMethod -->
        <test-method status="PASS" signature="ADMIN_SHOWTASK(java.lang.String)[pri:0, instance:com.volvo.mfg.StepDefinition.DriverSuite@6a4f787b]" name="ADMIN_SHOWTASK" duration-ms="128673" started-at="2018-10-24T12:08:45Z" description="Admin End-to-End flow" finished-at="2018-10-24T12:10:54Z">
          <params>
            <param index="0">
              <value>
                <![CDATA[Admin_ShowTask]]>
              </value>
            </param>
          </params>
          <reporter-output>
          </reporter-output>
        </test-method> <!-- ADMIN_SHOWTASK -->
        <test-method status="PASS" signature="afterMethod()[pri:0, instance:com.volvo.mfg.StepDefinition.DriverSuite@6a4f787b]" name="afterMethod" is-config="true" duration-ms="0" started-at="2018-10-24T12:10:54Z" finished-at="2018-10-24T12:10:54Z">
          <reporter-output>
          </reporter-output>
        </test-method> <!-- afterMethod -->
        <test-method status="PASS" signature="afterTest()[pri:0, instance:com.volvo.mfg.StepDefinition.DriverSuite@6a4f787b]" name="afterTest" is-config="true" duration-ms="1670" started-at="2018-10-24T12:10:54Z" finished-at="2018-10-24T12:10:55Z">
          <reporter-output>
          </reporter-output>
        </test-method> <!-- afterTest -->
      </class> <!-- com.volvo.mfg.StepDefinition.DriverSuite -->
    </test> <!-- ADMIN_FLOW -->
    <test name="Tugger_FLOW" duration-ms="171887" started-at="2018-10-24T06:40:55Z" finished-at="2018-10-24T06:43:47Z">
      <class name="com.volvo.mfg.StepDefinition.DriverSuite">
        <test-method status="PASS" signature="beforeSuite()[pri:0, instance:com.volvo.mfg.StepDefinition.DriverSuite@553f17c]" name="beforeSuite" is-config="true" duration-ms="779" started-at="2018-10-24T12:04:11Z" finished-at="2018-10-24T12:04:12Z">
          <reporter-output>
          </reporter-output>
        </test-method> <!-- beforeSuite -->
        <test-method status="PASS" signature="beforeTest()[pri:0, instance:com.volvo.mfg.StepDefinition.DriverSuite@553f17c]" name="beforeTest" is-config="true" duration-ms="22060" started-at="2018-10-24T12:10:55Z" finished-at="2018-10-24T12:11:17Z">
          <reporter-output>
          </reporter-output>
        </test-method> <!-- beforeTest -->
        <test-method status="PASS" signature="beforeMethod(java.lang.String, java.lang.reflect.Method, org.testng.ITestContext)[pri:0, instance:com.volvo.mfg.StepDefinition.DriverSuite@553f17c]" name="beforeMethod" is-config="true" duration-ms="16" started-at="2018-10-24T12:11:18Z" finished-at="2018-10-24T12:11:18Z">
          <params>
            <param index="0">
              <value>
                <![CDATA[vclass_01]]>
              </value>
            </param>
            <param index="1">
              <value>
                <![CDATA[public void com.volvo.mfg.StepDefinition.DriverSuite.TUGGER(java.lang.String)]]>
              </value>
            </param>
            <param index="2">
              <value>
                <![CDATA[org.testng.TestRunner@3965bdf9]]>
              </value>
            </param>
          </params>
          <reporter-output>
          </reporter-output>
        </test-method> <!-- beforeMethod -->
        <test-method status="FAIL" signature="TUGGER(java.lang.String)[pri:0, instance:com.volvo.mfg.StepDefinition.DriverSuite@553f17c]" name="TUGGER" duration-ms="149567" started-at="2018-10-24T12:11:18Z" description="Tugger End-to-End flow" finished-at="2018-10-24T12:13:47Z">
          <params>
            <param index="0">
              <value>
                <![CDATA[vclass_01]]>
              </value>
            </param>
          </params>
          <exception class="java.lang.StackOverflowError">
            <full-stacktrace>
              <![CDATA[java.lang.StackOverflowErrorat java.security.AccessController.doPrivileged(Native Method)at org.apache.commons.logging.LogFactory.getContextClassLoaderInternal(LogFactory.java:808)at org.apache.commons.logging.LogFactory.getFactory(LogFactory.java:419)at org.apache.commons.logging.LogFactory.getLog(LogFactory.java:655)at org.apache.http.impl.conn.DefaultHttpResponseParser.<init>(DefaultHttpResponseParser.java:59)at org.apache.http.impl.conn.DefaultHttpResponseParserFactory.create(DefaultHttpResponseParserFactory.java:76)at org.apache.http.impl.DefaultBHttpClientConnection.<init>(DefaultBHttpClientConnection.java:99)at org.apache.http.impl.conn.DefaultManagedHttpClientConnection.<init>(DefaultManagedHttpClientConnection.java:74)at org.apache.http.impl.conn.LoggingManagedHttpClientConnection.<init>(LoggingManagedHttpClientConnection.java:66)at org.apache.http.impl.conn.ManagedHttpClientConnectionFactory.create(ManagedHttpClientConnectionFactory.java:127)at org.apache.http.impl.conn.ManagedHttpClientConnectionFactory.create(ManagedHttpClientConnectionFactory.java:57)at org.apache.http.impl.conn.PoolingHttpClientConnectionManager$InternalConnectionFactory.create(PoolingHttpClientConnectionManager.java:605)at org.apache.http.impl.conn.PoolingHttpClientConnectionManager$InternalConnectionFactory.create(PoolingHttpClientConnectionManager.java:576)at org.apache.http.pool.AbstractConnPool.getPoolEntryBlocking(AbstractConnPool.java:360)at org.apache.http.pool.AbstractConnPool.access$200(AbstractConnPool.java:67)at org.apache.http.pool.AbstractConnPool$2.get(AbstractConnPool.java:243)at org.apache.http.pool.AbstractConnPool$2.get(AbstractConnPool.java:191)at org.apache.http.impl.conn.PoolingHttpClientConnectionManager.leaseConnection(PoolingHttpClientConnectionManager.java:282)at org.apache.http.impl.conn.PoolingHttpClientConnectionManager$1.get(PoolingHttpClientConnectionManager.java:269)at org.apache.http.impl.execchain.MainClientExec.execute(MainClientExec.java:191)at org.apache.http.impl.execchain.ProtocolExec.execute(ProtocolExec.java:185)at org.apache.http.impl.execchain.RetryExec.execute(RetryExec.java:89)at org.apache.http.impl.execchain.RedirectExec.execute(RedirectExec.java:111)at org.apache.http.impl.client.InternalHttpClient.doExecute(InternalHttpClient.java:185)at org.apache.http.impl.client.CloseableHttpClient.execute(CloseableHttpClient.java:72)at org.apache.http.impl.client.CloseableHttpClient.execute(CloseableHttpClient.java:56)at org.openqa.selenium.remote.internal.ApacheHttpClient.fallBackExecute(ApacheHttpClient.java:138)at org.openqa.selenium.remote.internal.ApacheHttpClient.execute(ApacheHttpClient.java:86)at org.openqa.selenium.remote.HttpCommandExecutor.execute(HttpCommandExecutor.java:161)at org.openqa.selenium.remote.service.DriverCommandExecutor.execute(DriverCommandExecutor.java:83)at org.openqa.selenium.remote.RemoteWebDriver.execute(RemoteWebDriver.java:601)at org.openqa.selenium.remote.RemoteWebDriver.execute(RemoteWebDriver.java:658)at org.openqa.selenium.remote.RemoteWebDriver.getScreenshotAs(RemoteWebDriver.java:343)at com.volvo.automation.commonutilities.CommonWrapperMethods.takeSnap(CommonWrapperMethods.java:861)at com.volvo.reports.Reports.reportStep(Reports.java:80)at com.volvo.automation.commonutilities.CommonWrapperMethods.takeSnap(CommonWrapperMethods.java:866)at com.volvo.reports.Reports.reportStep(Reports.java:80)at com.volvo.automation.commonutilities.CommonWrapperMethods.takeSnap(CommonWrapperMethods.java:866)at com.volvo.reports.Reports.reportStep(Reports.java:80)at com.volvo.automation.commonutilities.CommonWrapperMethods.takeSnap(CommonWrapperMethods.java:866)at com.volvo.reports.Reports.reportStep(Reports.java:80)at com.volvo.automation.commonutilities.CommonWrapperMethods.takeSnap(CommonWrapperMethods.java:866)at com.volvo.reports.Reports.reportStep(Reports.java:80)at com.volvo.automation.commonutilities.CommonWrapperMethods.takeSnap(CommonWrapperMethods.java:866)at com.volvo.reports.Reports.reportStep(Reports.java:80)at com.volvo.automation.commonutilities.CommonWrapperMethods.takeSnap(CommonWrapperMethods.java:866)at com.volvo.reports.Reports.reportStep(Reports.java:80)at com.volvo.automation.commonutilities.CommonWrapperMethods.takeSnap(CommonWrapperMethods.java:866)at com.volvo.reports.Reports.reportStep(Reports.java:80)at com.volvo.automation.commonutilities.CommonWrapperMethods.takeSnap(CommonWrapperMethods.java:866)at com.volvo.reports.Reports.reportStep(Reports.java:80)at com.volvo.automation.commonutilities.CommonWrapperMethods.takeSnap(CommonWrapperMethods.java:866)at com.volvo.reports.Reports.reportStep(Reports.java:80)at com.volvo.automation.commonutilities.CommonWrapperMethods.takeSnap(CommonWrapperMethods.java:866)at com.volvo.reports.Reports.reportStep(Reports.java:80)at com.volvo.automation.commonutilities.CommonWrapperMethods.takeSnap(CommonWrapperMethods.java:866)at com.volvo.reports.Reports.reportStep(Reports.java:80)at com.volvo.automation.commonutilities.CommonWrapperMethods.takeSnap(CommonWrapperMethods.java:866)at com.volvo.reports.Reports.reportStep(Reports.java:80)at com.volvo.automation.commonutilities.CommonWrapperMethods.takeSnap(CommonWrapperMethods.java:866)at com.volvo.reports.Reports.reportStep(Reports.java:80)at com.volvo.automation.commonutilities.CommonWrapperMethods.takeSnap(CommonWrapperMethods.java:866)at com.volvo.reports.Reports.reportStep(Reports.java:80)at com.volvo.automation.commonutilities.CommonWrapperMethods.takeSnap(CommonWrapperMethods.java:866)at com.volvo.reports.Reports.reportStep(Reports.java:80)at com.volvo.automation.commonutilities.CommonWrapperMethods.takeSnap(CommonWrapperMethods.java:866)at com.volvo.reports.Reports.reportStep(Reports.java:80)at com.volvo.automation.commonutilities.CommonWrapperMethods.takeSnap(CommonWrapperMethods.java:866)at com.volvo.reports.Reports.reportStep(Reports.java:80)at com.volvo.automation.commonutilities.CommonWrapperMethods.takeSnap(CommonWrapperMethods.java:866)at com.volvo.reports.Reports.reportStep(Reports.java:80)at com.volvo.automation.commonutilities.CommonWrapperMethods.takeSnap(CommonWrapperMethods.java:866)at com.volvo.reports.Reports.reportStep(Reports.java:80)at com.volvo.automation.commonutilities.CommonWrapperMethods.takeSnap(CommonWrapperMethods.java:866)at com.volvo.reports.Reports.reportStep(Reports.java:80)at com.volvo.automation.commonutilities.CommonWrapperMethods.takeSnap(CommonWrapperMethods.java:866)at com.volvo.reports.Reports.reportStep(Reports.java:80)at com.volvo.automation.commonutilities.CommonWrapperMethods.takeSnap(CommonWrapperMethods.java:866)at com.volvo.reports.Reports.reportStep(Reports.java:80)at com.volvo.automation.commonutilities.CommonWrapperMethods.takeSnap(CommonWrapperMethods.java:866)at com.volvo.reports.Reports.reportStep(Reports.java:80)at com.volvo.automation.commonutilities.CommonWrapperMethods.takeSnap(CommonWrapperMethods.java:866)at com.volvo.reports.Reports.reportStep(Reports.java:80)at com.volvo.automation.commonutilities.CommonWrapperMethods.takeSnap(CommonWrapperMethods.java:866)at com.volvo.reports.Reports.reportStep(Reports.java:80)at com.volvo.automation.commonutilities.CommonWrapperMethods.takeSnap(CommonWrapperMethods.java:866)at com.volvo.reports.Reports.reportStep(Reports.java:80)at com.volvo.automation.commonutilities.CommonWrapperMethods.takeSnap(CommonWrapperMethods.java:866)at com.volvo.reports.Reports.reportStep(Reports.java:80)at com.volvo.automation.commonutilities.CommonWrapperMethods.takeSnap(CommonWrapperMethods.java:866)at com.volvo.reports.Reports.reportStep(Reports.java:80)at com.volvo.automation.commonutilities.CommonWrapperMethods.takeSnap(CommonWrapperMethods.java:866)at com.volvo.reports.Reports.reportStep(Reports.java:80)at com.volvo.automation.commonutilities.CommonWrapperMethods.takeSnap(CommonWrapperMethods.java:866)at com.volvo.reports.Reports.reportStep(Reports.java:80)at com.volvo.automation.commonutilities.CommonWrapperMethods.takeSnap(CommonWrapperMethods.java:866)at com.volvo.reports.Reports.reportStep(Reports.java:80)at com.volvo.automation.commonutilities.CommonWrapperMethods.takeSnap(CommonWrapperMethods.java:866)at com.volvo.reports.Reports.reportStep(Reports.java:80)at com.volvo.automation.commonutilities.CommonWrapperMethods.takeSnap(CommonWrapperMethods.java:866)at com.volvo.reports.Reports.reportStep(Reports.java:80)at com.volvo.automation.commonutilities.CommonWrapperMethods.takeSnap(CommonWrapperMethods.java:866)at com.volvo.reports.Reports.reportStep(Reports.java:80)at com.volvo.automation.commonutilities.CommonWrapperMethods.takeSnap(CommonWrapperMethods.java:866)at com.volvo.reports.Reports.reportStep(Reports.java:80)at com.volvo.automation.commonutilities.CommonWrapperMethods.takeSnap(CommonWrapperMethods.java:866)at com.volvo.reports.Reports.reportStep(Reports.java:80)at com.volvo.automation.commonutilities.CommonWrapperMethods.takeSnap(CommonWrapperMethods.java:866)at com.volvo.reports.Reports.reportStep(Reports.java:80)at com.volvo.automation.commonutilities.CommonWrapperMethods.takeSnap(CommonWrapperMethods.java:866)at com.volvo.reports.Reports.reportStep(Reports.java:80)at com.volvo.automation.commonutilities.CommonWrapperMethods.takeSnap(CommonWrapperMethods.java:866)at com.volvo.reports.Reports.reportStep(Reports.java:80)at com.volvo.automation.commonutilities.CommonWrapperMethods.takeSnap(CommonWrapperMethods.java:866)at com.volvo.reports.Reports.reportStep(Reports.java:80)at com.volvo.automation.commonutilities.CommonWrapperMethods.takeSnap(CommonWrapperMethods.java:866)at com.volvo.reports.Reports.reportStep(Reports.java:80)at com.volvo.automation.commonutilities.CommonWrapperMethods.takeSnap(CommonWrapperMethods.java:866)at com.volvo.reports.Reports.reportStep(Reports.java:80)at com.volvo.automation.commonutilities.CommonWrapperMethods.takeSnap(CommonWrapperMethods.java:866)at com.volvo.reports.Reports.reportStep(Reports.java:80)at com.volvo.automation.commonutilities.CommonWrapperMethods.takeSnap(CommonWrapperMethods.java:866)at com.volvo.reports.Reports.reportStep(Reports.java:80)at com.volvo.automation.commonutilities.CommonWrapperMethods.takeSnap(CommonWrapperMethods.java:866)at com.volvo.reports.Reports.reportStep(Reports.java:80)at com.volvo.automation.commonutilities.CommonWrapperMethods.takeSnap(CommonWrapperMethods.java:866)at com.volvo.reports.Reports.reportStep(Reports.java:80)at com.volvo.automation.commonutilities.CommonWrapperMethods.takeSnap(CommonWrapperMethods.java:866)at com.volvo.reports.Reports.reportStep(Reports.java:80)at com.volvo.automation.commonutilities.CommonWrapperMethods.takeSnap(CommonWrapperMethods.java:866)at com.volvo.reports.Reports.reportStep(Reports.java:80)at com.volvo.automation.commonutilities.CommonWrapperMethods.takeSnap(CommonWrapperMethods.java:866)at com.volvo.reports.Reports.reportStep(Reports.java:80)at com.volvo.automation.commonutilities.CommonWrapperMethods.takeSnap(CommonWrapperMethods.java:866)at com.volvo.reports.Reports.reportStep(Reports.java:80)at com.volvo.automation.commonutilities.CommonWrapperMethods.takeSnap(CommonWrapperMethods.java:866)at com.volvo.reports.Reports.reportStep(Reports.java:80)at com.volvo.automation.commonutilities.CommonWrapperMethods.takeSnap(CommonWrapperMethods.java:866)at com.volvo.reports.Reports.reportStep(Reports.java:80)at com.volvo.automation.commonutilities.CommonWrapperMethods.takeSnap(CommonWrapperMethods.java:866)at com.volvo.reports.Reports.reportStep(Reports.java:80)at com.volvo.automation.commonutilities.CommonWrapperMethods.takeSnap(CommonWrapperMethods.java:866)at com.volvo.reports.Reports.reportStep(Reports.java:80)at com.volvo.automation.commonutilities.CommonWrapperMethods.takeSnap(CommonWrapperMethods.java:866)at com.volvo.reports.Reports.reportStep(Reports.java:80)at com.volvo.automation.commonutilities.CommonWrapperMethods.takeSnap(CommonWrapperMethods.java:866)at com.volvo.reports.Reports.reportStep(Reports.java:80)at com.volvo.automation.commonutilities.CommonWrapperMethods.takeSnap(CommonWrapperMethods.java:866)at com.volvo.reports.Reports.reportStep(Reports.java:80)at com.volvo.automation.commonutilities.CommonWrapperMethods.takeSnap(CommonWrapperMethods.java:866)at com.volvo.reports.Reports.reportStep(Reports.java:80)at com.volvo.automation.commonutilities.CommonWrapperMethods.takeSnap(CommonWrapperMethods.java:866)at com.volvo.reports.Reports.reportStep(Reports.java:80)at com.volvo.automation.commonutilities.CommonWrapperMethods.takeSnap(CommonWrapperMethods.java:866)at com.volvo.reports.Reports.reportStep(Reports.java:80)at com.volvo.automation.commonutilities.CommonWrapperMethods.takeSnap(CommonWrapperMethods.java:866)at com.volvo.reports.Reports.reportStep(Reports.java:80)at com.volvo.automation.commonutilities.CommonWrapperMethods.takeSnap(CommonWrapperMethods.java:866)at com.volvo.reports.Reports.reportStep(Reports.java:80)at com.volvo.automation.commonutilities.CommonWrapperMethods.takeSnap(CommonWrapperMethods.java:866)at com.volvo.reports.Reports.reportStep(Reports.java:80)at com.volvo.automation.commonutilities.CommonWrapperMethods.takeSnap(CommonWrapperMethods.java:866)at com.volvo.reports.Reports.reportStep(Reports.java:80)at com.volvo.automation.commonutilities.CommonWrapperMethods.takeSnap(CommonWrapperMethods.java:866)at com.volvo.reports.Reports.reportStep(Reports.java:80)at com.volvo.automation.commonutilities.CommonWrapperMethods.takeSnap(CommonWrapperMethods.java:866)at com.volvo.reports.Reports.reportStep(Reports.java:80)at com.volvo.automation.commonutilities.CommonWrapperMethods.takeSnap(CommonWrapperMethods.java:866)at com.volvo.reports.Reports.reportStep(Reports.java:80)at com.volvo.automation.commonutilities.CommonWrapperMethods.takeSnap(CommonWrapperMethods.java:866)at com.volvo.reports.Reports.reportStep(Reports.java:80)at com.volvo.automation.commonutilities.CommonWrapperMethods.takeSnap(CommonWrapperMethods.java:866)at com.volvo.reports.Reports.reportStep(Reports.java:80)at com.volvo.automation.commonutilities.CommonWrapperMethods.takeSnap(CommonWrapperMethods.java:866)at com.volvo.reports.Reports.reportStep(Reports.java:80)at com.volvo.automation.commonutilities.CommonWrapperMethods.takeSnap(CommonWrapperMethods.java:866)at com.volvo.reports.Reports.reportStep(Reports.java:80)at com.volvo.automation.commonutilities.CommonWrapperMethods.takeSnap(CommonWrapperMethods.java:866)at com.volvo.reports.Reports.reportStep(Reports.java:80)at com.volvo.automation.commonutilities.CommonWrapperMethods.takeSnap(CommonWrapperMethods.java:866)at com.volvo.reports.Reports.reportStep(Reports.java:80)at com.volvo.automation.commonutilities.CommonWrapperMethods.takeSnap(CommonWrapperMethods.java:866)at com.volvo.reports.Reports.reportStep(Reports.java:80)at com.volvo.automation.commonutilities.CommonWrapperMethods.takeSnap(CommonWrapperMethods.java:866)at com.volvo.reports.Reports.reportStep(Reports.java:80)at com.volvo.automation.commonutilities.CommonWrapperMethods.takeSnap(CommonWrapperMethods.java:866)at com.volvo.reports.Reports.reportStep(Reports.java:80)at com.volvo.automation.commonutilities.CommonWrapperMethods.takeSnap(CommonWrapperMethods.java:866)at com.volvo.reports.Reports.reportStep(Reports.java:80)at com.volvo.automation.commonutilities.CommonWrapperMethods.takeSnap(CommonWrapperMethods.java:866)at com.volvo.reports.Reports.reportStep(Reports.java:80)at com.volvo.automation.commonutilities.CommonWrapperMethods.takeSnap(CommonWrapperMethods.java:866)at com.volvo.reports.Reports.reportStep(Reports.java:80)at com.volvo.automation.commonutilities.CommonWrapperMethods.takeSnap(CommonWrapperMethods.java:866)at com.volvo.reports.Reports.reportStep(Reports.java:80)at com.volvo.automation.commonutilities.CommonWrapperMethods.takeSnap(CommonWrapperMethods.java:866)at com.volvo.reports.Reports.reportStep(Reports.java:80)at com.volvo.automation.commonutilities.CommonWrapperMethods.takeSnap(CommonWrapperMethods.java:866)at com.volvo.reports.Reports.reportStep(Reports.java:80)at com.volvo.automation.commonutilities.CommonWrapperMethods.takeSnap(CommonWrapperMethods.java:866)at com.volvo.reports.Reports.reportStep(Reports.java:80)at com.volvo.automation.commonutilities.CommonWrapperMethods.takeSnap(CommonWrapperMethods.java:866)at com.volvo.reports.Reports.reportStep(Reports.java:80)at com.volvo.automation.commonutilities.CommonWrapperMethods.takeSnap(CommonWrapperMethods.java:866)at com.volvo.reports.Reports.reportStep(Reports.java:80)at com.volvo.automation.commonutilities.CommonWrapperMethods.takeSnap(CommonWrapperMethods.java:866)at com.volvo.reports.Reports.reportStep(Reports.java:80)at com.volvo.automation.commonutilities.CommonWrapperMethods.takeSnap(CommonWrapperMethods.java:866)at com.volvo.reports.Reports.reportStep(Reports.java:80)at com.volvo.automation.commonutilities.CommonWrapperMethods.takeSnap(CommonWrapperMethods.java:866)at com.volvo.reports.Reports.reportStep(Reports.java:80)at com.volvo.automation.commonutilities.CommonWrapperMethods.takeSnap(CommonWrapperMethods.java:866)at com.volvo.reports.Reports.reportStep(Reports.java:80)at com.volvo.automation.commonutilities.CommonWrapperMethods.takeSnap(CommonWrapperMethods.java:866)at com.volvo.reports.Reports.reportStep(Reports.java:80)at com.volvo.automation.commonutilities.CommonWrapperMethods.takeSnap(CommonWrapperMethods.java:866)at com.volvo.reports.Reports.reportStep(Reports.java:80)at com.volvo.automation.commonutilities.CommonWrapperMethods.takeSnap(CommonWrapperMethods.java:866)at com.volvo.reports.Reports.reportStep(Reports.java:80)at com.volvo.automation.commonutilities.CommonWrapperMethods.takeSnap(CommonWrapperMethods.java:866)at com.volvo.reports.Reports.reportStep(Reports.java:80)at com.volvo.automation.commonutilities.CommonWrapperMethods.takeSnap(CommonWrapperMethods.java:866)at com.volvo.reports.Reports.reportStep(Reports.java:80)at com.volvo.automation.commonutilities.CommonWrapperMethods.takeSnap(CommonWrapperMethods.java:866)at com.volvo.reports.Reports.reportStep(Reports.java:80)at com.volvo.automation.commonutilities.CommonWrapperMethods.takeSnap(CommonWrapperMethods.java:866)at com.volvo.reports.Reports.reportStep(Reports.java:80)at com.volvo.automation.commonutilities.CommonWrapperMethods.takeSnap(CommonWrapperMethods.java:866)at com.volvo.reports.Reports.reportStep(Reports.java:80)at com.volvo.automation.commonutilities.CommonWrapperMethods.takeSnap(CommonWrapperMethods.java:866)at com.volvo.reports.Reports.reportStep(Reports.java:80)at com.volvo.automation.commonutilities.CommonWrapperMethods.takeSnap(CommonWrapperMethods.java:866)at com.volvo.reports.Reports.reportStep(Reports.java:80)at com.volvo.automation.commonutilities.CommonWrapperMethods.takeSnap(CommonWrapperMethods.java:866)at com.volvo.reports.Reports.reportStep(Reports.java:80)at com.volvo.automation.commonutilities.CommonWrapperMethods.takeSnap(CommonWrapperMethods.java:866)at com.volvo.reports.Reports.reportStep(Reports.java:80)at com.volvo.automation.commonutilities.CommonWrapperMethods.takeSnap(CommonWrapperMethods.java:866)at com.volvo.reports.Reports.reportStep(Reports.java:80)at com.volvo.automation.commonutilities.CommonWrapperMethods.takeSnap(CommonWrapperMethods.java:866)at com.volvo.reports.Reports.reportStep(Reports.java:80)at com.volvo.automation.commonutilities.CommonWrapperMethods.takeSnap(CommonWrapperMethods.java:866)at com.volvo.reports.Reports.reportStep(Reports.java:80)at com.volvo.automation.commonutilities.CommonWrapperMethods.takeSnap(CommonWrapperMethods.java:866)at com.volvo.reports.Reports.reportStep(Reports.java:80)at com.volvo.automation.commonutilities.CommonWrapperMethods.takeSnap(CommonWrapperMethods.java:866)at com.volvo.reports.Reports.reportStep(Reports.java:80)at com.volvo.automation.commonutilities.CommonWrapperMethods.takeSnap(CommonWrapperMethods.java:866)at com.volvo.reports.Reports.reportStep(Reports.java:80)at com.volvo.automation.commonutilities.CommonWrapperMethods.takeSnap(CommonWrapperMethods.java:866)at com.volvo.reports.Reports.reportStep(Reports.java:80)at com.volvo.automation.commonutilities.CommonWrapperMethods.takeSnap(CommonWrapperMethods.java:866)at com.volvo.reports.Reports.reportStep(Reports.java:80)at com.volvo.automation.commonutilities.CommonWrapperMethods.takeSnap(CommonWrapperMethods.java:866)at com.volvo.reports.Reports.reportStep(Reports.java:80)at com.volvo.automation.commonutilities.CommonWrapperMethods.takeSnap(CommonWrapperMethods.java:866)at com.volvo.reports.Reports.reportStep(Reports.java:80)at com.volvo.automation.commonutilities.CommonWrapperMethods.takeSnap(CommonWrapperMethods.java:866)at com.volvo.reports.Reports.reportStep(Reports.java:80)at com.volvo.automation.commonutilities.CommonWrapperMethods.takeSnap(CommonWrapperMethods.java:866)at com.volvo.reports.Reports.reportStep(Reports.java:80)at com.volvo.automation.commonutilities.CommonWrapperMethods.takeSnap(CommonWrapperMethods.java:866)at com.volvo.reports.Reports.reportStep(Reports.java:80)at com.volvo.automation.commonutilities.CommonWrapperMethods.takeSnap(CommonWrapperMethods.java:866)at com.volvo.reports.Reports.reportStep(Reports.java:80)at com.volvo.automation.commonutilities.CommonWrapperMethods.takeSnap(CommonWrapperMethods.java:866)at com.volvo.reports.Reports.reportStep(Reports.java:80)at com.volvo.automation.commonutilities.CommonWrapperMethods.takeSnap(CommonWrapperMethods.java:866)at com.volvo.reports.Reports.reportStep(Reports.java:80)at com.volvo.automation.commonutilities.CommonWrapperMethods.takeSnap(CommonWrapperMethods.java:866)at com.volvo.reports.Reports.reportStep(Reports.java:80)at com.volvo.automation.commonutilities.CommonWrapperMethods.takeSnap(CommonWrapperMethods.java:866)at com.volvo.reports.Reports.reportStep(Reports.java:80)at com.volvo.automation.commonutilities.CommonWrapperMethods.takeSnap(CommonWrapperMethods.java:866)at com.volvo.reports.Reports.reportStep(Reports.java:80)at com.volvo.automation.commonutilities.CommonWrapperMethods.takeSnap(CommonWrapperMethods.java:866)at com.volvo.reports.Reports.reportStep(Reports.java:80)at com.volvo.automation.commonutilities.CommonWrapperMethods.takeSnap(CommonWrapperMethods.java:866)at com.volvo.reports.Reports.reportStep(Reports.java:80)at com.volvo.automation.commonutilities.CommonWrapperMethods.takeSnap(CommonWrapperMethods.java:866)at com.volvo.reports.Reports.reportStep(Reports.java:80)at com.volvo.automation.commonutilities.CommonWrapperMethods.takeSnap(CommonWrapperMethods.java:866)at com.volvo.reports.Reports.reportStep(Reports.java:80)at com.volvo.automation.commonutilities.CommonWrapperMethods.takeSnap(CommonWrapperMethods.java:866)at com.volvo.reports.Reports.reportStep(Reports.java:80)at com.volvo.automation.commonutilities.CommonWrapperMethods.takeSnap(CommonWrapperMethods.java:866)at com.volvo.reports.Reports.reportStep(Reports.java:80)at com.volvo.automation.commonutilities.CommonWrapperMethods.takeSnap(CommonWrapperMethods.java:866)at com.volvo.reports.Reports.reportStep(Reports.java:80)at com.volvo.automation.commonutilities.CommonWrapperMethods.takeSnap(CommonWrapperMethods.java:866)at com.volvo.reports.Reports.reportStep(Reports.java:80)at com.volvo.automation.commonutilities.CommonWrapperMethods.takeSnap(CommonWrapperMethods.java:866)at com.volvo.reports.Reports.reportStep(Reports.java:80)at com.volvo.automation.commonutilities.CommonWrapperMethods.takeSnap(CommonWrapperMethods.java:866)at com.volvo.reports.Reports.reportStep(Reports.java:80)at com.volvo.automation.commonutilities.CommonWrapperMethods.takeSnap(CommonWrapperMethods.java:866)at com.volvo.reports.Reports.reportStep(Reports.java:80)at com.volvo.automation.commonutilities.CommonWrapperMethods.takeSnap(CommonWrapperMethods.java:866)at com.volvo.reports.Reports.reportStep(Reports.java:80)at com.volvo.automation.commonutilities.CommonWrapperMethods.takeSnap(CommonWrapperMethods.java:866)at com.volvo.reports.Reports.reportStep(Reports.java:80)at com.volvo.automation.commonutilities.CommonWrapperMethods.takeSnap(CommonWrapperMethods.java:866)at com.volvo.reports.Reports.reportStep(Reports.java:80)at com.volvo.automation.commonutilities.CommonWrapperMethods.takeSnap(CommonWrapperMethods.java:866)at com.volvo.reports.Reports.reportStep(Reports.java:80)at com.volvo.automation.commonutilities.CommonWrapperMethods.takeSnap(CommonWrapperMethods.java:866)at com.volvo.reports.Reports.reportStep(Reports.java:80)at com.volvo.automation.commonutilities.CommonWrapperMethods.takeSnap(CommonWrapperMethods.java:866)at com.volvo.reports.Reports.reportStep(Reports.java:80)at com.volvo.automation.commonutilities.CommonWrapperMethods.takeSnap(CommonWrapperMethods.java:866)at com.volvo.reports.Reports.reportStep(Reports.java:80)at com.volvo.automation.commonutilities.CommonWrapperMethods.takeSnap(CommonWrapperMethods.java:866)at com.volvo.reports.Reports.reportStep(Reports.java:80)at com.volvo.automation.commonutilities.CommonWrapperMethods.takeSnap(CommonWrapperMethods.java:866)at com.volvo.reports.Reports.reportStep(Reports.java:80)at com.volvo.automation.commonutilities.CommonWrapperMethods.takeSnap(CommonWrapperMethods.java:866)at com.volvo.reports.Reports.reportStep(Reports.java:80)at com.volvo.automation.commonutilities.CommonWrapperMethods.takeSnap(CommonWrapperMethods.java:866)at com.volvo.reports.Reports.reportStep(Reports.java:80)at com.volvo.automation.commonutilities.CommonWrapperMethods.takeSnap(CommonWrapperMethods.java:866)at com.volvo.reports.Reports.reportStep(Reports.java:80)at com.volvo.automation.commonutilities.CommonWrapperMethods.takeSnap(CommonWrapperMethods.java:866)at com.volvo.reports.Reports.reportStep(Reports.java:80)at com.volvo.automation.commonutilities.CommonWrapperMethods.takeSnap(CommonWrapperMethods.java:866)at com.volvo.reports.Reports.reportStep(Reports.java:80)at com.volvo.automation.commonutilities.CommonWrapperMethods.takeSnap(CommonWrapperMethods.java:866)at com.volvo.reports.Reports.reportStep(Reports.java:80)at com.volvo.automation.commonutilities.CommonWrapperMethods.takeSnap(CommonWrapperMethods.java:866)at com.volvo.reports.Reports.reportStep(Reports.java:80)at com.volvo.automation.commonutilities.CommonWrapperMethods.takeSnap(CommonWrapperMethods.java:866)at com.volvo.reports.Reports.reportStep(Reports.java:80)at com.volvo.automation.commonutilities.CommonWrapperMethods.takeSnap(CommonWrapperMethods.java:866)at com.volvo.reports.Reports.reportStep(Reports.java:80)at com.volvo.automation.commonutilities.CommonWrapperMethods.takeSnap(CommonWrapperMethods.java:866)at com.volvo.reports.Reports.reportStep(Reports.java:80)at com.volvo.automation.commonutilities.CommonWrapperMethods.takeSnap(CommonWrapperMethods.java:866)at com.volvo.reports.Reports.reportStep(Reports.java:80)at com.volvo.automation.commonutilities.CommonWrapperMethods.takeSnap(CommonWrapperMethods.java:866)at com.volvo.reports.Reports.reportStep(Reports.java:80)at com.volvo.automation.commonutilities.CommonWrapperMethods.takeSnap(CommonWrapperMethods.java:866)at com.volvo.reports.Reports.reportStep(Reports.java:80)at com.volvo.automation.commonutilities.CommonWrapperMethods.takeSnap(CommonWrapperMethods.java:866)at com.volvo.reports.Reports.reportStep(Reports.java:80)at com.volvo.automation.commonutilities.CommonWrapperMethods.takeSnap(CommonWrapperMethods.java:866)at com.volvo.reports.Reports.reportStep(Reports.java:80)at com.volvo.automation.commonutilities.CommonWrapperMethods.takeSnap(CommonWrapperMethods.java:866)at com.volvo.reports.Reports.reportStep(Reports.java:80)at com.volvo.automation.commonutilities.CommonWrapperMethods.takeSnap(CommonWrapperMethods.java:866)at com.volvo.reports.Reports.reportStep(Reports.java:80)at com.volvo.automation.commonutilities.CommonWrapperMethods.takeSnap(CommonWrapperMethods.java:866)at com.volvo.reports.Reports.reportStep(Reports.java:80)at com.volvo.automation.commonutilities.CommonWrapperMethods.takeSnap(CommonWrapperMethods.java:866)at com.volvo.reports.Reports.reportStep(Reports.java:80)at com.volvo.automation.commonutilities.CommonWrapperMethods.takeSnap(CommonWrapperMethods.java:866)at com.volvo.reports.Reports.reportStep(Reports.java:80)at com.volvo.automation.commonutilities.CommonWrapperMethods.takeSnap(CommonWrapperMethods.java:866)at com.volvo.reports.Reports.reportStep(Reports.java:80)at com.volvo.automation.commonutilities.CommonWrapperMethods.takeSnap(CommonWrapperMethods.java:866)at com.volvo.reports.Reports.reportStep(Reports.java:80)at com.volvo.automation.commonutilities.CommonWrapperMethods.takeSnap(CommonWrapperMethods.java:866)at com.volvo.reports.Reports.reportStep(Reports.java:80)at com.volvo.automation.commonutilities.CommonWrapperMethods.takeSnap(CommonWrapperMethods.java:866)at com.volvo.reports.Reports.reportStep(Reports.java:80)at com.volvo.automation.commonutilities.CommonWrapperMethods.takeSnap(CommonWrapperMethods.java:866)at com.volvo.reports.Reports.reportStep(Reports.java:80)at com.volvo.automation.commonutilities.CommonWrapperMethods.takeSnap(CommonWrapperMethods.java:866)at com.volvo.reports.Reports.reportStep(Reports.java:80)at com.volvo.automation.commonutilities.CommonWrapperMethods.takeSnap(CommonWrapperMethods.java:866)at com.volvo.reports.Reports.reportStep(Reports.java:80)at com.volvo.automation.commonutilities.CommonWrapperMethods.takeSnap(CommonWrapperMethods.java:866)at com.volvo.reports.Reports.reportStep(Reports.java:80)at com.volvo.automation.commonutilities.CommonWrapperMethods.takeSnap(CommonWrapperMethods.java:866)at com.volvo.reports.Reports.reportStep(Reports.java:80)at com.volvo.automation.commonutilities.CommonWrapperMethods.takeSnap(CommonWrapperMethods.java:866)at com.volvo.reports.Reports.reportStep(Reports.java:80)at com.volvo.automation.commonutilities.CommonWrapperMethods.takeSnap(CommonWrapperMethods.java:866)at com.volvo.reports.Reports.reportStep(Reports.java:80)at com.volvo.automation.commonutilities.CommonWrapperMethods.takeSnap(CommonWrapperMethods.java:866)at com.volvo.reports.Reports.reportStep(Reports.java:80)at com.volvo.automation.commonutilities.CommonWrapperMethods.takeSnap(CommonWrapperMethods.java:866)at com.volvo.reports.Reports.reportStep(Reports.java:80)at com.volvo.automation.commonutilities.CommonWrapperMethods.takeSnap(CommonWrapperMethods.java:866)at com.volvo.reports.Reports.reportStep(Reports.java:80)at com.volvo.automation.commonutilities.CommonWrapperMethods.takeSnap(CommonWrapperMethods.java:866)at com.volvo.reports.Reports.reportStep(Reports.java:80)at com.volvo.automation.commonutilities.CommonWrapperMethods.takeSnap(CommonWrapperMethods.java:866)at com.volvo.reports.Reports.reportStep(Reports.java:80)at com.volvo.automation.commonutilities.CommonWrapperMethods.takeSnap(CommonWrapperMethods.java:866)at com.volvo.reports.Reports.reportStep(Reports.java:80)at com.volvo.automation.commonutilities.CommonWrapperMethods.takeSnap(CommonWrapperMethods.java:866)at com.volvo.reports.Reports.reportStep(Reports.java:80)at com.volvo.automation.commonutilities.CommonWrapperMethods.takeSnap(CommonWrapperMethods.java:866)at com.volvo.reports.Reports.reportStep(Reports.java:80)at com.volvo.automation.commonutilities.CommonWrapperMethods.takeSnap(CommonWrapperMethods.java:866)at com.volvo.reports.Reports.reportStep(Reports.java:80)at com.volvo.automation.commonutilities.CommonWrapperMethods.takeSnap(CommonWrapperMethods.java:866)at com.volvo.reports.Reports.reportStep(Reports.java:80)at com.volvo.automation.commonutilities.CommonWrapperMethods.takeSnap(CommonWrapperMethods.java:866)at com.volvo.reports.Reports.reportStep(Reports.java:80)at com.volvo.automation.commonutilities.CommonWrapperMethods.takeSnap(CommonWrapperMethods.java:866)at com.volvo.reports.Reports.reportStep(Reports.java:80)at com.volvo.automation.commonutilities.CommonWrapperMethods.takeSnap(CommonWrapperMethods.java:866)at com.volvo.reports.Reports.reportStep(Reports.java:80)at com.volvo.automation.commonutilities.CommonWrapperMethods.takeSnap(CommonWrapperMethods.java:866)at com.volvo.reports.Reports.reportStep(Reports.java:80)at com.volvo.automation.commonutilities.CommonWrapperMethods.takeSnap(CommonWrapperMethods.java:866)at com.volvo.reports.Reports.reportStep(Reports.java:80)at com.volvo.automation.commonutilities.CommonWrapperMethods.takeSnap(CommonWrapperMethods.java:866)at com.volvo.reports.Reports.reportStep(Reports.java:80)at com.volvo.automation.commonutilities.CommonWrapperMethods.takeSnap(CommonWrapperMethods.java:866)at com.volvo.reports.Reports.reportStep(Reports.java:80)at com.volvo.automation.commonutilities.CommonWrapperMethods.takeSnap(CommonWrapperMethods.java:866)at com.volvo.reports.Reports.reportStep(Reports.java:80)at com.volvo.automation.commonutilities.CommonWrapperMethods.takeSnap(CommonWrapperMethods.java:866)at com.volvo.reports.Reports.reportStep(Reports.java:80)at com.volvo.automation.commonutilities.CommonWrapperMethods.takeSnap(CommonWrapperMethods.java:866)at com.volvo.reports.Reports.reportStep(Reports.java:80)at com.volvo.automation.commonutilities.CommonWrapperMethods.takeSnap(CommonWrapperMethods.java:866)at com.volvo.reports.Reports.reportStep(Reports.java:80)at com.volvo.automation.commonutilities.CommonWrapperMethods.takeSnap(CommonWrapperMethods.java:866)at com.volvo.reports.Reports.reportStep(Reports.java:80)at com.volvo.automation.commonutilities.CommonWrapperMethods.takeSnap(CommonWrapperMethods.java:866)at com.volvo.reports.Reports.reportStep(Reports.java:80)at com.volvo.automation.commonutilities.CommonWrapperMethods.takeSnap(CommonWrapperMethods.java:866)at com.volvo.reports.Reports.reportStep(Reports.java:80)at com.volvo.automation.commonutilities.CommonWrapperMethods.takeSnap(CommonWrapperMethods.java:866)at com.volvo.reports.Reports.reportStep(Reports.java:80)at com.volvo.automation.commonutilities.CommonWrapperMethods.takeSnap(CommonWrapperMethods.java:866)at com.volvo.reports.Reports.reportStep(Reports.java:80)at com.volvo.automation.commonutilities.CommonWrapperMethods.takeSnap(CommonWrapperMethods.java:866)at com.volvo.reports.Reports.reportStep(Reports.java:80)at com.volvo.automation.commonutilities.CommonWrapperMethods.takeSnap(CommonWrapperMethods.java:866)at com.volvo.reports.Reports.reportStep(Reports.java:80)at com.volvo.automation.commonutilities.CommonWrapperMethods.takeSnap(CommonWrapperMethods.java:866)at com.volvo.reports.Reports.reportStep(Reports.java:80)at com.volvo.automation.commonutilities.CommonWrapperMethods.takeSnap(CommonWrapperMethods.java:866)at com.volvo.reports.Reports.reportStep(Reports.java:80)at com.volvo.automation.commonutilities.CommonWrapperMethods.takeSnap(CommonWrapperMethods.java:866)at com.volvo.reports.Reports.reportStep(Reports.java:80)at com.volvo.automation.commonutilities.CommonWrapperMethods.takeSnap(CommonWrapperMethods.java:866)at com.volvo.reports.Reports.reportStep(Reports.java:80)at com.volvo.automation.commonutilities.CommonWrapperMethods.takeSnap(CommonWrapperMethods.java:866)at com.volvo.reports.Reports.reportStep(Reports.java:80)at com.volvo.automation.commonutilities.CommonWrapperMethods.takeSnap(CommonWrapperMethods.java:866)at com.volvo.reports.Reports.reportStep(Reports.java:80)at com.volvo.automation.commonutilities.CommonWrapperMethods.takeSnap(CommonWrapperMethods.java:866)at com.volvo.reports.Reports.reportStep(Reports.java:80)at com.volvo.automation.commonutilities.CommonWrapperMethods.takeSnap(CommonWrapperMethods.java:866)at com.volvo.reports.Reports.reportStep(Reports.java:80)at com.volvo.automation.commonutilities.CommonWrapperMethods.takeSnap(CommonWrapperMethods.java:866)at com.volvo.reports.Reports.reportStep(Reports.java:80)at com.volvo.automation.commonutilities.CommonWrapperMethods.takeSnap(CommonWrapperMethods.java:866)at com.volvo.reports.Reports.reportStep(Reports.java:80)at com.volvo.automation.commonutilities.CommonWrapperMethods.takeSnap(CommonWrapperMethods.java:866)at com.volvo.reports.Reports.reportStep(Reports.java:80)at com.volvo.automation.commonutilities.CommonWrapperMethods.takeSnap(CommonWrapperMethods.java:866)at com.volvo.reports.Reports.reportStep(Reports.java:80)at com.volvo.automation.commonutilities.CommonWrapperMethods.takeSnap(CommonWrapperMethods.java:866)at com.volvo.reports.Reports.reportStep(Reports.java:80)at com.volvo.automation.commonutilities.CommonWrapperMethods.takeSnap(CommonWrapperMethods.java:866)at com.volvo.reports.Reports.reportStep(Reports.java:80)at com.volvo.automation.commonutilities.CommonWrapperMethods.takeSnap(CommonWrapperMethods.java:866)at com.volvo.reports.Reports.reportStep(Reports.java:80)at com.volvo.automation.commonutilities.CommonWrapperMethods.takeSnap(CommonWrapperMethods.java:866)at com.volvo.reports.Reports.reportStep(Reports.java:80)at com.volvo.automation.commonutilities.CommonWrapperMethods.takeSnap(CommonWrapperMethods.java:866)at com.volvo.reports.Reports.reportStep(Reports.java:80)at com.volvo.automation.commonutilities.CommonWrapperMethods.takeSnap(CommonWrapperMethods.java:866)at com.volvo.reports.Reports.reportStep(Reports.java:80)at com.volvo.automation.commonutilities.CommonWrapperMethods.takeSnap(CommonWrapperMethods.java:866)at com.volvo.reports.Reports.reportStep(Reports.java:80)at com.volvo.automation.commonutilities.CommonWrapperMethods.takeSnap(CommonWrapperMethods.java:866)at com.volvo.reports.Reports.reportStep(Reports.java:80)at com.volvo.automation.commonutilities.CommonWrapperMethods.takeSnap(CommonWrapperMethods.java:866)at com.volvo.reports.Reports.reportStep(Reports.java:80)at com.volvo.automation.commonutilities.CommonWrapperMethods.takeSnap(CommonWrapperMethods.java:866)at com.volvo.reports.Reports.reportStep(Reports.java:80)at com.volvo.automation.commonutilities.CommonWrapperMethods.takeSnap(CommonWrapperMethods.java:866)at com.volvo.reports.Reports.reportStep(Reports.java:80)at com.volvo.automation.commonutilities.CommonWrapperMethods.takeSnap(CommonWrapperMethods.java:866)at com.volvo.reports.Reports.reportStep(Reports.java:80)at com.volvo.automation.commonutilities.CommonWrapperMethods.takeSnap(CommonWrapperMethods.java:866)at com.volvo.reports.Reports.reportStep(Reports.java:80)at com.volvo.automation.commonutilities.CommonWrapperMethods.takeSnap(CommonWrapperMethods.java:866)at com.volvo.reports.Reports.reportStep(Reports.java:80)at com.volvo.automation.commonutilities.CommonWrapperMethods.takeSnap(CommonWrapperMethods.java:866)at com.volvo.reports.Reports.reportStep(Reports.java:80)at com.volvo.automation.commonutilities.CommonWrapperMethods.takeSnap(CommonWrapperMethods.java:866)at com.volvo.reports.Reports.reportStep(Reports.java:80)at com.volvo.automation.commonutilities.CommonWrapperMethods.takeSnap(CommonWrapperMethods.java:866)at com.volvo.reports.Reports.reportStep(Reports.java:80)at com.volvo.automation.commonutilities.CommonWrapperMethods.takeSnap(CommonWrapperMethods.java:866)at com.volvo.reports.Reports.reportStep(Reports.java:80)at com.volvo.automation.commonutilities.CommonWrapperMethods.takeSnap(CommonWrapperMethods.java:866)at com.volvo.reports.Reports.reportStep(Reports.java:80)at com.volvo.automation.commonutilities.CommonWrapperMethods.takeSnap(CommonWrapperMethods.java:866)at com.volvo.reports.Reports.reportStep(Reports.java:80)at com.volvo.automation.commonutilities.CommonWrapperMethods.takeSnap(CommonWrapperMethods.java:866)at com.volvo.reports.Reports.reportStep(Reports.java:80)at com.volvo.automation.commonutilities.CommonWrapperMethods.takeSnap(CommonWrapperMethods.java:866)at com.volvo.reports.Reports.reportStep(Reports.java:80)at com.volvo.automation.commonutilities.CommonWrapperMethods.takeSnap(CommonWrapperMethods.java:866)at com.volvo.reports.Reports.reportStep(Reports.java:80)at com.volvo.automation.commonutilities.CommonWrapperMethods.takeSnap(CommonWrapperMethods.java:866)at com.volvo.reports.Reports.reportStep(Reports.java:80)at com.volvo.automation.commonutilities.CommonWrapperMethods.takeSnap(CommonWrapperMethods.java:866)at com.volvo.reports.Reports.reportStep(Reports.java:80)at com.volvo.automation.commonutilities.CommonWrapperMethods.takeSnap(CommonWrapperMethods.java:866)at com.volvo.reports.Reports.reportStep(Reports.java:80)at com.volvo.automation.commonutilities.CommonWrapperMethods.takeSnap(CommonWrapperMethods.java:866)at com.volvo.reports.Reports.reportStep(Reports.java:80)at com.volvo.automation.commonutilities.CommonWrapperMethods.takeSnap(CommonWrapperMethods.java:866)at com.volvo.reports.Reports.reportStep(Reports.java:80)at com.volvo.automation.commonutilities.CommonWrapperMethods.takeSnap(CommonWrapperMethods.java:866)at com.volvo.reports.Reports.reportStep(Reports.java:80)at com.volvo.automation.commonutilities.CommonWrapperMethods.takeSnap(CommonWrapperMethods.java:866)at com.volvo.reports.Reports.reportStep(Reports.java:80)at com.volvo.automation.commonutilities.CommonWrapperMethods.takeSnap(CommonWrapperMethods.java:866)at com.volvo.reports.Reports.reportStep(Reports.java:80)at com.volvo.automation.commonutilities.CommonWrapperMethods.takeSnap(CommonWrapperMethods.java:866)at com.volvo.reports.Reports.reportStep(Reports.java:80)at com.volvo.automation.commonutilities.CommonWrapperMethods.takeSnap(CommonWrapperMethods.java:866)at com.volvo.reports.Reports.reportStep(Reports.java:80)at com.volvo.automation.commonutilities.CommonWrapperMethods.takeSnap(CommonWrapperMethods.java:866)at com.volvo.reports.Reports.reportStep(Reports.java:80)at com.volvo.automation.commonutilities.CommonWrapperMethods.takeSnap(CommonWrapperMethods.java:866)at com.volvo.reports.Reports.reportStep(Reports.java:80)at com.volvo.automation.commonutilities.CommonWrapperMethods.takeSnap(CommonWrapperMethods.java:866)at com.volvo.reports.Reports.reportStep(Reports.java:80)at com.volvo.automation.commonutilities.CommonWrapperMethods.takeSnap(CommonWrapperMethods.java:866)at com.volvo.reports.Reports.reportStep(Reports.java:80)at com.volvo.automation.commonutilities.CommonWrapperMethods.takeSnap(CommonWrapperMethods.java:866)at com.volvo.reports.Reports.reportStep(Reports.java:80)at com.volvo.automation.commonutilities.CommonWrapperMethods.takeSnap(CommonWrapperMethods.java:866)at com.volvo.reports.Reports.reportStep(Reports.java:80)at com.volvo.automation.commonutilities.CommonWrapperMethods.takeSnap(CommonWrapperMethods.java:866)at com.volvo.reports.Reports.reportStep(Reports.java:80)at com.volvo.automation.commonutilities.CommonWrapperMethods.takeSnap(CommonWrapperMethods.java:866)at com.volvo.reports.Reports.reportStep(Reports.java:80)at com.volvo.automation.commonutilities.CommonWrapperMethods.takeSnap(CommonWrapperMethods.java:866)at com.volvo.reports.Reports.reportStep(Reports.java:80)at com.volvo.automation.commonutilities.CommonWrapperMethods.takeSnap(CommonWrapperMethods.java:866)at com.volvo.reports.Reports.reportStep(Reports.java:80)at com.volvo.automation.commonutilities.CommonWrapperMethods.takeSnap(CommonWrapperMethods.java:866)at com.volvo.reports.Reports.reportStep(Reports.java:80)at com.volvo.automation.commonutilities.CommonWrapperMethods.takeSnap(CommonWrapperMethods.java:866)at com.volvo.reports.Reports.reportStep(Reports.java:80)at com.volvo.automation.commonutilities.CommonWrapperMethods.takeSnap(CommonWrapperMethods.java:866)at com.volvo.reports.Reports.reportStep(Reports.java:80)at com.volvo.automation.commonutilities.CommonWrapperMethods.takeSnap(CommonWrapperMethods.java:866)at com.volvo.reports.Reports.reportStep(Reports.java:80)at com.volvo.automation.commonutilities.CommonWrapperMethods.takeSnap(CommonWrapperMethods.java:866)at com.volvo.reports.Reports.reportStep(Reports.java:80)at com.volvo.automation.commonutilities.CommonWrapperMethods.takeSnap(CommonWrapperMethods.java:866)at com.volvo.reports.Reports.reportStep(Reports.java:80)at com.volvo.automation.commonutilities.CommonWrapperMethods.takeSnap(CommonWrapperMethods.java:866)at com.volvo.reports.Reports.reportStep(Reports.java:80)at com.volvo.automation.commonutilities.CommonWrapperMethods.takeSnap(CommonWrapperMethods.java:866)at com.volvo.reports.Reports.reportStep(Reports.java:80)at com.volvo.automation.commonutilities.CommonWrapperMethods.takeSnap(CommonWrapperMethods.java:866)at com.volvo.reports.Reports.reportStep(Reports.java:80)at com.volvo.automation.commonutilities.CommonWrapperMethods.takeSnap(CommonWrapperMethods.java:866)at com.volvo.reports.Reports.reportStep(Reports.java:80)at com.volvo.automation.commonutilities.CommonWrapperMethods.takeSnap(CommonWrapperMethods.java:866)at com.volvo.reports.Reports.reportStep(Reports.java:80)at com.volvo.automation.commonutilities.CommonWrapperMethods.takeSnap(CommonWrapperMethods.java:866)at com.volvo.reports.Reports.reportStep(Reports.java:80)at com.volvo.automation.commonutilities.CommonWrapperMethods.takeSnap(CommonWrapperMethods.java:866)at com.volvo.reports.Reports.reportStep(Reports.java:80)at com.volvo.automation.commonutilities.CommonWrapperMethods.takeSnap(CommonWrapperMethods.java:866)at com.volvo.reports.Reports.reportStep(Reports.java:80)at com.volvo.automation.commonutilities.CommonWrapperMethods.takeSnap(CommonWrapperMethods.java:866)at com.volvo.reports.Reports.reportStep(Reports.java:80)at com.volvo.automation.commonutilities.CommonWrapperMethods.takeSnap(CommonWrapperMethods.java:866)at com.volvo.reports.Reports.reportStep(Reports.java:80)at com.volvo.automation.commonutilities.CommonWrapperMethods.takeSnap(CommonWrapperMethods.java:866)at com.volvo.reports.Reports.reportStep(Reports.java:80)at com.volvo.automation.commonutilities.CommonWrapperMethods.takeSnap(CommonWrapperMethods.java:866)at com.volvo.reports.Reports.reportStep(Reports.java:80)at com.volvo.automation.commonutilities.CommonWrapperMethods.takeSnap(CommonWrapperMethods.java:866)at com.volvo.reports.Reports.reportStep(Reports.java:80)at com.volvo.automation.commonutilities.CommonWrapperMethods.takeSnap(CommonWrapperMethods.java:866)at com.volvo.reports.Reports.reportStep(Reports.java:80)at com.volvo.automation.commonutilities.CommonWrapperMethods.takeSnap(CommonWrapperMethods.java:866)at com.volvo.reports.Reports.reportStep(Reports.java:80)at com.volvo.automation.commonutilities.CommonWrapperMethods.takeSnap(CommonWrapperMethods.java:866)at com.volvo.reports.Reports.reportStep(Reports.java:80)at com.volvo.automation.commonutilities.CommonWrapperMethods.takeSnap(CommonWrapperMethods.java:866)at com.volvo.reports.Reports.reportStep(Reports.java:80)at com.volvo.automation.commonutilities.CommonWrapperMethods.takeSnap(CommonWrapperMethods.java:866)at com.volvo.reports.Reports.reportStep(Reports.java:80)at com.volvo.automation.commonutilities.CommonWrapperMethods.takeSnap(CommonWrapperMethods.java:866)at com.volvo.reports.Reports.reportStep(Reports.java:80)at com.volvo.automation.commonutilities.CommonWrapperMethods.takeSnap(CommonWrapperMethods.java:866)at com.volvo.reports.Reports.reportStep(Reports.java:80)at com.volvo.automation.commonutilities.CommonWrapperMethods.takeSnap(CommonWrapperMethods.java:866)at com.volvo.reports.Reports.reportStep(Reports.java:80)at com.volvo.automation.commonutilities.CommonWrapperMethods.takeSnap(CommonWrapperMethods.java:866)at com.volvo.reports.Reports.reportStep(Reports.java:80)at com.volvo.automation.commonutilities.CommonWrapperMethods.takeSnap(CommonWrapperMethods.java:866)at com.volvo.reports.Reports.reportStep(Reports.java:80)at com.volvo.automation.commonutilities.CommonWrapperMethods.takeSnap(CommonWrapperMethods.java:866)at com.volvo.reports.Reports.reportStep(Reports.java:80)at com.volvo.automation.commonutilities.CommonWrapperMethods.takeSnap(CommonWrapperMethods.java:866)at com.volvo.reports.Reports.reportStep(Reports.java:80)at com.volvo.automation.commonutilities.CommonWrapperMethods.takeSnap(CommonWrapperMethods.java:866)at com.volvo.reports.Reports.reportStep(Reports.java:80)at com.volvo.automation.commonutilities.CommonWrapperMethods.takeSnap(CommonWrapperMethods.java:866)at com.volvo.reports.Reports.reportStep(Reports.java:80)at com.volvo.automation.commonutilities.CommonWrapperMethods.takeSnap(CommonWrapperMethods.java:866)at com.volvo.reports.Reports.reportStep(Reports.java:80)at com.volvo.automation.commonutilities.CommonWrapperMethods.takeSnap(CommonWrapperMethods.java:866)at com.volvo.reports.Reports.reportStep(Reports.java:80)at com.volvo.automation.commonutilities.CommonWrapperMethods.takeSnap(CommonWrapperMethods.java:866)at com.volvo.reports.Reports.reportStep(Reports.java:80)at com.volvo.automation.commonutilities.CommonWrapperMethods.takeSnap(CommonWrapperMethods.java:866)at com.volvo.reports.Reports.reportStep(Reports.java:80)at com.volvo.automation.commonutilities.CommonWrapperMethods.takeSnap(CommonWrapperMethods.java:866)at com.volvo.reports.Reports.reportStep(Reports.java:80)at com.volvo.automation.commonutilities.CommonWrapperMethods.takeSnap(CommonWrapperMethods.java:866)at com.volvo.reports.Reports.reportStep(Reports.java:80)at com.volvo.automation.commonutilities.CommonWrapperMethods.takeSnap(CommonWrapperMethods.java:866)at com.volvo.reports.Reports.reportStep(Reports.java:80)at com.volvo.automation.commonutilities.CommonWrapperMethods.takeSnap(CommonWrapperMethods.java:866)at com.volvo.reports.Reports.reportStep(Reports.java:80)at com.volvo.automation.commonutilities.CommonWrapperMethods.takeSnap(CommonWrapperMethods.java:866)at com.volvo.reports.Reports.reportStep(Reports.java:80)at com.volvo.automation.commonutilities.CommonWrapperMethods.takeSnap(CommonWrapperMethods.java:866)at com.volvo.reports.Reports.reportStep(Reports.java:80)at com.volvo.automation.commonutilities.CommonWrapperMethods.takeSnap(CommonWrapperMethods.java:866)at com.volvo.reports.Reports.reportStep(Reports.java:80)at com.volvo.automation.commonutilities.CommonWrapperMethods.takeSnap(CommonWrapperMethods.java:866)at com.volvo.reports.Reports.reportStep(Reports.java:80)at com.volvo.automation.commonutilities.CommonWrapperMethods.takeSnap(CommonWrapperMethods.java:866)at com.volvo.reports.Reports.reportStep(Reports.java:80)at com.volvo.automation.commonutilities.CommonWrapperMethods.takeSnap(CommonWrapperMethods.java:866)at com.volvo.reports.Reports.reportStep(Reports.java:80)at com.volvo.automation.commonutilities.CommonWrapperMethods.takeSnap(CommonWrapperMethods.java:866)at com.volvo.reports.Reports.reportStep(Reports.java:80)at com.volvo.automation.commonutilities.CommonWrapperMethods.takeSnap(CommonWrapperMethods.java:866)at com.volvo.reports.Reports.reportStep(Reports.java:80)at com.volvo.automation.commonutilities.CommonWrapperMethods.takeSnap(CommonWrapperMethods.java:866)at com.volvo.reports.Reports.reportStep(Reports.java:80)at com.volvo.automation.commonutilities.CommonWrapperMethods.takeSnap(CommonWrapperMethods.java:866)at com.volvo.reports.Reports.reportStep(Reports.java:80)at com.volvo.automation.commonutilities.CommonWrapperMethods.takeSnap(CommonWrapperMethods.java:866)at com.volvo.reports.Reports.reportStep(Reports.java:80)at com.volvo.automation.commonutilities.CommonWrapperMethods.takeSnap(CommonWrapperMethods.java:866)at com.volvo.reports.Reports.reportStep(Reports.java:80)at com.volvo.automation.commonutilities.CommonWrapperMethods.takeSnap(CommonWrapperMethods.java:866)at com.volvo.reports.Reports.reportStep(Reports.java:80)at com.volvo.automation.commonutilities.CommonWrapperMethods.takeSnap(CommonWrapperMethods.java:866)at com.volvo.reports.Reports.reportStep(Reports.java:80)at com.volvo.automation.commonutilities.CommonWrapperMethods.takeSnap(CommonWrapperMethods.java:866)at com.volvo.reports.Reports.reportStep(Reports.java:80)at com.volvo.automation.commonutilities.CommonWrapperMethods.takeSnap(CommonWrapperMethods.java:866)at com.volvo.reports.Reports.reportStep(Reports.java:80)at com.volvo.automation.commonutilities.CommonWrapperMethods.takeSnap(CommonWrapperMethods.java:866)at com.volvo.reports.Reports.reportStep(Reports.java:80)at com.volvo.automation.commonutilities.CommonWrapperMethods.takeSnap(CommonWrapperMethods.java:866)at com.volvo.reports.Reports.reportStep(Reports.java:80)at com.volvo.automation.commonutilities.CommonWrapperMethods.takeSnap(CommonWrapperMethods.java:866)at com.volvo.reports.Reports.reportStep(Reports.java:80)at com.volvo.automation.commonutilities.CommonWrapperMethods.takeSnap(CommonWrapperMethods.java:866)at com.volvo.reports.Reports.reportStep(Reports.java:80)at com.volvo.automation.commonutilities.CommonWrapperMethods.takeSnap(CommonWrapperMethods.java:866)at com.volvo.reports.Reports.reportStep(Reports.java:80)at com.volvo.automation.commonutilities.CommonWrapperMethods.takeSnap(CommonWrapperMethods.java:866)at com.volvo.reports.Reports.reportStep(Reports.java:80)at com.volvo.automation.commonutilities.CommonWrapperMethods.takeSnap(CommonWrapperMethods.java:866)at com.volvo.reports.Reports.reportStep(Reports.java:80)at com.volvo.automation.commonutilities.CommonWrapperMethods.takeSnap(CommonWrapperMethods.java:866)at com.volvo.reports.Reports.reportStep(Reports.java:80)at com.volvo.automation.commonutilities.CommonWrapperMethods.takeSnap(CommonWrapperMethods.java:866)at com.volvo.reports.Reports.reportStep(Reports.java:80)at com.volvo.automation.commonutilities.CommonWrapperMethods.takeSnap(CommonWrapperMethods.java:866)at com.volvo.reports.Reports.reportStep(Reports.java:80)at com.volvo.automation.commonutilities.CommonWrapperMethods.takeSnap(CommonWrapperMethods.java:866)at com.volvo.reports.Reports.reportStep(Reports.java:80)at com.volvo.automation.commonutilities.CommonWrapperMethods.takeSnap(CommonWrapperMethods.java:866)at com.volvo.reports.Reports.reportStep(Reports.java:80)at com.volvo.automation.commonutilities.CommonWrapperMethods.takeSnap(CommonWrapperMethods.java:866)at com.volvo.reports.Reports.reportStep(Reports.java:80)at com.volvo.automation.commonutilities.CommonWrapperMethods.takeSnap(CommonWrapperMethods.java:866)at com.volvo.reports.Reports.reportStep(Reports.java:80)at com.volvo.automation.commonutilities.CommonWrapperMethods.takeSnap(CommonWrapperMethods.java:866)at com.volvo.reports.Reports.reportStep(Reports.java:80)at com.volvo.automation.commonutilities.CommonWrapperMethods.takeSnap(CommonWrapperMethods.java:866)at com.volvo.reports.Reports.reportStep(Reports.java:80)at com.volvo.automation.commonutilities.CommonWrapperMethods.takeSnap(CommonWrapperMethods.java:866)at com.volvo.reports.Reports.reportStep(Reports.java:80)at com.volvo.automation.commonutilities.CommonWrapperMethods.takeSnap(CommonWrapperMethods.java:866)at com.volvo.reports.Reports.reportStep(Reports.java:80)at com.volvo.automation.commonutilities.CommonWrapperMethods.takeSnap(CommonWrapperMethods.java:866)at com.volvo.reports.Reports.reportStep(Reports.java:80)at com.volvo.automation.commonutilities.CommonWrapperMethods.takeSnap(CommonWrapperMethods.java:866)at com.volvo.reports.Reports.reportStep(Reports.java:80)at com.volvo.automation.commonutilities.CommonWrapperMethods.takeSnap(CommonWrapperMethods.java:866)at com.volvo.reports.Reports.reportStep(Reports.java:80)at com.volvo.automation.commonutilities.CommonWrapperMethods.takeSnap(CommonWrapperMethods.java:866)at com.volvo.reports.Reports.reportStep(Reports.java:80)at com.volvo.automation.commonutilities.CommonWrapperMethods.takeSnap(CommonWrapperMethods.java:866)at com.volvo.reports.Reports.reportStep(Reports.java:80)at com.volvo.automation.commonutilities.CommonWrapperMethods.takeSnap(CommonWrapperMethods.java:866)at com.volvo.reports.Reports.reportStep(Reports.java:80)at com.volvo.automation.commonutilities.CommonWrapperMethods.takeSnap(CommonWrapperMethods.java:866)at com.volvo.reports.Reports.reportStep(Reports.java:80)at com.volvo.automation.commonutilities.CommonWrapperMethods.takeSnap(CommonWrapperMethods.java:866)at com.volvo.reports.Reports.reportStep(Reports.java:80)at com.volvo.automation.commonutilities.CommonWrapperMethods.takeSnap(CommonWrapperMethods.java:866)at com.volvo.reports.Reports.reportStep(Reports.java:80)at com.volvo.automation.commonutilities.CommonWrapperMethods.takeSnap(CommonWrapperMethods.java:866)at com.volvo.reports.Reports.reportStep(Reports.java:80)at com.volvo.automation.commonutilities.CommonWrapperMethods.takeSnap(CommonWrapperMethods.java:866)at com.volvo.reports.Reports.reportStep(Reports.java:80)at com.volvo.automation.commonutilities.CommonWrapperMethods.takeSnap(CommonWrapperMethods.java:866)at com.volvo.reports.Reports.reportStep(Reports.java:80)at com.volvo.automation.commonutilities.CommonWrapperMethods.takeSnap(CommonWrapperMethods.java:866)at com.volvo.reports.Reports.reportStep(Reports.java:80)at com.volvo.automation.commonutilities.CommonWrapperMethods.takeSnap(CommonWrapperMethods.java:866)at com.volvo.reports.Reports.reportStep(Reports.java:80)at com.volvo.automation.commonutilities.CommonWrapperMethods.takeSnap(CommonWrapperMethods.java:866)at com.volvo.reports.Reports.reportStep(Reports.java:80)at com.volvo.automation.commonutilities.CommonWrapperMethods.takeSnap(CommonWrapperMethods.java:866)at com.volvo.reports.Reports.reportStep(Reports.java:80)at com.volvo.automation.commonutilities.CommonWrapperMethods.takeSnap(CommonWrapperMethods.java:866)at com.volvo.reports.Reports.reportStep(Reports.java:80)at com.volvo.automation.commonutilities.CommonWrapperMethods.takeSnap(CommonWrapperMethods.java:866)at com.volvo.reports.Reports.reportStep(Reports.java:80)at com.volvo.automation.commonutilities.CommonWrapperMethods.takeSnap(CommonWrapperMethods.java:866)at com.volvo.reports.Reports.reportStep(Reports.java:80)at com.volvo.automation.commonutilities.CommonWrapperMethods.takeSnap(CommonWrapperMethods.java:866)at com.volvo.reports.Reports.reportStep(Reports.java:80)at com.volvo.automation.commonutilities.CommonWrapperMethods.takeSnap(CommonWrapperMethods.java:866)at com.volvo.reports.Reports.reportStep(Reports.java:80)at com.volvo.automation.commonutilities.CommonWrapperMethods.takeSnap(CommonWrapperMethods.java:866)at com.volvo.reports.Reports.reportStep(Reports.java:80)at com.volvo.automation.commonutilities.CommonWrapperMethods.takeSnap(CommonWrapperMethods.java:866)at com.volvo.reports.Reports.reportStep(Reports.java:80)at com.volvo.automation.commonutilities.CommonWrapperMethods.takeSnap(CommonWrapperMethods.java:866)at com.volvo.reports.Reports.reportStep(Reports.java:80)at com.volvo.automation.commonutilities.CommonWrapperMethods.takeSnap(CommonWrapperMethods.java:866)at com.volvo.reports.Reports.reportStep(Reports.java:80)at com.volvo.automation.commonutilities.CommonWrapperMethods.takeSnap(CommonWrapperMethods.java:866)at com.volvo.reports.Reports.reportStep(Reports.java:80)at com.volvo.automation.commonutilities.CommonWrapperMethods.takeSnap(CommonWrapperMethods.java:866)at com.volvo.reports.Reports.reportStep(Reports.java:80)at com.volvo.automation.commonutilities.CommonWrapperMethods.takeSnap(CommonWrapperMethods.java:866)at com.volvo.reports.Reports.reportStep(Reports.java:80)at com.volvo.automation.commonutilities.CommonWrapperMethods.takeSnap(CommonWrapperMethods.java:866)at com.volvo.reports.Reports.reportStep(Reports.java:80)at com.volvo.automation.commonutilities.CommonWrapperMethods.takeSnap(CommonWrapperMethods.java:866)at com.volvo.reports.Reports.reportStep(Reports.java:80)at com.volvo.automation.commonutilities.CommonWrapperMethods.takeSnap(CommonWrapperMethods.java:866)at com.volvo.reports.Reports.reportStep(Reports.java:80)at com.volvo.automation.commonutilities.CommonWrapperMethods.takeSnap(CommonWrapperMethods.java:866)at com.volvo.reports.Reports.reportStep(Reports.java:80)at com.volvo.automation.commonutilities.CommonWrapperMethods.takeSnap(CommonWrapperMethods.java:866)at com.volvo.reports.Reports.reportStep(Reports.java:80)at com.volvo.automation.commonutilities.CommonWrapperMethods.takeSnap(CommonWrapperMethods.java:866)at com.volvo.reports.Reports.reportStep(Reports.java:80)at com.volvo.automation.commonutilities.CommonWrapperMethods.takeSnap(CommonWrapperMethods.java:866)at com.volvo.reports.Reports.reportStep(Reports.java:80)at com.volvo.automation.commonutilities.CommonWrapperMethods.takeSnap(CommonWrapperMethods.java:866)at com.volvo.reports.Reports.reportStep(Reports.java:80)at com.volvo.automation.commonutilities.CommonWrapperMethods.takeSnap(CommonWrapperMethods.java:866)at com.volvo.reports.Reports.reportStep(Reports.java:80)at com.volvo.automation.commonutilities.CommonWrapperMethods.takeSnap(CommonWrapperMethods.java:866)at com.volvo.reports.Reports.reportStep(Reports.java:80)at com.volvo.automation.commonutilities.CommonWrapperMethods.takeSnap(CommonWrapperMethods.java:866)at com.volvo.reports.Reports.reportStep(Reports.java:80)at com.volvo.automation.commonutilities.CommonWrapperMethods.takeSnap(CommonWrapperMethods.java:866)at com.volvo.reports.Reports.reportStep(Reports.java:80)at com.volvo.automation.commonutilities.CommonWrapperMethods.takeSnap(CommonWrapperMethods.java:866)at com.volvo.reports.Reports.reportStep(Reports.java:80)at com.volvo.automation.commonutilities.CommonWrapperMethods.takeSnap(CommonWrapperMethods.java:866)at com.volvo.reports.Reports.reportStep(Reports.java:80)at com.volvo.automation.commonutilities.CommonWrapperMethods.takeSnap(CommonWrapperMethods.java:866)at com.volvo.reports.Reports.reportStep(Reports.java:80)at com.volvo.automation.commonutilities.CommonWrapperMethods.takeSnap(CommonWrapperMethods.java:866)at com.volvo.reports.Reports.reportStep(Reports.java:80)at com.volvo.automation.commonutilities.CommonWrapperMethods.takeSnap(CommonWrapperMethods.java:866)at com.volvo.reports.Reports.reportStep(Reports.java:80)at com.volvo.automation.commonutilities.CommonWrapperMethods.takeSnap(CommonWrapperMethods.java:866)at com.volvo.reports.Reports.reportStep(Reports.java:80)at com.volvo.automation.commonutilities.CommonWrapperMethods.takeSnap(CommonWrapperMethods.java:866)at com.volvo.reports.Reports.reportStep(Reports.java:80)at com.volvo.automation.commonutilities.CommonWrapperMethods.takeSnap(CommonWrapperMethods.java:866)at com.volvo.reports.Reports.reportStep(Reports.java:80)at com.volvo.automation.commonutilities.CommonWrapperMethods.takeSnap(CommonWrapperMethods.java:866)at com.volvo.reports.Reports.reportStep(Reports.java:80)at com.volvo.automation.commonutilities.CommonWrapperMethods.takeSnap(CommonWrapperMethods.java:866)at com.volvo.reports.Reports.reportStep(Reports.java:80)at com.volvo.automation.commonutilities.CommonWrapperMethods.takeSnap(CommonWrapperMethods.java:866)at com.volvo.reports.Reports.reportStep(Reports.java:80)at com.volvo.automation.commonutilities.CommonWrapperMethods.takeSnap(CommonWrapperMethods.java:866)at com.volvo.reports.Reports.reportStep(Reports.java:80)at com.volvo.automation.commonutilities.CommonWrapperMethods.takeSnap(CommonWrapperMethods.java:866)at com.volvo.reports.Reports.reportStep(Reports.java:80)at com.volvo.automation.commonutilities.CommonWrapperMethods.takeSnap(CommonWrapperMethods.java:866)at com.volvo.reports.Reports.reportStep(Reports.java:80)at com.volvo.automation.commonutilities.CommonWrapperMethods.takeSnap(CommonWrapperMethods.java:866)at com.volvo.reports.Reports.reportStep(Reports.java:80)at com.volvo.automation.commonutilities.CommonWrapperMethods.takeSnap(CommonWrapperMethods.java:866)at com.volvo.reports.Reports.reportStep(Reports.java:80)at com.volvo.automation.commonutilities.CommonWrapperMethods.takeSnap(CommonWrapperMethods.java:866)at com.volvo.reports.Reports.reportStep(Reports.java:80)at com.volvo.automation.commonutilities.CommonWrapperMethods.takeSnap(CommonWrapperMethods.java:866)at com.volvo.reports.Reports.reportStep(Reports.java:80)at com.volvo.automation.commonutilities.CommonWrapperMethods.takeSnap(CommonWrapperMethods.java:866)at com.volvo.reports.Reports.reportStep(Reports.java:80)at com.volvo.automation.commonutilities.CommonWrapperMethods.takeSnap(CommonWrapperMethods.java:866)at com.volvo.reports.Reports.reportStep(Reports.java:80)at com.volvo.automation.commonutilities.CommonWrapperMethods.takeSnap(CommonWrapperMethods.java:866)at com.volvo.reports.Reports.reportStep(Reports.java:80)at com.volvo.automation.commonutilities.CommonWrapperMethods.takeSnap(CommonWrapperMethods.java:866)at com.volvo.reports.Reports.reportStep(Reports.java:80)at com.volvo.automation.commonutilities.CommonWrapperMethods.takeSnap(CommonWrapperMethods.java:866)at com.volvo.reports.Reports.reportStep(Reports.java:80)at com.volvo.automation.commonutilities.CommonWrapperMethods.takeSnap(CommonWrapperMethods.java:866)at com.volvo.reports.Reports.reportStep(Reports.java:80)at com.volvo.automation.commonutilities.CommonWrapperMethods.takeSnap(CommonWrapperMethods.java:866)at com.volvo.reports.Reports.reportStep(Reports.java:80)at com.volvo.automation.commonutilities.CommonWrapperMethods.takeSnap(CommonWrapperMethods.java:866)at com.volvo.reports.Reports.repor
[...]
com.volvo.automation.commonutilities.CommonWrapperMethods.takeSnap(CommonWrapperMethods.java:866)at com.volvo.reports.Reports.reportStep(Reports.java:80)at com.volvo.automation.commonutilities.CommonWrapperMethods.takeSnap(CommonWrapperMethods.java:866)at com.volvo.reports.Reports.reportStep(Reports.java:80)at com.volvo.automation.commonutilities.CommonWrapperMethods.takeSnap(CommonWrapperMethods.java:866)at com.volvo.reports.Reports.reportStep(Reports.java:80)at com.volvo.automation.commonutilities.CommonWrapperMethods.takeSnap(CommonWrapperMethods.java:866)at com.volvo.reports.Reports.reportStep(Reports.java:80)at com.volvo.automation.commonutilities.CommonWrapperMethods.takeSnap(CommonWrapperMethods.java:866)at com.volvo.reports.Reports.reportStep(Reports.java:80)at com.volvo.automation.commonutilities.CommonWrapperMethods.takeSnap(CommonWrapperMethods.java:866)at com.volvo.reports.Reports.reportStep(Reports.java:80)at com.volvo.automation.commonutilities.CommonWrapperMethods.takeSnap(CommonWrapperMethods.java:866)at com.volvo.reports.Reports.reportStep(Reports.java:80)at com.volvo.automation.commonutilities.CommonWrapperMethods.takeSnap(CommonWrapperMethods.java:866)at com.volvo.reports.Reports.reportStep(Reports.java:80)at com.volvo.automation.commonutilities.CommonWrapperMethods.takeSnap(CommonWrapperMethods.java:866)at com.volvo.reports.Reports.reportStep(Reports.java:80)at com.volvo.automation.commonutilities.CommonWrapperMethods.takeSnap(CommonWrapperMethods.java:866)at com.volvo.reports.Reports.reportStep(Reports.java:80)at com.volvo.automation.commonutilities.CommonWrapperMethods.takeSnap(CommonWrapperMethods.java:866)at com.volvo.reports.Reports.reportStep(Reports.java:80)at com.volvo.automation.commonutilities.CommonWrapperMethods.takeSnap(CommonWrapperMethods.java:866)at com.volvo.reports.Reports.reportStep(Reports.java:80)at com.volvo.automation.commonutilities.CommonWrapperMethods.takeSnap(CommonWrapperMethods.java:866)at com.volvo.reports.Reports.reportStep(Reports.java:80)at com.volvo.automation.commonutilities.CommonWrapperMethods.takeSnap(CommonWrapperMethods.java:866)at com.volvo.reports.Reports.reportStep(Reports.java:80)at com.volvo.automation.commonutilities.CommonWrapperMethods.takeSnap(CommonWrapperMethods.java:866)at com.volvo.reports.Reports.reportStep(Reports.java:80)at com.volvo.automation.commonutilities.CommonWrapperMethods.takeSnap(CommonWrapperMethods.java:866)at com.volvo.reports.Reports.reportStep(Reports.java:80)at com.volvo.automation.commonutilities.CommonWrapperMethods.takeSnap(CommonWrapperMethods.java:866)at com.volvo.reports.Reports.reportStep(Reports.java:80)at com.volvo.automation.commonutilities.CommonWrapperMethods.takeSnap(CommonWrapperMethods.java:866)at com.volvo.reports.Reports.reportStep(Reports.java:80)at com.volvo.automation.commonutilities.CommonWrapperMethods.takeSnap(CommonWrapperMethods.java:866)at com.volvo.reports.Reports.reportStep(Reports.java:80)at com.volvo.automation.commonutilities.CommonWrapperMethods.takeSnap(CommonWrapperMethods.java:866)at com.volvo.reports.Reports.reportStep(Reports.java:80)at com.volvo.automation.commonutilities.CommonWrapperMethods.takeSnap(CommonWrapperMethods.java:866)at com.volvo.reports.Reports.reportStep(Reports.java:80)at com.volvo.automation.commonutilities.CommonWrapperMethods.takeSnap(CommonWrapperMethods.java:866)at com.volvo.reports.Reports.reportStep(Reports.java:80)at com.volvo.automation.commonutilities.CommonWrapperMethods.takeSnap(CommonWrapperMethods.java:866)at com.volvo.reports.Reports.reportStep(Reports.java:80)at com.volvo.automation.commonutilities.CommonWrapperMethods.takeSnap(CommonWrapperMethods.java:866)at com.volvo.reports.Reports.reportStep(Reports.java:80)at com.volvo.automation.commonutilities.CommonWrapperMethods.takeSnap(CommonWrapperMethods.java:866)at com.volvo.reports.Reports.reportStep(Reports.java:80)at com.volvo.automation.commonutilities.CommonWrapperMethods.takeSnap(CommonWrapperMethods.java:866)at com.volvo.reports.Reports.reportStep(Reports.java:80)at com.volvo.automation.commonutilities.CommonWrapperMethods.takeSnap(CommonWrapperMethods.java:866)at com.volvo.reports.Reports.reportStep(Reports.java:80)at com.volvo.automation.commonutilities.CommonWrapperMethods.takeSnap(CommonWrapperMethods.java:866)at com.volvo.reports.Reports.reportStep(Reports.java:80)at com.volvo.automation.commonutilities.CommonWrapperMethods.takeSnap(CommonWrapperMethods.java:866)at com.volvo.reports.Reports.reportStep(Reports.java:80)at com.volvo.automation.commonutilities.CommonWrapperMethods.takeSnap(CommonWrapperMethods.java:866)at com.volvo.reports.Reports.reportStep(Reports.java:80)at com.volvo.automation.commonutilities.CommonWrapperMethods.takeSnap(CommonWrapperMethods.java:866)at com.volvo.reports.Reports.reportStep(Reports.java:80)at com.volvo.automation.commonutilities.CommonWrapperMethods.takeSnap(CommonWrapperMethods.java:866)at com.volvo.reports.Reports.reportStep(Reports.java:80)at com.volvo.automation.commonutilities.CommonWrapperMethods.takeSnap(CommonWrapperMethods.java:866)at com.volvo.reports.Reports.reportStep(Reports.java:80)at com.volvo.automation.commonutilities.CommonWrapperMethods.takeSnap(CommonWrapperMethods.java:866)at com.volvo.reports.Reports.reportStep(Reports.java:80)at com.volvo.automation.commonutilities.CommonWrapperMethods.takeSnap(CommonWrapperMethods.java:866)at com.volvo.reports.Reports.reportStep(Reports.java:80)at com.volvo.automation.commonutilities.CommonWrapperMethods.takeSnap(CommonWrapperMethods.java:866)at com.volvo.reports.Reports.reportStep(Reports.java:80)at com.volvo.automation.commonutilities.CommonWrapperMethods.takeSnap(CommonWrapperMethods.java:866)at com.volvo.reports.Reports.reportStep(Reports.java:80)at com.volvo.automation.commonutilities.CommonWrapperMethods.takeSnap(CommonWrapperMethods.java:866)at com.volvo.reports.Reports.reportStep(Reports.java:80)at com.volvo.automation.commonutilities.CommonWrapperMethods.takeSnap(CommonWrapperMethods.java:866)at com.volvo.reports.Reports.reportStep(Reports.java:80)at com.volvo.automation.commonutilities.CommonWrapperMethods.takeSnap(CommonWrapperMethods.java:866)at com.volvo.reports.Reports.reportStep(Reports.java:80)at com.volvo.automation.commonutilities.CommonWrapperMethods.takeSnap(CommonWrapperMethods.java:866)at com.volvo.reports.Reports.reportStep(Reports.java:80)at com.volvo.automation.commonutilities.CommonWrapperMethods.takeSnap(CommonWrapperMethods.java:866)at com.volvo.reports.Reports.reportStep(Reports.java:80)at com.volvo.automation.commonutilities.CommonWrapperMethods.takeSnap(CommonWrapperMethods.java:866)at com.volvo.reports.Reports.reportStep(Reports.java:80)at com.volvo.automation.commonutilities.CommonWrapperMethods.takeSnap(CommonWrapperMethods.java:866)at com.volvo.reports.Reports.reportStep(Reports.java:80)at com.volvo.automation.commonutilities.CommonWrapperMethods.takeSnap(CommonWrapperMethods.java:866)at com.volvo.reports.Reports.reportStep(Reports.java:80)at com.volvo.automation.commonutilities.CommonWrapperMethods.takeSnap(CommonWrapperMethods.java:866)at com.volvo.reports.Reports.reportStep(Reports.java:80)at com.volvo.automation.commonutilities.CommonWrapperMethods.takeSnap(CommonWrapperMethods.java:866)at com.volvo.reports.Reports.reportStep(Reports.java:80)at com.volvo.automation.commonutilities.CommonWrapperMethods.takeSnap(CommonWrapperMethods.java:866)at com.volvo.reports.Reports.reportStep(Reports.java:80)at com.volvo.automation.commonutilities.CommonWrapperMethods.takeSnap(CommonWrapperMethods.java:866)at com.volvo.reports.Reports.reportStep(Reports.java:80)at com.volvo.automation.commonutilities.CommonWrapperMethods.takeSnap(CommonWrapperMethods.java:866)at com.volvo.reports.Reports.reportStep(Reports.java:80)at com.volvo.automation.commonutilities.CommonWrapperMethods.takeSnap(CommonWrapperMethods.java:866)at com.volvo.reports.Reports.reportStep(Reports.java:80)at com.volvo.automation.commonutilities.CommonWrapperMethods.takeSnap(CommonWrapperMethods.java:866)at com.volvo.reports.Reports.reportStep(Reports.java:80)at com.volvo.automation.commonutilities.CommonWrapperMethods.takeSnap(CommonWrapperMethods.java:866)at com.volvo.reports.Reports.reportStep(Reports.java:80)at com.volvo.automation.commonutilities.CommonWrapperMethods.takeSnap(CommonWrapperMethods.java:866)at com.volvo.reports.Reports.reportStep(Reports.java:80)at com.volvo.automation.commonutilities.CommonWrapperMethods.takeSnap(CommonWrapperMethods.java:866)at com.volvo.reports.Reports.reportStep(Reports.java:80)at com.volvo.automation.commonutilities.CommonWrapperMethods.takeSnap(CommonWrapperMethods.java:866)at com.volvo.reports.Reports.reportStep(Reports.java:80)at com.volvo.automation.commonutilities.CommonWrapperMethods.takeSnap(CommonWrapperMethods.java:866)at com.volvo.reports.Reports.reportStep(Reports.java:80)at com.volvo.automation.commonutilities.CommonWrapperMethods.takeSnap(CommonWrapperMethods.java:866)at com.volvo.reports.Reports.reportStep(Reports.java:80)at com.volvo.automation.commonutilities.CommonWrapperMethods.takeSnap(CommonWrapperMethods.java:866)at com.volvo.reports.Reports.reportStep(Reports.java:80)at com.volvo.automation.commonutilities.CommonWrapperMethods.takeSnap(CommonWrapperMethods.java:866)at com.volvo.reports.Reports.reportStep(Reports.java:80)at com.volvo.automation.commonutilities.CommonWrapperMethods.takeSnap(CommonWrapperMethods.java:866)at com.volvo.reports.Reports.reportStep(Reports.java:80)at com.volvo.automation.commonutilities.CommonWrapperMethods.takeSnap(CommonWrapperMethods.java:866)at com.volvo.reports.Reports.reportStep(Reports.java:80)at com.volvo.automation.commonutilities.CommonWrapperMethods.takeSnap(CommonWrapperMethods.java:866)at com.volvo.reports.Reports.reportStep(Reports.java:80)at com.volvo.automation.commonutilities.CommonWrapperMethods.takeSnap(CommonWrapperMethods.java:866)at com.volvo.reports.Reports.reportStep(Reports.java:80)at com.volvo.automation.commonutilities.CommonWrapperMethods.takeSnap(CommonWrapperMethods.java:866)at com.volvo.reports.Reports.reportStep(Reports.java:80)at com.volvo.automation.commonutilities.CommonWrapperMethods.takeSnap(CommonWrapperMethods.java:866)at com.volvo.reports.Reports.reportStep(Reports.java:80)at com.volvo.automation.commonutilities.CommonWrapperMethods.takeSnap(CommonWrapperMethods.java:866)at com.volvo.reports.Reports.reportStep(Reports.java:80)at com.volvo.automation.commonutilities.CommonWrapperMethods.takeSnap(CommonWrapperMethods.java:866)at com.volvo.reports.Reports.reportStep(Reports.java:80)at com.volvo.automation.commonutilities.CommonWrapperMethods.takeSnap(CommonWrapperMethods.java:866)at com.volvo.reports.Reports.reportStep(Reports.java:80)at com.volvo.automation.commonutilities.CommonWrapperMethods.takeSnap(CommonWrapperMethods.java:866)at com.volvo.reports.Reports.reportStep(Reports.java:80)at com.volvo.automation.commonutilities.CommonWrapperMethods.takeSnap(CommonWrapperMethods.java:866)at com.volvo.reports.Reports.reportStep(Reports.java:80)at com.volvo.automation.commonutilities.CommonWrapperMethods.takeSnap(CommonWrapperMethods.java:866)at com.volvo.reports.Reports.reportStep(Reports.java:80)at com.volvo.automation.commonutilities.CommonWrapperMethods.takeSnap(CommonWrapperMethods.java:866)at com.volvo.reports.Reports.reportStep(Reports.java:80)at com.volvo.automation.commonutilities.CommonWrapperMethods.takeSnap(CommonWrapperMethods.java:866)at com.volvo.reports.Reports.reportStep(Reports.java:80)at com.volvo.automation.commonutilities.CommonWrapperMethods.takeSnap(CommonWrapperMethods.java:866)at com.volvo.reports.Reports.reportStep(Reports.java:80)at com.volvo.automation.commonutilities.CommonWrapperMethods.takeSnap(CommonWrapperMethods.java:866)at com.volvo.reports.Reports.reportStep(Reports.java:80)at com.volvo.automation.commonutilities.CommonWrapperMethods.takeSnap(CommonWrapperMethods.java:866)at com.volvo.reports.Reports.reportStep(Reports.java:80)at com.volvo.automation.commonutilities.CommonWrapperMethods.takeSnap(CommonWrapperMethods.java:866)at com.volvo.reports.Reports.reportStep(Reports.java:80)at com.volvo.automation.commonutilities.CommonWrapperMethods.takeSnap(CommonWrapperMethods.java:866)at com.volvo.reports.Reports.reportStep(Reports.java:80)at com.volvo.automation.commonutilities.CommonWrapperMethods.takeSnap(CommonWrapperMethods.java:866)at com.volvo.reports.Reports.reportStep(Reports.java:80)at com.volvo.automation.commonutilities.CommonWrapperMethods.takeSnap(CommonWrapperMethods.java:866)at com.volvo.reports.Reports.reportStep(Reports.java:80)at com.volvo.automation.commonutilities.CommonWrapperMethods.takeSnap(CommonWrapperMethods.java:866)at com.volvo.reports.Reports.reportStep(Reports.java:80)at com.volvo.automation.commonutilities.CommonWrapperMethods.takeSnap(CommonWrapperMethods.java:866)at com.volvo.reports.Reports.reportStep(Reports.java:80)at com.volvo.automation.commonutilities.CommonWrapperMethods.takeSnap(CommonWrapperMethods.java:866)at com.volvo.reports.Reports.reportStep(Reports.java:80)at com.volvo.automation.commonutilities.CommonWrapperMethods.takeSnap(CommonWrapperMethods.java:866)at com.volvo.reports.Reports.reportStep(Reports.java:80)at com.volvo.automation.commonutilities.CommonWrapperMethods.takeSnap(CommonWrapperMethods.java:866)at com.volvo.reports.Reports.reportStep(Reports.java:80)at com.volvo.automation.commonutilities.CommonWrapperMethods.takeSnap(CommonWrapperMethods.java:866)at com.volvo.reports.Reports.reportStep(Reports.java:80)at com.volvo.automation.commonutilities.CommonWrapperMethods.takeSnap(CommonWrapperMethods.java:866)]]>
            </full-stacktrace>
          </exception> <!-- java.lang.StackOverflowError -->
          <reporter-output>
          </reporter-output>
        </test-method> <!-- TUGGER -->
        <test-method status="PASS" signature="afterMethod()[pri:0, instance:com.volvo.mfg.StepDefinition.DriverSuite@553f17c]" name="afterMethod" is-config="true" duration-ms="0" started-at="2018-10-24T12:13:47Z" finished-at="2018-10-24T12:13:47Z">
          <reporter-output>
          </reporter-output>
        </test-method> <!-- afterMethod -->
        <test-method status="FAIL" signature="afterTest()[pri:0, instance:com.volvo.mfg.StepDefinition.DriverSuite@553f17c]" name="afterTest" is-config="true" duration-ms="36" started-at="2018-10-24T12:13:47Z" finished-at="2018-10-24T12:13:47Z">
          <exception class="org.openqa.selenium.SessionNotCreatedException">
            <message>
              <![CDATA[Tried to run command without establishing a connectionBuild info: version: '3.8.1', revision: '6e95a6684b', time: '2017-12-01T18:33:54.468Z'System info: host: 'GOT500VI73546', ip: '10.244.215.254', os.name: 'Windows 7', os.arch: 'amd64', os.version: '6.1', java.version: '1.8.0_151'Driver info: org.openqa.selenium.firefox.FirefoxDriverCapabilities {acceptInsecureCerts: true, browserName: firefox, browserVersion: 62.0.3, javascriptEnabled: true, moz:accessibilityChecks: false, moz:headless: false, moz:processID: 11884, moz:profile: C:\Users\RKALIYAP\AppData\L..., moz:useNonSpecCompliantPointerOrigin: false, moz:webdriverClick: true, pageLoadStrategy: normal, platform: XP, platformName: XP, platformVersion: 6.1, rotatable: false, timeouts: {implicit: 0, pageLoad: 300000, script: 30000}}Session ID: 55cb45fd-0932-4d0c-b85d-930847a486db]]>
            </message>
            <full-stacktrace>
              <![CDATA[org.openqa.selenium.SessionNotCreatedException: Tried to run command without establishing a connectionBuild info: version: '3.8.1', revision: '6e95a6684b', time: '2017-12-01T18:33:54.468Z'System info: host: 'GOT500VI73546', ip: '10.244.215.254', os.name: 'Windows 7', os.arch: 'amd64', os.version: '6.1', java.version: '1.8.0_151'Driver info: org.openqa.selenium.firefox.FirefoxDriverCapabilities {acceptInsecureCerts: true, browserName: firefox, browserVersion: 62.0.3, javascriptEnabled: true, moz:accessibilityChecks: false, moz:headless: false, moz:processID: 11884, moz:profile: C:\Users\RKALIYAP\AppData\L..., moz:useNonSpecCompliantPointerOrigin: false, moz:webdriverClick: true, pageLoadStrategy: normal, platform: XP, platformName: XP, platformVersion: 6.1, rotatable: false, timeouts: {implicit: 0, pageLoad: 300000, script: 30000}}Session ID: 55cb45fd-0932-4d0c-b85d-930847a486dbat sun.reflect.GeneratedConstructorAccessor62.newInstance(Unknown Source)at sun.reflect.DelegatingConstructorAccessorImpl.newInstance(DelegatingConstructorAccessorImpl.java:45)at java.lang.reflect.Constructor.newInstance(Constructor.java:423)at org.openqa.selenium.remote.http.W3CHttpResponseCodec.createException(W3CHttpResponseCodec.java:187)at org.openqa.selenium.remote.http.W3CHttpResponseCodec.decode(W3CHttpResponseCodec.java:122)at org.openqa.selenium.remote.http.W3CHttpResponseCodec.decode(W3CHttpResponseCodec.java:49)at org.openqa.selenium.remote.HttpCommandExecutor.execute(HttpCommandExecutor.java:164)at org.openqa.selenium.remote.service.DriverCommandExecutor.execute(DriverCommandExecutor.java:83)at org.openqa.selenium.remote.RemoteWebDriver.execute(RemoteWebDriver.java:601)at org.openqa.selenium.remote.RemoteWebDriver.execute(RemoteWebDriver.java:658)at org.openqa.selenium.remote.RemoteWebDriver.quit(RemoteWebDriver.java:497)at com.volvo.mfg.StepDefinition.BaseTest.afterTest(BaseTest.java:84)at sun.reflect.NativeMethodAccessorImpl.invoke0(Native Method)at sun.reflect.NativeMethodAccessorImpl.invoke(NativeMethodAccessorImpl.java:62)at sun.reflect.DelegatingMethodAccessorImpl.invoke(DelegatingMethodAccessorImpl.java:43)at java.lang.reflect.Method.invoke(Method.java:498)at org.testng.internal.MethodInvocationHelper.invokeMethod(MethodInvocationHelper.java:124)at org.testng.internal.MethodInvocationHelper.invokeMethodConsideringTimeout(MethodInvocationHelper.java:59)at org.testng.internal.Invoker.invokeConfigurationMethod(Invoker.java:451)at org.testng.internal.Invoker.invokeConfigurations(Invoker.java:222)at org.testng.internal.Invoker.invokeConfigurations(Invoker.java:142)at org.testng.TestRunner.afterRun(TestRunner.java:725)at org.testng.TestRunner.run(TestRunner.java:509)at org.testng.SuiteRunner.runTest(SuiteRunner.java:455)at org.testng.SuiteRunner.runSequentially(SuiteRunner.java:450)at org.testng.SuiteRunner.privateRun(SuiteRunner.java:415)at org.testng.SuiteRunner.run(SuiteRunner.java:364)at org.testng.SuiteRunnerWorker.runSuite(SuiteRunnerWorker.java:52)at org.testng.SuiteRunnerWorker.run(SuiteRunnerWorker.java:84)at org.testng.TestNG.runSuitesSequentially(TestNG.java:1187)at org.testng.TestNG.runSuitesLocally(TestNG.java:1116)at org.testng.TestNG.runSuites(TestNG.java:1028)at org.testng.TestNG.run(TestNG.java:996)at org.apache.maven.surefire.testng.TestNGExecutor.run(TestNGExecutor.java:281)at org.apache.maven.surefire.testng.TestNGXmlTestSuite.execute(TestNGXmlTestSuite.java:75)at org.apache.maven.surefire.testng.TestNGProvider.invoke(TestNGProvider.java:121)at org.apache.maven.surefire.booter.ForkedBooter.invokeProviderInSameClassLoader(ForkedBooter.java:290)at org.apache.maven.surefire.booter.ForkedBooter.runSuitesInProcess(ForkedBooter.java:242)at org.apache.maven.surefire.booter.ForkedBooter.main(ForkedBooter.java:121)]]>
            </full-stacktrace>
          </exception> <!-- org.openqa.selenium.SessionNotCreatedException -->
          <reporter-output>
          </reporter-output>
        </test-method> <!-- afterTest -->
        <test-method status="SKIP" signature="afterSuite(java.lang.String)[pri:0, instance:com.volvo.mfg.StepDefinition.DriverSuite@553f17c]" name="afterSuite" is-config="true" duration-ms="0" started-at="2018-10-24T12:13:48Z" finished-at="2018-10-24T12:13:48Z">
          <reporter-output>
          </reporter-output>
        </test-method> <!-- afterSuite -->
      </class> <!-- com.volvo.mfg.StepDefinition.DriverSuite -->
    </test> <!-- Tugger_FLOW -->
  </suite> <!-- Suite -->
</testng-results>
