<?xml version="1.0" encoding="UTF-8"?>
<!-- Generated by org.testng.reporters.JUnitXMLReporter -->
<testsuite hostname="VITRAMYAK" name="Adidas-Price Validation Module" tests="1" failures="0" timestamp="29 Jun 2016 04:03:32 GMT" time="9.693" errors="0">
  <testcase name="@BeforeClass setUp" time="0.0" classname="com.specomm.adidas.pricevalidation.PriceValidation">
    <failure type="java.lang.NullPointerException">
      <![CDATA[java.lang.NullPointerException
	at java.io.FileInputStream.<init>(FileInputStream.java:138)
	at java.io.FileInputStream.<init>(FileInputStream.java:101)
	at com.specomm.adidas.common.utils.ReusableActions.loadPropFileValues(ReusableActions.java:522)
	at com.specomm.adidas.pricevalidation.PriceValidation.setUp(PriceValidation.java:38)
	at org.apache.maven.surefire.testng.TestNGExecutor.run(TestNGExecutor.java:178)
	at org.apache.maven.surefire.testng.TestNGXmlTestSuite.execute(TestNGXmlTestSuite.java:92)
	at org.apache.maven.surefire.testng.TestNGProvider.invoke(TestNGProvider.java:96)
	at org.apache.maven.surefire.util.ReflectionUtils.invokeMethodWithArray2(ReflectionUtils.java:208)
	at org.apache.maven.surefire.booter.ProviderFactory$ProviderProxy.invoke(ProviderFactory.java:158)
	at org.apache.maven.surefire.booter.ProviderFactory.invokeProvider(ProviderFactory.java:86)
	at org.apache.maven.surefire.booter.ForkedBooter.runSuitesInProcess(ForkedBooter.java:153)
	at org.apache.maven.surefire.booter.ForkedBooter.main(ForkedBooter.java:95)
... Removed 25 stack frames]]>
    </failure>
  </testcase> <!-- @BeforeClass setUp -->
  <testcase name="@AfterClass quitDriver" time="0.0" classname="com.specomm.adidas.pricevalidation.PriceValidation">
    <skipped/>
  </testcase> <!-- @AfterClass quitDriver -->
  <testcase name="priceValidate" time="0.001" classname="com.specomm.adidas.pricevalidation.PriceValidation">
    <skipped/>
  </testcase> <!-- priceValidate -->
</testsuite> <!-- Adidas-Price Validation Module -->
