<?xml version="1.0" encoding="UTF-8"?>
<!-- Generated by org.testng.reporters.JUnitXMLReporter -->
<testsuite hostname="GOT500VI73546" ignored="43" name="Tugger_FLOW" tests="1" failures="1" timestamp="24 Oct 2018 06:43:47 GMT" time="171.887" errors="0">
  <testcase name="@AfterTest afterTest" time="0.036" classname="com.volvo.mfg.StepDefinition.BaseTest">
    <failure type="org.openqa.selenium.SessionNotCreatedException" message="Tried to run command without establishing a connection
Build info: version: &amp;apos;3.8.1&amp;apos;, revision: &amp;apos;6e95a6684b&amp;apos;, time: &amp;apos;2017-12-01T18:33:54.468Z&amp;apos;
System info: host: &amp;apos;GOT500VI73546&amp;apos;, ip: &amp;apos;10.244.215.254&amp;apos;, os.name: &amp;apos;Windows 7&amp;apos;, os.arch: &amp;apos;amd64&amp;apos;, os.version: &amp;apos;6.1&amp;apos;, java.version: &amp;apos;1.8.0_151&amp;apos;
Driver info: org.openqa.selenium.firefox.FirefoxDriver
Capabilities {acceptInsecureCerts: true, browserName: firefox, browserVersion: 62.0.3, javascriptEnabled: true, moz:accessibilityChecks: false, moz:headless: false, moz:processID: 11884, moz:profile: C:\Users\RKALIYAP\AppData\L..., moz:useNonSpecCompliantPointerOrigin: false, moz:webdriverClick: true, pageLoadStrategy: normal, platform: XP, platformName: XP, platformVersion: 6.1, rotatable: false, timeouts: {implicit: 0, pageLoad: 300000, script: 30000}}
Session ID: 55cb45fd-0932-4d0c-b85d-930847a486db">
      <![CDATA[org.openqa.selenium.SessionNotCreatedException: Tried to run command without establishing a connectionBuild info: version: '3.8.1', revision: '6e95a6684b', time: '2017-12-01T18:33:54.468Z'System info: host: 'GOT500VI73546', ip: '10.244.215.254', os.name: 'Windows 7', os.arch: 'amd64', os.version: '6.1', java.version: '1.8.0_151'Driver info: org.openqa.selenium.firefox.FirefoxDriverCapabilities {acceptInsecureCerts: true, browserName: firefox, browserVersion: 62.0.3, javascriptEnabled: true, moz:accessibilityChecks: false, moz:headless: false, moz:processID: 11884, moz:profile: C:\Users\RKALIYAP\AppData\L..., moz:useNonSpecCompliantPointerOrigin: false, moz:webdriverClick: true, pageLoadStrategy: normal, platform: XP, platformName: XP, platformVersion: 6.1, rotatable: false, timeouts: {implicit: 0, pageLoad: 300000, script: 30000}}Session ID: 55cb45fd-0932-4d0c-b85d-930847a486dbat org.openqa.selenium.remote.http.W3CHttpResponseCodec.createException(W3CHttpResponseCodec.java:187)at org.openqa.selenium.remote.http.W3CHttpResponseCodec.decode(W3CHttpResponseCodec.java:122)at org.openqa.selenium.remote.http.W3CHttpResponseCodec.decode(W3CHttpResponseCodec.java:49)at org.openqa.selenium.remote.HttpCommandExecutor.execute(HttpCommandExecutor.java:164)at org.openqa.selenium.remote.service.DriverCommandExecutor.execute(DriverCommandExecutor.java:83)at org.openqa.selenium.remote.RemoteWebDriver.execute(RemoteWebDriver.java:601)at org.openqa.selenium.remote.RemoteWebDriver.execute(RemoteWebDriver.java:658)at org.openqa.selenium.remote.RemoteWebDriver.quit(RemoteWebDriver.java:497)at com.volvo.mfg.StepDefinition.BaseTest.afterTest(BaseTest.java:84)... Removed 30 stack frames]]>
    </failure>
  </testcase> <!-- @AfterTest afterTest -->
  <testcase name="TUGGER" time="149.567" classname="com.volvo.mfg.StepDefinition.DriverSuite">
    <failure type="java.lang.StackOverflowError">
      <![CDATA[java.lang.StackOverflowErrorat java.security.AccessController.doPrivileged(Native Method)at org.apache.commons.logging.LogFactory.getContextClassLoaderInternal(LogFactory.java:808)at org.apache.commons.logging.LogFactory.getFactory(LogFactory.java:419)at org.apache.commons.logging.LogFactory.getLog(LogFactory.java:655)at org.apache.http.impl.conn.DefaultHttpResponseParser.<init>(DefaultHttpResponseParser.java:59)at org.apache.http.impl.conn.DefaultHttpResponseParserFactory.create(DefaultHttpResponseParserFactory.java:76)at org.apache.http.impl.DefaultBHttpClientConnection.<init>(DefaultBHttpClientConnection.java:99)at org.apache.http.impl.conn.DefaultManagedHttpClientConnection.<init>(DefaultManagedHttpClientConnection.java:74)at org.apache.http.impl.conn.LoggingManagedHttpClientConnection.<init>(LoggingManagedHttpClientConnection.java:66)at org.apache.http.impl.conn.ManagedHttpClientConnectionFactory.create(ManagedHttpClientConnectionFactory.java:127)at org.apache.http.impl.conn.ManagedHttpClientConnectionFactory.create(ManagedHttpClientConnectionFactory.java:57)at org.apache.http.impl.conn.PoolingHttpClientConnectionManager$InternalConnectionFactory.create(PoolingHttpClientConnectionManager.java:605)at org.apache.http.impl.conn.PoolingHttpClientConnectionManager$InternalConnectionFactory.create(PoolingHttpClientConnectionManager.java:576)at org.apache.http.pool.AbstractConnPool.getPoolEntryBlocking(AbstractConnPool.java:360)at org.apache.http.pool.AbstractConnPool.access$200(AbstractConnPool.java:67)at org.apache.http.pool.AbstractConnPool$2.get(AbstractConnPool.java:243)at org.apache.http.pool.AbstractConnPool$2.get(AbstractConnPool.java:191)at org.apache.http.impl.conn.PoolingHttpClientConnectionManager.leaseConnection(PoolingHttpClientConnectionManager.java:282)at org.apache.http.impl.conn.PoolingHttpClientConnectionManager$1.get(PoolingHttpClientConnectionManager.java:269)at org.apache.http.impl.execchain.MainClientExec.execute(MainClientExec.java:191)at org.apache.http.impl.execchain.ProtocolExec.execute(ProtocolExec.java:185)at org.apache.http.impl.execchain.RetryExec.execute(RetryExec.java:89)at org.apache.http.impl.execchain.RedirectExec.execute(RedirectExec.java:111)at org.apache.http.impl.client.InternalHttpClient.doExecute(InternalHttpClient.java:185)at org.apache.http.impl.client.CloseableHttpClient.execute(CloseableHttpClient.java:72)at org.apache.http.impl.client.CloseableHttpClient.execute(CloseableHttpClient.java:56)at org.openqa.selenium.remote.internal.ApacheHttpClient.fallBackExecute(ApacheHttpClient.java:138)at org.openqa.selenium.remote.internal.ApacheHttpClient.execute(ApacheHttpClient.java:86)at org.openqa.selenium.remote.HttpCommandExecutor.execute(HttpCommandExecutor.java:161)at org.openqa.selenium.remote.service.DriverCommandExecutor.execute(DriverCommandExecutor.java:83)at org.openqa.selenium.remote.RemoteWebDriver.execute(RemoteWebDriver.java:601)at org.openqa.selenium.remote.RemoteWebDriver.execute(RemoteWebDriver.java:658)at org.openqa.selenium.remote.RemoteWebDriver.getScreenshotAs(RemoteWebDriver.java:343)at com.volvo.automation.commonutilities.CommonWrapperMethods.takeSnap(CommonWrapperMethods.java:861)at com.volvo.reports.Reports.reportStep(Reports.java:80)at com.volvo.automation.commonutilities.CommonWrapperMethods.takeSnap(CommonWrapperMethods.java:866)at com.volvo.reports.Reports.reportStep(Reports.java:80)at com.volvo.automation.commonutilities.CommonWrapperMethods.takeSnap(CommonWrapperMethods.java:866)at com.volvo.reports.Reports.reportStep(Reports.java:80)at com.volvo.automation.commonutilities.CommonWrapperMethods.takeSnap(CommonWrapperMethods.java:866)at com.volvo.reports.Reports.reportStep(Reports.java:80)at com.volvo.automation.commonutilities.CommonWrapperMethods.takeSnap(CommonWrapperMethods.java:866)at com.volvo.reports.Reports.reportStep(Reports.java:80)at com.volvo.automation.commonutilities.CommonWrapperMethods.takeSnap(CommonWrapperMethods.java:866)at com.volvo.reports.Reports.reportStep(Reports.java:80)at com.volvo.automation.commonutilities.CommonWrapperMethods.takeSnap(CommonWrapperMethods.java:866)at com.volvo.reports.Reports.reportStep(Reports.java:80)at com.volvo.automation.commonutilities.CommonWrapperMethods.takeSnap(CommonWrapperMethods.java:866)at com.volvo.reports.Reports.reportStep(Reports.java:80)at com.volvo.automation.commonutilities.CommonWrapperMethods.takeSnap(CommonWrapperMethods.java:866)at com.volvo.reports.Reports.reportStep(Reports.java:80)at com.volvo.automation.commonutilities.CommonWrapperMethods.takeSnap(CommonWrapperMethods.java:866)at com.volvo.reports.Reports.reportStep(Reports.java:80)at com.volvo.automation.commonutilities.CommonWrapperMethods.takeSnap(CommonWrapperMethods.java:866)at com.volvo.reports.Reports.reportStep(Reports.java:80)at com.volvo.automation.commonutilities.CommonWrapperMethods.takeSnap(CommonWrapperMethods.java:866)at com.volvo.reports.Reports.reportStep(Reports.java:80)at com.volvo.automation.commonutilities.CommonWrapperMethods.takeSnap(CommonWrapperMethods.java:866)at com.volvo.reports.Reports.reportStep(Reports.java:80)at com.volvo.automation.commonutilities.CommonWrapperMethods.takeSnap(CommonWrapperMethods.java:866)at com.volvo.reports.Reports.reportStep(Reports.java:80)at com.volvo.automation.commonutilities.CommonWrapperMethods.takeSnap(CommonWrapperMethods.java:866)at com.volvo.reports.Reports.reportStep(Reports.java:80)at com.volvo.automation.commonutilities.CommonWrapperMethods.takeSnap(CommonWrapperMethods.java:866)at com.volvo.reports.Reports.reportStep(Reports.java:80)at com.volvo.automation.commonutilities.CommonWrapperMethods.takeSnap(CommonWrapperMethods.java:866)at com.volvo.reports.Reports.reportStep(Reports.java:80)at com.volvo.automation.commonutilities.CommonWrapperMethods.takeSnap(CommonWrapperMethods.java:866)at com.volvo.reports.Reports.reportStep(Reports.java:80)at com.volvo.automation.commonutilities.CommonWrapperMethods.takeSnap(CommonWrapperMethods.java:866)at com.volvo.reports.Reports.reportStep(Reports.java:80)at com.volvo.automation.commonutilities.CommonWrapperMethods.takeSnap(CommonWrapperMethods.java:866)at com.volvo.reports.Reports.reportStep(Reports.java:80)at com.volvo.automation.commonutilities.CommonWrapperMethods.takeSnap(CommonWrapperMethods.java:866)at com.volvo.reports.Reports.reportStep(Reports.java:80)at com.volvo.automation.commonutilities.CommonWrapperMethods.takeSnap(CommonWrapperMethods.java:866)at com.volvo.reports.Reports.reportStep(Reports.java:80)at com.volvo.automation.commonutilities.CommonWrapperMethods.takeSnap(CommonWrapperMethods.java:866)at com.volvo.reports.Reports.reportStep(Reports.java:80)at com.volvo.automation.commonutilities.CommonWrapperMethods.takeSnap(CommonWrapperMethods.java:866)at com.volvo.reports.Reports.reportStep(Reports.java:80)at com.volvo.automation.commonutilities.CommonWrapperMethods.takeSnap(CommonWrapperMethods.java:866)at com.volvo.reports.Reports.reportStep(Reports.java:80)at com.volvo.automation.commonutilities.CommonWrapperMethods.takeSnap(CommonWrapperMethods.java:866)at com.volvo.reports.Reports.reportStep(Reports.java:80)at com.volvo.automation.commonutilities.CommonWrapperMethods.takeSnap(CommonWrapperMethods.java:866)at com.volvo.reports.Reports.reportStep(Reports.java:80)at com.volvo.automation.commonutilities.CommonWrapperMethods.takeSnap(CommonWrapperMethods.java:866)at com.volvo.reports.Reports.reportStep(Reports.java:80)at com.volvo.automation.commonutilities.CommonWrapperMethods.takeSnap(CommonWrapperMethods.java:866)at com.volvo.reports.Reports.reportStep(Reports.java:80)at com.volvo.automation.commonutilities.CommonWrapperMethods.takeSnap(CommonWrapperMethods.java:866)at com.volvo.reports.Reports.reportStep(Reports.java:80)at com.volvo.automation.commonutilities.CommonWrapperMethods.takeSnap(CommonWrapperMethods.java:866)at com.volvo.reports.Reports.reportStep(Reports.java:80)at com.volvo.automation.commonutilities.CommonWrapperMethods.takeSnap(CommonWrapperMethods.java:866)at com.volvo.reports.Reports.reportStep(Reports.java:80)at com.volvo.automation.commonutilities.CommonWrapperMethods.takeSnap(CommonWrapperMethods.java:866)at com.volvo.reports.Reports.reportStep(Reports.java:80)at com.volvo.automation.commonutilities.CommonWrapperMethods.takeSnap(CommonWrapperMethods.java:866)at com.volvo.reports.Reports.reportStep(Reports.java:80)at com.volvo.automation.commonutilities.CommonWrapperMethods.takeSnap(CommonWrapperMethods.java:866)at com.volvo.reports.Reports.reportStep(Reports.java:80)at com.volvo.automation.commonutilities.CommonWrapperMethods.takeSnap(CommonWrapperMethods.java:866)at com.volvo.reports.Reports.reportStep(Reports.java:80)at com.volvo.automation.commonutilities.CommonWrapperMethods.takeSnap(CommonWrapperMethods.java:866)at com.volvo.reports.Reports.reportStep(Reports.java:80)at com.volvo.automation.commonutilities.CommonWrapperMethods.takeSnap(CommonWrapperMethods.java:866)at com.volvo.reports.Reports.reportStep(Reports.java:80)at com.volvo.automation.commonutilities.CommonWrapperMethods.takeSnap(CommonWrapperMethods.java:866)at com.volvo.reports.Reports.reportStep(Reports.java:80)at com.volvo.automation.commonutilities.CommonWrapperMethods.takeSnap(CommonWrapperMethods.java:866)at com.volvo.reports.Reports.reportStep(Reports.java:80)at com.volvo.automation.commonutilities.CommonWrapperMethods.takeSnap(CommonWrapperMethods.java:866)at com.volvo.reports.Reports.reportStep(Reports.java:80)at com.volvo.automation.commonutilities.CommonWrapperMethods.takeSnap(CommonWrapperMethods.java:866)at com.volvo.reports.Reports.reportStep(Reports.java:80)at com.volvo.automation.commonutilities.CommonWrapperMethods.takeSnap(CommonWrapperMethods.java:866)at com.volvo.reports.Reports.reportStep(Reports.java:80)at com.volvo.automation.commonutilities.CommonWrapperMethods.takeSnap(CommonWrapperMethods.java:866)at com.volvo.reports.Reports.reportStep(Reports.java:80)at com.volvo.automation.commonutilities.CommonWrapperMethods.takeSnap(CommonWrapperMethods.java:866)at com.volvo.reports.Reports.reportStep(Reports.java:80)at com.volvo.automation.commonutilities.CommonWrapperMethods.takeSnap(CommonWrapperMethods.java:866)at com.volvo.reports.Reports.reportStep(Reports.java:80)at com.volvo.automation.commonutilities.CommonWrapperMethods.takeSnap(CommonWrapperMethods.java:866)at com.volvo.reports.Reports.reportStep(Reports.java:80)at com.volvo.automation.commonutilities.CommonWrapperMethods.takeSnap(CommonWrapperMethods.java:866)at com.volvo.reports.Reports.reportStep(Reports.java:80)at com.volvo.automation.commonutilities.CommonWrapperMethods.takeSnap(CommonWrapperMethods.java:866)at com.volvo.reports.Reports.reportStep(Reports.java:80)at com.volvo.automation.commonutilities.CommonWrapperMethods.takeSnap(CommonWrapperMethods.java:866)at com.volvo.reports.Reports.reportStep(Reports.java:80)at com.volvo.automation.commonutilities.CommonWrapperMethods.takeSnap(CommonWrapperMethods.java:866)at com.volvo.reports.Reports.reportStep(Reports.java:80)at com.volvo.automation.commonutilities.CommonWrapperMethods.takeSnap(CommonWrapperMethods.java:866)at com.volvo.reports.Reports.reportStep(Reports.java:80)at com.volvo.automation.commonutilities.CommonWrapperMethods.takeSnap(CommonWrapperMethods.java:866)at com.volvo.reports.Reports.reportStep(Reports.java:80)at com.volvo.automation.commonutilities.CommonWrapperMethods.takeSnap(CommonWrapperMethods.java:866)at com.volvo.reports.Reports.reportStep(Reports.java:80)at com.volvo.automation.commonutilities.CommonWrapperMethods.takeSnap(CommonWrapperMethods.java:866)at com.volvo.reports.Reports.reportStep(Reports.java:80)at com.volvo.automation.commonutilities.CommonWrapperMethods.takeSnap(CommonWrapperMethods.java:866)at com.volvo.reports.Reports.reportStep(Reports.java:80)at com.volvo.automation.commonutilities.CommonWrapperMethods.takeSnap(CommonWrapperMethods.java:866)at com.volvo.reports.Reports.reportStep(Reports.java:80)at com.volvo.automation.commonutilities.CommonWrapperMethods.takeSnap(CommonWrapperMethods.java:866)at com.volvo.reports.Reports.reportStep(Reports.java:80)at com.volvo.automation.commonutilities.CommonWrapperMethods.takeSnap(CommonWrapperMethods.java:866)at com.volvo.reports.Reports.reportStep(Reports.java:80)at com.volvo.automation.commonutilities.CommonWrapperMethods.takeSnap(CommonWrapperMethods.java:866)at com.volvo.reports.Reports.reportStep(Reports.java:80)at com.volvo.automation.commonutilities.CommonWrapperMethods.takeSnap(CommonWrapperMethods.java:866)at com.volvo.reports.Reports.reportStep(Reports.java:80)at com.volvo.automation.commonutilities.CommonWrapperMethods.takeSnap(CommonWrapperMethods.java:866)at com.volvo.reports.Reports.reportStep(Reports.java:80)at com.volvo.automation.commonutilities.CommonWrapperMethods.takeSnap(CommonWrapperMethods.java:866)at com.volvo.reports.Reports.reportStep(Reports.java:80)at com.volvo.automation.commonutilities.CommonWrapperMethods.takeSnap(CommonWrapperMethods.java:866)at com.volvo.reports.Reports.reportStep(Reports.java:80)at com.volvo.automation.commonutilities.CommonWrapperMethods.takeSnap(CommonWrapperMethods.java:866)at com.volvo.reports.Reports.reportStep(Reports.java:80)at com.volvo.automation.commonutilities.CommonWrapperMethods.takeSnap(CommonWrapperMethods.java:866)at com.volvo.reports.Reports.reportStep(Reports.java:80)at com.volvo.automation.commonutilities.CommonWrapperMethods.takeSnap(CommonWrapperMethods.java:866)at com.volvo.reports.Reports.reportStep(Reports.java:80)at com.volvo.automation.commonutilities.CommonWrapperMethods.takeSnap(CommonWrapperMethods.java:866)at com.volvo.reports.Reports.reportStep(Reports.java:80)at com.volvo.automation.commonutilities.CommonWrapperMethods.takeSnap(CommonWrapperMethods.java:866)at com.volvo.reports.Reports.reportStep(Reports.java:80)at com.volvo.automation.commonutilities.CommonWrapperMethods.takeSnap(CommonWrapperMethods.java:866)at com.volvo.reports.Reports.reportStep(Reports.java:80)at com.volvo.automation.commonutilities.CommonWrapperMethods.takeSnap(CommonWrapperMethods.java:866)at com.volvo.reports.Reports.reportStep(Reports.java:80)at com.volvo.automation.commonutilities.CommonWrapperMethods.takeSnap(CommonWrapperMethods.java:866)at com.volvo.reports.Reports.reportStep(Reports.java:80)at com.volvo.automation.commonutilities.CommonWrapperMethods.takeSnap(CommonWrapperMethods.java:866)at com.volvo.reports.Reports.reportStep(Reports.java:80)at com.volvo.automation.commonutilities.CommonWrapperMethods.takeSnap(CommonWrapperMethods.java:866)at com.volvo.reports.Reports.reportStep(Reports.java:80)at com.volvo.automation.commonutilities.CommonWrapperMethods.takeSnap(CommonWrapperMethods.java:866)at com.volvo.reports.Reports.reportStep(Reports.java:80)at com.volvo.automation.commonutilities.CommonWrapperMethods.takeSnap(CommonWrapperMethods.java:866)at com.volvo.reports.Reports.reportStep(Reports.java:80)at com.volvo.automation.commonutilities.CommonWrapperMethods.takeSnap(CommonWrapperMethods.java:866)at com.volvo.reports.Reports.reportStep(Reports.java:80)at com.volvo.automation.commonutilities.CommonWrapperMethods.takeSnap(CommonWrapperMethods.java:866)at com.volvo.reports.Reports.reportStep(Reports.java:80)at com.volvo.automation.commonutilities.CommonWrapperMethods.takeSnap(CommonWrapperMethods.java:866)at com.volvo.reports.Reports.reportStep(Reports.java:80)at com.volvo.automation.commonutilities.CommonWrapperMethods.takeSnap(CommonWrapperMethods.java:866)at com.volvo.reports.Reports.reportStep(Reports.java:80)at com.volvo.automation.commonutilities.CommonWrapperMethods.takeSnap(CommonWrapperMethods.java:866)at com.volvo.reports.Reports.reportStep(Reports.java:80)at com.volvo.automation.commonutilities.CommonWrapperMethods.takeSnap(CommonWrapperMethods.java:866)at com.volvo.reports.Reports.reportStep(Reports.java:80)at com.volvo.automation.commonutilities.CommonWrapperMethods.takeSnap(CommonWrapperMethods.java:866)at com.volvo.reports.Reports.reportStep(Reports.java:80)at com.volvo.automation.commonutilities.CommonWrapperMethods.takeSnap(CommonWrapperMethods.java:866)at com.volvo.reports.Reports.reportStep(Reports.java:80)at com.volvo.automation.commonutilities.CommonWrapperMethods.takeSnap(CommonWrapperMethods.java:866)at com.volvo.reports.Reports.reportStep(Reports.java:80)at com.volvo.automation.commonutilities.CommonWrapperMethods.takeSnap(CommonWrapperMethods.java:866)at com.volvo.reports.Reports.reportStep(Reports.java:80)at com.volvo.automation.commonutilities.CommonWrapperMethods.takeSnap(CommonWrapperMethods.java:866)at com.volvo.reports.Reports.reportStep(Reports.java:80)at com.volvo.automation.commonutilities.CommonWrapperMethods.takeSnap(CommonWrapperMethods.java:866)at com.volvo.reports.Reports.reportStep(Reports.java:80)at com.volvo.automation.commonutilities.CommonWrapperMethods.takeSnap(CommonWrapperMethods.java:866)at com.volvo.reports.Reports.reportStep(Reports.java:80)at com.volvo.automation.commonutilities.CommonWrapperMethods.takeSnap(CommonWrapperMethods.java:866)at com.volvo.reports.Reports.reportStep(Reports.java:80)at com.volvo.automation.commonutilities.CommonWrapperMethods.takeSnap(CommonWrapperMethods.java:866)at com.volvo.reports.Reports.reportStep(Reports.java:80)at com.volvo.automation.commonutilities.CommonWrapperMethods.takeSnap(CommonWrapperMethods.java:866)at com.volvo.reports.Reports.reportStep(Reports.java:80)at com.volvo.automation.commonutilities.CommonWrapperMethods.takeSnap(CommonWrapperMethods.java:866)at com.volvo.reports.Reports.reportStep(Reports.java:80)at com.volvo.automation.commonutilities.CommonWrapperMethods.takeSnap(CommonWrapperMethods.java:866)at com.volvo.reports.Reports.reportStep(Reports.java:80)at com.volvo.automation.commonutilities.CommonWrapperMethods.takeSnap(CommonWrapperMethods.java:866)at com.volvo.reports.Reports.reportStep(Reports.java:80)at com.volvo.automation.commonutilities.CommonWrapperMethods.takeSnap(CommonWrapperMethods.java:866)at com.volvo.reports.Reports.reportStep(Reports.java:80)at com.volvo.automation.commonutilities.CommonWrapperMethods.takeSnap(CommonWrapperMethods.java:866)at com.volvo.reports.Reports.reportStep(Reports.java:80)at com.volvo.automation.commonutilities.CommonWrapperMethods.takeSnap(CommonWrapperMethods.java:866)at com.volvo.reports.Reports.reportStep(Reports.java:80)at com.volvo.automation.commonutilities.CommonWrapperMethods.takeSnap(CommonWrapperMethods.java:866)at com.volvo.reports.Reports.reportStep(Reports.java:80)at com.volvo.automation.commonutilities.CommonWrapperMethods.takeSnap(CommonWrapperMethods.java:866)at com.volvo.reports.Reports.reportStep(Reports.java:80)at com.volvo.automation.commonutilities.CommonWrapperMethods.takeSnap(CommonWrapperMethods.java:866)at com.volvo.reports.Reports.reportStep(Reports.java:80)at com.volvo.automation.commonutilities.CommonWrapperMethods.takeSnap(CommonWrapperMethods.java:866)at com.volvo.reports.Reports.reportStep(Reports.java:80)at com.volvo.automation.commonutilities.CommonWrapperMethods.takeSnap(CommonWrapperMethods.java:866)at com.volvo.reports.Reports.reportStep(Reports.java:80)at com.volvo.automation.commonutilities.CommonWrapperMethods.takeSnap(CommonWrapperMethods.java:866)at com.volvo.reports.Reports.reportStep(Reports.java:80)at com.volvo.automation.commonutilities.CommonWrapperMethods.takeSnap(CommonWrapperMethods.java:866)at com.volvo.reports.Reports.reportStep(Reports.java:80)at com.volvo.automation.commonutilities.CommonWrapperMethods.takeSnap(CommonWrapperMethods.java:866)at com.volvo.reports.Reports.reportStep(Reports.java:80)at com.volvo.automation.commonutilities.CommonWrapperMethods.takeSnap(CommonWrapperMethods.java:866)at com.volvo.reports.Reports.reportStep(Reports.java:80)at com.volvo.automation.commonutilities.CommonWrapperMethods.takeSnap(CommonWrapperMethods.java:866)at com.volvo.reports.Reports.reportStep(Reports.java:80)at com.volvo.automation.commonutilities.CommonWrapperMethods.takeSnap(CommonWrapperMethods.java:866)at com.volvo.reports.Reports.reportStep(Reports.java:80)at com.volvo.automation.commonutilities.CommonWrapperMethods.takeSnap(CommonWrapperMethods.java:866)at com.volvo.reports.Reports.reportStep(Reports.java:80)at com.volvo.automation.commonutilities.CommonWrapperMethods.takeSnap(CommonWrapperMethods.java:866)at com.volvo.reports.Reports.reportStep(Reports.java:80)at com.volvo.automation.commonutilities.CommonWrapperMethods.takeSnap(CommonWrapperMethods.java:866)at com.volvo.reports.Reports.reportStep(Reports.java:80)at com.volvo.automation.commonutilities.CommonWrapperMethods.takeSnap(CommonWrapperMethods.java:866)at com.volvo.reports.Reports.reportStep(Reports.java:80)at com.volvo.automation.commonutilities.CommonWrapperMethods.takeSnap(CommonWrapperMethods.java:866)at com.volvo.reports.Reports.reportStep(Reports.java:80)at com.volvo.automation.commonutilities.CommonWrapperMethods.takeSnap(CommonWrapperMethods.java:866)at com.volvo.reports.Reports.reportStep(Reports.java:80)at com.volvo.automation.commonutilities.CommonWrapperMethods.takeSnap(CommonWrapperMethods.java:866)at com.volvo.reports.Reports.reportStep(Reports.java:80)at com.volvo.automation.commonutilities.CommonWrapperMethods.takeSnap(CommonWrapperMethods.java:866)at com.volvo.reports.Reports.reportStep(Reports.java:80)at com.volvo.automation.commonutilities.CommonWrapperMethods.takeSnap(CommonWrapperMethods.java:866)at com.volvo.reports.Reports.reportStep(Reports.java:80)at com.volvo.automation.commonutilities.CommonWrapperMethods.takeSnap(CommonWrapperMethods.java:866)at com.volvo.reports.Reports.reportStep(Reports.java:80)at com.volvo.automation.commonutilities.CommonWrapperMethods.takeSnap(CommonWrapperMethods.java:866)at com.volvo.reports.Reports.reportStep(Reports.java:80)at com.volvo.automation.commonutilities.CommonWrapperMethods.takeSnap(CommonWrapperMethods.java:866)at com.volvo.reports.Reports.reportStep(Reports.java:80)at com.volvo.automation.commonutilities.CommonWrapperMethods.takeSnap(CommonWrapperMethods.java:866)at com.volvo.reports.Reports.reportStep(Reports.java:80)at com.volvo.automation.commonutilities.CommonWrapperMethods.takeSnap(CommonWrapperMethods.java:866)at com.volvo.reports.Reports.reportStep(Reports.java:80)at com.volvo.automation.commonutilities.CommonWrapperMethods.takeSnap(CommonWrapperMethods.java:866)at com.volvo.reports.Reports.reportStep(Reports.java:80)at com.volvo.automation.commonutilities.CommonWrapperMethods.takeSnap(CommonWrapperMethods.java:866)at com.volvo.reports.Reports.reportStep(Reports.java:80)at com.volvo.automation.commonutilities.CommonWrapperMethods.takeSnap(CommonWrapperMethods.java:866)at com.volvo.reports.Reports.reportStep(Reports.java:80)at com.volvo.automation.commonutilities.CommonWrapperMethods.takeSnap(CommonWrapperMethods.java:866)at com.volvo.reports.Reports.reportStep(Reports.java:80)at com.volvo.automation.commonutilities.CommonWrapperMethods.takeSnap(CommonWrapperMethods.java:866)at com.volvo.reports.Reports.reportStep(Reports.java:80)at com.volvo.automation.commonutilities.CommonWrapperMethods.takeSnap(CommonWrapperMethods.java:866)at com.volvo.reports.Reports.reportStep(Reports.java:80)at com.volvo.automation.commonutilities.CommonWrapperMethods.takeSnap(CommonWrapperMethods.java:866)at com.volvo.reports.Reports.reportStep(Reports.java:80)at com.volvo.automation.commonutilities.CommonWrapperMethods.takeSnap(CommonWrapperMethods.java:866)at com.volvo.reports.Reports.reportStep(Reports.java:80)at com.volvo.automation.commonutilities.CommonWrapperMethods.takeSnap(CommonWrapperMethods.java:866)at com.volvo.reports.Reports.reportStep(Reports.java:80)at com.volvo.automation.commonutilities.CommonWrapperMethods.takeSnap(CommonWrapperMethods.java:866)at com.volvo.reports.Reports.reportStep(Reports.java:80)at com.volvo.automation.commonutilities.CommonWrapperMethods.takeSnap(CommonWrapperMethods.java:866)at com.volvo.reports.Reports.reportStep(Reports.java:80)at com.volvo.automation.commonutilities.CommonWrapperMethods.takeSnap(CommonWrapperMethods.java:866)at com.volvo.reports.Reports.reportStep(Reports.java:80)at com.volvo.automation.commonutilities.CommonWrapperMethods.takeSnap(CommonWrapperMethods.java:866)at com.volvo.reports.Reports.reportStep(Reports.java:80)at com.volvo.automation.commonutilities.CommonWrapperMethods.takeSnap(CommonWrapperMethods.java:866)at com.volvo.reports.Reports.reportStep(Reports.java:80)at com.volvo.automation.commonutilities.CommonWrapperMethods.takeSnap(CommonWrapperMethods.java:866)at com.volvo.reports.Reports.reportStep(Reports.java:80)at com.volvo.automation.commonutilities.CommonWrapperMethods.takeSnap(CommonWrapperMethods.java:866)at com.volvo.reports.Reports.reportStep(Reports.java:80)at com.volvo.automation.commonutilities.CommonWrapperMethods.takeSnap(CommonWrapperMethods.java:866)at com.volvo.reports.Reports.reportStep(Reports.java:80)at com.volvo.automation.commonutilities.CommonWrapperMethods.takeSnap(CommonWrapperMethods.java:866)at com.volvo.reports.Reports.reportStep(Reports.java:80)at com.volvo.automation.commonutilities.CommonWrapperMethods.takeSnap(CommonWrapperMethods.java:866)at com.volvo.reports.Reports.reportStep(Reports.java:80)at com.volvo.automation.commonutilities.CommonWrapperMethods.takeSnap(CommonWrapperMethods.java:866)at com.volvo.reports.Reports.reportStep(Reports.java:80)at com.volvo.automation.commonutilities.CommonWrapperMethods.takeSnap(CommonWrapperMethods.java:866)at com.volvo.reports.Reports.reportStep(Reports.java:80)at com.volvo.automation.commonutilities.CommonWrapperMethods.takeSnap(CommonWrapperMethods.java:866)at com.volvo.reports.Reports.reportStep(Reports.java:80)at com.volvo.automation.commonutilities.CommonWrapperMethods.takeSnap(CommonWrapperMethods.java:866)at com.volvo.reports.Reports.reportStep(Reports.java:80)at com.volvo.automation.commonutilities.CommonWrapperMethods.takeSnap(CommonWrapperMethods.java:866)at com.volvo.reports.Reports.reportStep(Reports.java:80)at com.volvo.automation.commonutilities.CommonWrapperMethods.takeSnap(CommonWrapperMethods.java:866)at com.volvo.reports.Reports.reportStep(Reports.java:80)at com.volvo.automation.commonutilities.CommonWrapperMethods.takeSnap(CommonWrapperMethods.java:866)at com.volvo.reports.Reports.reportStep(Reports.java:80)at com.volvo.automation.commonutilities.CommonWrapperMethods.takeSnap(CommonWrapperMethods.java:866)at com.volvo.reports.Reports.reportStep(Reports.java:80)at com.volvo.automation.commonutilities.CommonWrapperMethods.takeSnap(CommonWrapperMethods.java:866)at com.volvo.reports.Reports.reportStep(Reports.java:80)at com.volvo.automation.commonutilities.CommonWrapperMethods.takeSnap(CommonWrapperMethods.java:866)at com.volvo.reports.Reports.reportStep(Reports.java:80)at com.volvo.automation.commonutilities.CommonWrapperMethods.takeSnap(CommonWrapperMethods.java:866)at com.volvo.reports.Reports.reportStep(Reports.java:80)at com.volvo.automation.commonutilities.CommonWrapperMethods.takeSnap(CommonWrapperMethods.java:866)at com.volvo.reports.Reports.reportStep(Reports.java:80)at com.volvo.automation.commonutilities.CommonWrapperMethods.takeSnap(CommonWrapperMethods.java:866)at com.volvo.reports.Reports.reportStep(Reports.java:80)at com.volvo.automation.commonutilities.CommonWrapperMethods.takeSnap(CommonWrapperMethods.java:866)at com.volvo.reports.Reports.reportStep(Reports.java:80)at com.volvo.automation.commonutilities.CommonWrapperMethods.takeSnap(CommonWrapperMethods.java:866)at com.volvo.reports.Reports.reportStep(Reports.java:80)at com.volvo.automation.commonutilities.CommonWrapperMethods.takeSnap(CommonWrapperMethods.java:866)at com.volvo.reports.Reports.reportStep(Reports.java:80)at com.volvo.automation.commonutilities.CommonWrapperMethods.takeSnap(CommonWrapperMethods.java:866)at com.volvo.reports.Reports.reportStep(Reports.java:80)at com.volvo.automation.commonutilities.CommonWrapperMethods.takeSnap(CommonWrapperMethods.java:866)at com.volvo.reports.Reports.reportStep(Reports.java:80)at com.volvo.automation.commonutilities.CommonWrapperMethods.takeSnap(CommonWrapperMethods.java:866)at com.volvo.reports.Reports.reportStep(Reports.java:80)at com.volvo.automation.commonutilities.CommonWrapperMethods.takeSnap(CommonWrapperMethods.java:866)at com.volvo.reports.Reports.reportStep(Reports.java:80)at com.volvo.automation.commonutilities.CommonWrapperMethods.takeSnap(CommonWrapperMethods.java:866)at com.volvo.reports.Reports.reportStep(Reports.java:80)at com.volvo.automation.commonutilities.CommonWrapperMethods.takeSnap(CommonWrapperMethods.java:866)at com.volvo.reports.Reports.reportStep(Reports.java:80)at com.volvo.automation.commonutilities.CommonWrapperMethods.takeSnap(CommonWrapperMethods.java:866)at com.volvo.reports.Reports.reportStep(Reports.java:80)at com.volvo.automation.commonutilities.CommonWrapperMethods.takeSnap(CommonWrapperMethods.java:866)at com.volvo.reports.Reports.reportStep(Reports.java:80)at com.volvo.automation.commonutilities.CommonWrapperMethods.takeSnap(CommonWrapperMethods.java:866)at com.volvo.reports.Reports.reportStep(Reports.java:80)at com.volvo.automation.commonutilities.CommonWrapperMethods.takeSnap(CommonWrapperMethods.java:866)at com.volvo.reports.Reports.reportStep(Reports.java:80)at com.volvo.automation.commonutilities.CommonWrapperMethods.takeSnap(CommonWrapperMethods.java:866)at com.volvo.reports.Reports.reportStep(Reports.java:80)at com.volvo.automation.commonutilities.CommonWrapperMethods.takeSnap(CommonWrapperMethods.java:866)at com.volvo.reports.Reports.reportStep(Reports.java:80)at com.volvo.automation.commonutilities.CommonWrapperMethods.takeSnap(CommonWrapperMethods.java:866)at com.volvo.reports.Reports.reportStep(Reports.java:80)at com.volvo.automation.commonutilities.CommonWrapperMethods.takeSnap(CommonWrapperMethods.java:866)at com.volvo.reports.Reports.reportStep(Reports.java:80)at com.volvo.automation.commonutilities.CommonWrapperMethods.takeSnap(CommonWrapperMethods.java:866)at com.volvo.reports.Reports.reportStep(Reports.java:80)at com.volvo.automation.commonutilities.CommonWrapperMethods.takeSnap(CommonWrapperMethods.java:866)at com.volvo.reports.Reports.reportStep(Reports.java:80)at com.volvo.automation.commonutilities.CommonWrapperMethods.takeSnap(CommonWrapperMethods.java:866)at com.volvo.reports.Reports.reportStep(Reports.java:80)at com.volvo.automation.commonutilities.CommonWrapperMethods.takeSnap(CommonWrapperMethods.java:866)at com.volvo.reports.Reports.reportStep(Reports.java:80)at com.volvo.automation.commonutilities.CommonWrapperMethods.takeSnap(CommonWrapperMethods.java:866)at com.volvo.reports.Reports.reportStep(Reports.java:80)at com.volvo.automation.commonutilities.CommonWrapperMethods.takeSnap(CommonWrapperMethods.java:866)at com.volvo.reports.Reports.reportStep(Reports.java:80)at com.volvo.automation.commonutilities.CommonWrapperMethods.takeSnap(CommonWrapperMethods.java:866)at com.volvo.reports.Reports.reportStep(Reports.java:80)at com.volvo.automation.commonutilities.CommonWrapperMethods.takeSnap(CommonWrapperMethods.java:866)at com.volvo.reports.Reports.reportStep(Reports.java:80)at com.volvo.automation.commonutilities.CommonWrapperMethods.takeSnap(CommonWrapperMethods.java:866)at com.volvo.reports.Reports.reportStep(Reports.java:80)at com.volvo.automation.commonutilities.CommonWrapperMethods.takeSnap(CommonWrapperMethods.java:866)at com.volvo.reports.Reports.reportStep(Reports.java:80)at com.volvo.automation.commonutilities.CommonWrapperMethods.takeSnap(CommonWrapperMethods.java:866)at com.volvo.reports.Reports.reportStep(Reports.java:80)at com.volvo.automation.commonutilities.CommonWrapperMethods.takeSnap(CommonWrapperMethods.java:866)at com.volvo.reports.Reports.reportStep(Reports.java:80)at com.volvo.automation.commonutilities.CommonWrapperMethods.takeSnap(CommonWrapperMethods.java:866)at com.volvo.reports.Reports.reportStep(Reports.java:80)at com.volvo.automation.commonutilities.CommonWrapperMethods.takeSnap(CommonWrapperMethods.java:866)at com.volvo.reports.Reports.reportStep(Reports.java:80)at com.volvo.automation.commonutilities.CommonWrapperMethods.takeSnap(CommonWrapperMethods.java:866)at com.volvo.reports.Reports.reportStep(Reports.java:80)at com.volvo.automation.commonutilities.CommonWrapperMethods.takeSnap(CommonWrapperMethods.java:866)at com.volvo.reports.Reports.reportStep(Reports.java:80)at com.volvo.automation.commonutilities.CommonWrapperMethods.takeSnap(CommonWrapperMethods.java:866)at com.volvo.reports.Reports.reportStep(Reports.java:80)at com.volvo.automation.commonutilities.CommonWrapperMethods.takeSnap(CommonWrapperMethods.java:866)at com.volvo.reports.Reports.reportStep(Reports.java:80)at com.volvo.automation.commonutilities.CommonWrapperMethods.takeSnap(CommonWrapperMethods.java:866)at com.volvo.reports.Reports.reportStep(Reports.java:80)at com.volvo.automation.commonutilities.CommonWrapperMethods.takeSnap(CommonWrapperMethods.java:866)at com.volvo.reports.Reports.reportStep(Reports.java:80)at com.volvo.automation.commonutilities.CommonWrapperMethods.takeSnap(CommonWrapperMethods.java:866)at com.volvo.reports.Reports.reportStep(Reports.java:80)at com.volvo.automation.commonutilities.CommonWrapperMethods.takeSnap(CommonWrapperMethods.java:866)at com.volvo.reports.Reports.reportStep(Reports.java:80)at com.volvo.automation.commonutilities.CommonWrapperMethods.takeSnap(CommonWrapperMethods.java:866)at com.volvo.reports.Reports.reportStep(Reports.java:80)at com.volvo.automation.commonutilities.CommonWrapperMethods.takeSnap(CommonWrapperMethods.java:866)at com.volvo.reports.Reports.reportStep(Reports.java:80)at com.volvo.automation.commonutilities.CommonWrapperMethods.takeSnap(CommonWrapperMethods.java:866)at com.volvo.reports.Reports.reportStep(Reports.java:80)at com.volvo.automation.commonutilities.CommonWrapperMethods.takeSnap(CommonWrapperMethods.java:866)at com.volvo.reports.Reports.reportStep(Reports.java:80)at com.volvo.automation.commonutilities.CommonWrapperMethods.takeSnap(CommonWrapperMethods.java:866)at com.volvo.reports.Reports.reportStep(Reports.java:80)at com.volvo.automation.commonutilities.CommonWrapperMethods.takeSnap(CommonWrapperMethods.java:866)at com.volvo.reports.Reports.reportStep(Reports.java:80)at com.volvo.automation.commonutilities.CommonWrapperMethods.takeSnap(CommonWrapperMethods.java:866)at com.volvo.reports.Reports.reportStep(Reports.java:80)at com.volvo.automation.commonutilities.CommonWrapperMethods.takeSnap(CommonWrapperMethods.java:866)at com.volvo.reports.Reports.reportStep(Reports.java:80)at com.volvo.automation.commonutilities.CommonWrapperMethods.takeSnap(CommonWrapperMethods.java:866)at com.volvo.reports.Reports.reportStep(Reports.java:80)at com.volvo.automation.commonutilities.CommonWrapperMethods.takeSnap(CommonWrapperMethods.java:866)at com.volvo.reports.Reports.reportStep(Reports.java:80)at com.volvo.automation.commonutilities.CommonWrapperMethods.takeSnap(CommonWrapperMethods.java:866)at com.volvo.reports.Reports.reportStep(Reports.java:80)at com.volvo.automation.commonutilities.CommonWrapperMethods.takeSnap(CommonWrapperMethods.java:866)at com.volvo.reports.Reports.reportStep(Reports.java:80)at com.volvo.automation.commonutilities.CommonWrapperMethods.takeSnap(CommonWrapperMethods.java:866)at com.volvo.reports.Reports.reportStep(Reports.java:80)at com.volvo.automation.commonutilities.CommonWrapperMethods.takeSnap(CommonWrapperMethods.java:866)at com.volvo.reports.Reports.reportStep(Reports.java:80)at com.volvo.automation.commonutilities.CommonWrapperMethods.takeSnap(CommonWrapperMethods.java:866)at com.volvo.reports.Reports.reportStep(Reports.java:80)at com.volvo.automation.commonutilities.CommonWrapperMethods.takeSnap(CommonWrapperMethods.java:866)at com.volvo.reports.Reports.reportStep(Reports.java:80)at com.volvo.automation.commonutilities.CommonWrapperMethods.takeSnap(CommonWrapperMethods.java:866)at com.volvo.reports.Reports.reportStep(Reports.java:80)at com.volvo.automation.commonutilities.CommonWrapperMethods.takeSnap(CommonWrapperMethods.java:866)at com.volvo.reports.Reports.reportStep(Reports.java:80)at com.volvo.automation.commonutilities.CommonWrapperMethods.takeSnap(CommonWrapperMethods.java:866)at com.volvo.reports.Reports.reportStep(Reports.java:80)at com.volvo.automation.commonutilities.CommonWrapperMethods.takeSnap(CommonWrapperMethods.java:866)at com.volvo.reports.Reports.reportStep(Reports.java:80)at com.volvo.automation.commonutilities.CommonWrapperMethods.takeSnap(CommonWrapperMethods.java:866)at com.volvo.reports.Reports.reportStep(Reports.java:80)at com.volvo.automation.commonutilities.CommonWrapperMethods.takeSnap(CommonWrapperMethods.java:866)at com.volvo.reports.Reports.reportStep(Reports.java:80)at com.volvo.automation.commonutilities.CommonWrapperMethods.takeSnap(CommonWrapperMethods.java:866)at com.volvo.reports.Reports.reportStep(Reports.java:80)at com.volvo.automation.commonutilities.CommonWrapperMethods.takeSnap(CommonWrapperMethods.java:866)at com.volvo.reports.Reports.reportStep(Reports.java:80)at com.volvo.automation.commonutilities.CommonWrapperMethods.takeSnap(CommonWrapperMethods.java:866)at com.volvo.reports.Reports.reportStep(Reports.java:80)at com.volvo.automation.commonutilities.CommonWrapperMethods.takeSnap(CommonWrapperMethods.java:866)at com.volvo.reports.Reports.reportStep(Reports.java:80)at com.volvo.automation.commonutilities.CommonWrapperMethods.takeSnap(CommonWrapperMethods.java:866)at com.volvo.reports.Reports.reportStep(Reports.java:80)at com.volvo.automation.commonutilities.CommonWrapperMethods.takeSnap(CommonWrapperMethods.java:866)at com.volvo.reports.Reports.reportStep(Reports.java:80)at com.volvo.automation.commonutilities.CommonWrapperMethods.takeSnap(CommonWrapperMethods.java:866)at com.volvo.reports.Reports.reportStep(Reports.java:80)at com.volvo.automation.commonutilities.CommonWrapperMethods.takeSnap(CommonWrapperMethods.java:866)at com.volvo.reports.Reports.reportStep(Reports.java:80)at com.volvo.automation.commonutilities.CommonWrapperMethods.takeSnap(CommonWrapperMethods.java:866)at com.volvo.reports.Reports.reportStep(Reports.java:80)at com.volvo.automation.commonutilities.CommonWrapperMethods.takeSnap(CommonWrapperMethods.java:866)at com.volvo.reports.Reports.reportStep(Reports.java:80)at com.volvo.automation.commonutilities.CommonWrapperMethods.takeSnap(CommonWrapperMethods.java:866)at com.volvo.reports.Reports.reportStep(Reports.java:80)at com.volvo.automation.commonutilities.CommonWrapperMethods.takeSnap(CommonWrapperMethods.java:866)at com.volvo.reports.Reports.reportStep(Reports.java:80)at com.volvo.automation.commonutilities.CommonWrapperMethods.takeSnap(CommonWrapperMethods.java:866)at com.volvo.reports.Reports.reportStep(Reports.java:80)at com.volvo.automation.commonutilities.CommonWrapperMethods.takeSnap(CommonWrapperMethods.java:866)at com.volvo.reports.Reports.reportStep(Reports.java:80)at com.volvo.automation.commonutilities.CommonWrapperMethods.takeSnap(CommonWrapperMethods.java:866)at com.volvo.reports.Reports.reportStep(Reports.java:80)at com.volvo.automation.commonutilities.CommonWrapperMethods.takeSnap(CommonWrapperMethods.java:866)at com.volvo.reports.Reports.reportStep(Reports.java:80)at com.volvo.automation.commonutilities.CommonWrapperMethods.takeSnap(CommonWrapperMethods.java:866)at com.volvo.reports.Reports.reportStep(Reports.java:80)at com.volvo.automation.commonutilities.CommonWrapperMethods.takeSnap(CommonWrapperMethods.java:866)at com.volvo.reports.Reports.reportStep(Reports.java:80)at com.volvo.automation.commonutilities.CommonWrapperMethods.takeSnap(CommonWrapperMethods.java:866)at com.volvo.reports.Reports.reportStep(Reports.java:80)at com.volvo.automation.commonutilities.CommonWrapperMethods.takeSnap(CommonWrapperMethods.java:866)at com.volvo.reports.Reports.reportStep(Reports.java:80)at com.volvo.automation.commonutilities.CommonWrapperMethods.takeSnap(CommonWrapperMethods.java:866)at com.volvo.reports.Reports.reportStep(Reports.java:80)at com.volvo.automation.commonutilities.CommonWrapperMethods.takeSnap(CommonWrapperMethods.java:866)at com.volvo.reports.Reports.reportStep(Reports.java:80)at com.volvo.automation.commonutilities.CommonWrapperMethods.takeSnap(CommonWrapperMethods.java:866)at com.volvo.reports.Reports.reportStep(Reports.java:80)at com.volvo.automation.commonutilities.CommonWrapperMethods.takeSnap(CommonWrapperMethods.java:866)at com.volvo.reports.Reports.reportStep(Reports.java:80)at com.volvo.automation.commonutilities.CommonWrapperMethods.takeSnap(CommonWrapperMethods.java:866)at com.volvo.reports.Reports.reportStep(Reports.java:80)at com.volvo.automation.commonutilities.CommonWrapperMethods.takeSnap(CommonWrapperMethods.java:866)at com.volvo.reports.Reports.reportStep(Reports.java:80)at com.volvo.automation.commonutilities.CommonWrapperMethods.takeSnap(CommonWrapperMethods.java:866)at com.volvo.reports.Reports.reportStep(Reports.java:80)at com.volvo.automation.commonutilities.CommonWrapperMethods.takeSnap(CommonWrapperMethods.java:866)at com.volvo.reports.Reports.reportStep(Reports.java:80)at com.volvo.automation.commonutilities.CommonWrapperMethods.takeSnap(CommonWrapperMethods.java:866)at com.volvo.reports.Reports.reportStep(Reports.java:80)at com.volvo.automation.commonutilities.CommonWrapperMethods.takeSnap(CommonWrapperMethods.java:866)at com.volvo.reports.Reports.reportStep(Reports.java:80)at com.volvo.automation.commonutilities.CommonWrapperMethods.takeSnap(CommonWrapperMethods.java:866)at com.volvo.reports.Reports.reportStep(Reports.java:80)at com.volvo.automation.commonutilities.CommonWrapperMethods.takeSnap(CommonWrapperMethods.java:866)at com.volvo.reports.Reports.reportStep(Reports.java:80)at com.volvo.automation.commonutilities.CommonWrapperMethods.takeSnap(CommonWrapperMethods.java:866)at com.volvo.reports.Reports.reportStep(Reports.java:80)at com.volvo.automation.commonutilities.CommonWrapperMethods.takeSnap(CommonWrapperMethods.java:866)at com.volvo.reports.Reports.reportStep(Reports.java:80)at com.volvo.automation.commonutilities.CommonWrapperMethods.takeSnap(CommonWrapperMethods.java:866)at com.volvo.reports.Reports.reportStep(Reports.java:80)at com.volvo.automation.commonutilities.CommonWrapperMethods.takeSnap(CommonWrapperMethods.java:866)at com.volvo.reports.Reports.reportStep(Reports.java:80)at com.volvo.automation.commonutilities.CommonWrapperMethods.takeSnap(CommonWrapperMethods.java:866)at com.volvo.reports.Reports.reportStep(Reports.java:80)at com.volvo.automation.commonutilities.CommonWrapperMethods.takeSnap(CommonWrapperMethods.java:866)at com.volvo.reports.Reports.reportStep(Reports.java:80)at com.volvo.automation.commonutilities.CommonWrapperMethods.takeSnap(CommonWrapperMethods.java:866)at com.volvo.reports.Reports.reportStep(Reports.java:80)at com.volvo.automation.commonutilities.CommonWrapperMethods.takeSnap(CommonWrapperMethods.java:866)at com.volvo.reports.Reports.reportStep(Reports.java:80)at com.volvo.automation.commonutilities.CommonWrapperMethods.takeSnap(CommonWrapperMethods.java:866)at com.volvo.reports.Reports.reportStep(Reports.java:80)at com.volvo.automation.commonutilities.CommonWrapperMethods.takeSnap(CommonWrapperMethods.java:866)at com.volvo.reports.Reports.reportStep(Reports.java:80)at com.volvo.automation.commonutilities.CommonWrapperMethods.takeSnap(CommonWrapperMethods.java:866)at com.volvo.reports.Reports.reportStep(Reports.java:80)at com.volvo.automation.commonutilities.CommonWrapperMethods.takeSnap(CommonWrapperMethods.java:866)at com.volvo.reports.Reports.reportStep(Reports.java:80)at com.volvo.automation.commonutilities.CommonWrapperMethods.takeSnap(CommonWrapperMethods.java:866)at com.volvo.reports.Reports.reportStep(Reports.java:80)at com.volvo.automation.commonutilities.CommonWrapperMethods.takeSnap(CommonWrapperMethods.java:866)at com.volvo.reports.Reports.reportStep(Reports.java:80)at com.volvo.automation.commonutilities.CommonWrapperMethods.takeSnap(CommonWrapperMethods.java:866)at com.volvo.reports.Reports.reportStep(Reports.java:80)at com.volvo.automation.commonutilities.CommonWrapperMethods.takeSnap(CommonWrapperMethods.java:866)at com.volvo.reports.Reports.reportStep(Reports.java:80)at com.volvo.automation.commonutilities.CommonWrapperMethods.takeSnap(CommonWrapperMethods.java:866)at com.volvo.reports.Reports.reportStep(Reports.java:80)at com.volvo.automation.commonutilities.CommonWrapperMethods.takeSnap(CommonWrapperMethods.java:866)at com.volvo.reports.Reports.reportStep(Reports.java:80)at com.volvo.automation.commonutilities.CommonWrapperMethods.takeSnap(CommonWrapperMethods.java:866)at com.volvo.reports.Reports.reportStep(Reports.java:80)at com.volvo.automation.commonutilities.CommonWrapperMethods.takeSnap(CommonWrapperMethods.java:866)at com.volvo.reports.Reports.reportStep(Reports.java:80)at com.volvo.automation.commonutilities.CommonWrapperMethods.takeSnap(CommonWrapperMethods.java:866)at com.volvo.reports.Reports.reportStep(Reports.java:80)at com.volvo.automation.commonutilities.CommonWrapperMethods.takeSnap(CommonWrapperMethods.java:866)at com.volvo.reports.Reports.reportStep(Reports.java:80)at com.volvo.automation.commonutilities.CommonWrapperMethods.takeSnap(CommonWrapperMethods.java:866)at com.volvo.reports.Reports.reportStep(Reports.java:80)at com.volvo.automation.commonutilities.CommonWrapperMethods.takeSnap(CommonWrapperMethods.java:866)at com.volvo.reports.Reports.reportStep(Reports.java:80)at com.volvo.automation.commonutilities.CommonWrapperMethods.takeSnap(CommonWrapperMethods.java:866)at com.volvo.reports.Reports.reportStep(Reports.java:80)at com.volvo.automation.commonutilities.CommonWrapperMethods.takeSnap(CommonWrapperMethods.java:866)at com.volvo.reports.Reports.reportStep(Reports.java:80)at com.volvo.automation.commonutilities.CommonWrapperMethods.takeSnap(CommonWrapperMethods.java:866)at com.volvo.reports.Reports.reportStep(Reports.java:80)at com.volvo.automation.commonutilities.CommonWrapperMethods.takeSnap(CommonWrapperMethods.java:866)at com.volvo.reports.Reports.reportStep(Reports.java:80)at com.volvo.automation.commonutilities.CommonWrapperMethods.takeSnap(CommonWrapperMethods.java:866)at com.volvo.reports.Reports.reportStep(Reports.java:80)at com.volvo.automation.commonutilities.CommonWrapperMethods.takeSnap(CommonWrapperMethods.java:866)at com.volvo.reports.Reports.reportStep(Reports.java:80)at com.volvo.automation.commonutilities.CommonWrapperMethods.takeSnap(CommonWrapperMethods.java:866)at com.volvo.reports.Reports.reportStep(Reports.java:80)at com.volvo.automation.commonutilities.CommonWrapperMethods.takeSnap(CommonWrapperMethods.java:866)at com.volvo.reports.Reports.reportStep(Reports.java:80)at com.volvo.automation.commonutilities.CommonWrapperMethods.takeSnap(CommonWrapperMethods.java:866)at com.volvo.reports.Reports.reportStep(Reports.java:80)at com.volvo.automation.commonutilities.CommonWrapperMethods.takeSnap(CommonWrapperMethods.java:866)at com.volvo.reports.Reports.reportStep(Reports.java:80)at com.volvo.automation.commonutilities.CommonWrapperMethods.takeSnap(CommonWrapperMethods.java:866)at com.volvo.reports.Reports.reportStep(Reports.java:80)at com.volvo.automation.commonutilities.CommonWrapperMethods.takeSnap(CommonWrapperMethods.java:866)at com.volvo.reports.Reports.reportStep(Reports.java:80)at com.volvo.automation.commonutilities.CommonWrapperMethods.takeSnap(CommonWrapperMethods.java:866)at com.volvo.reports.Reports.reportStep(Reports.java:80)at com.volvo.automation.commonutilities.CommonWrapperMethods.takeSnap(CommonWrapperMethods.java:866)at com.volvo.reports.Reports.reportStep(Reports.java:80)at com.volvo.automation.commonutilities.CommonWrapperMethods.takeSnap(CommonWrapperMethods.java:866)at com.volvo.reports.Reports.reportStep(Reports.java:80)at com.volvo.automation.commonutilities.CommonWrapperMethods.takeSnap(CommonWrapperMethods.java:866)at com.volvo.reports.Reports.reportStep(Reports.java:80)at com.volvo.automation.commonutilities.CommonWrapperMethods.takeSnap(CommonWrapperMethods.java:866)at com.volvo.reports.Reports.reportStep(Reports.java:80)at com.volvo.automation.commonutilities.CommonWrapperMethods.takeSnap(CommonWrapperMethods.java:866)at com.volvo.reports.Reports.reportStep(Reports.java:80)at com.volvo.automation.commonutilities.CommonWrapperMethods.takeSnap(CommonWrapperMethods.java:866)at com.volvo.reports.Reports.reportStep(Reports.java:80)at com.volvo.automation.commonutilities.CommonWrapperMethods.takeSnap(CommonWrapperMethods.java:866)at com.volvo.reports.Reports.reportStep(Reports.java:80)at com.volvo.automation.commonutilities.CommonWrapperMethods.takeSnap(CommonWrapperMethods.java:866)at com.volvo.reports.Reports.reportStep(Reports.java:80)at com.volvo.automation.commonutilities.CommonWrapperMethods.takeSnap(CommonWrapperMethods.java:866)at com.volvo.reports.Reports.reportStep(Reports.java:80)at com.volvo.automation.commonutilities.CommonWrapperMethods.takeSnap(CommonWrapperMethods.java:866)at com.volvo.reports.Reports.reportStep(Reports.java:80)at com.volvo.automation.commonutilities.CommonWrapperMethods.takeSnap(CommonWrapperMethods.java:866)at com.volvo.reports.Reports.reportStep(Reports.java:80)at com.volvo.automation.commonutilities.CommonWrapperMethods.takeSnap(CommonWrapperMethods.java:866)at com.volvo.reports.Reports.reportStep(Reports.java:80)at com.volvo.automation.commonutilities.CommonWrapperMethods.takeSnap(CommonWrapperMethods.java:866)at com.volvo.reports.Reports.reportStep(Reports.java:80)at com.volvo.automation.commonutilities.CommonWrapperMethods.takeSnap(CommonWrapperMethods.java:866)at com.volvo.reports.Reports.reportStep(Reports.java:80)at com.volvo.automation.commonutilities.CommonWrapperMethods.takeSnap(CommonWrapperMethods.java:866)at com.volvo.reports.Reports.reportStep(Reports.java:80)at com.volvo.automation.commonutilities.CommonWrapperMethods.takeSnap(CommonWrapperMethods.java:866)at com.volvo.reports.Reports.reportStep(Reports.java:80)at com.volvo.automation.commonutilities.CommonWrapperMethods.takeSnap(CommonWrapperMethods.java:866)at com.volvo.reports.Reports.reportStep(Reports.java:80)at com.volvo.automation.commonutilities.CommonWrapperMethods.takeSnap(CommonWrapperMethods.java:866)at com.volvo.reports.Reports.reportStep(Reports.java:80)at com.volvo.automation.commonutilities.CommonWrapperMethods.takeSnap(CommonWrapperMethods.java:866)at com.volvo.reports.Reports.reportStep(Reports.java:80)at com.volvo.automation.commonutilities.CommonWrapperMethods.takeSnap(CommonWrapperMethods.java:866)at com.volvo.reports.Reports.reportStep(Reports.java:80)at com.volvo.automation.commonutilities.CommonWrapperMethods.takeSnap(CommonWrapperMethods.java:866)at com.volvo.reports.Reports.reportStep(Reports.java:80)at com.volvo.automation.commonutilities.CommonWrapperMethods.takeSnap(CommonWrapperMethods.java:866)at com.volvo.reports.Reports.reportStep(Reports.java:80)at com.volvo.automation.commonutilities.CommonWrapperMethods.takeSnap(CommonWrapperMethods.java:866)at com.volvo.reports.Reports.reportStep(Reports.java:80)at com.volvo.automation.commonutilities.CommonWrapperMethods.takeSnap(CommonWrapperMethods.java:866)at com.volvo.reports.Reports.reportStep(Reports.java:80)at com.volvo.automation.commonutilities.CommonWrapperMethods.takeSnap(CommonWrapperMethods.java:866)at com.volvo.reports.Reports.reportStep(Reports.java:80)at com.volvo.automation.commonutilities.CommonWrapperMethods.takeSnap(CommonWrapperMethods.java:866)at com.volvo.reports.Reports.reportStep(Reports.java:80)at com.volvo.automation.commonutilities.CommonWrapperMethods.takeSnap(CommonWrapperMethods.java:866)at com.volvo.reports.Reports.reportStep(Reports.java:80)at com.volvo.automation.commonutilities.CommonWrapperMethods.takeSnap(CommonWrapperMethods.java:866)at com.volvo.reports.Reports.reportStep(Reports.java:80)at com.volvo.automation.commonutilities.CommonWrapperMethods.takeSnap(CommonWrapperMethods.java:866)at com.volvo.reports.Reports.reportStep(Reports.java:80)at com.volvo.automation.commonutilities.CommonWrapperMethods.takeSnap(CommonWrapperMethods.java:866)at com.volvo.reports.Reports.reportStep(Reports.java:80)at com.volvo.automation.commonutilities.CommonWrapperMethods.takeSnap(CommonWrapperMethods.java:866)at com.volvo.reports.Reports.reportStep(Reports.java:80)at com.volvo.automation.commonutilities.CommonWrapperMethods.takeSnap(CommonWrapperMethods.java:866)at com.volvo.reports.Reports.reportStep(Reports.java:80)at com.volvo.automation.commonutilities.CommonWrapperMethods.takeSnap(CommonWrapperMethods.java:866)at com.volvo.reports.Reports.reportStep(Reports.java:80)at com.volvo.automation.commonutilities.CommonWrapperMethods.takeSnap(CommonWrapperMethods.java:866)at com.volvo.reports.Reports.reportStep(Reports.java:80)at com.volvo.automation.commonutilities.CommonWrapperMethods.takeSnap(CommonWrapperMethods.java:866)at com.volvo.reports.Reports.reportStep(Reports.java:80)at com.volvo.automation.commonutilities.CommonWrapperMethods.takeSnap(CommonWrapperMethods.java:866)at com.volvo.reports.Reports.reportStep(Reports.java:80)at com.volvo.automation.commonutilities.CommonWrapperMethods.takeSnap(CommonWrapperMethods.java:866)at com.volvo.reports.Reports.reportStep(Reports.java:80)at com.volvo.automation.commonutilities.CommonWrapperMethods.takeSnap(CommonWrapperMethods.java:866)at com.volvo.reports.Reports.reportStep(Reports.java:80)at com.volvo.automation.commonutilities.CommonWrapperMethods.takeSnap(CommonWrapperMethods.java:866)at com.volvo.reports.Reports.reportStep(Reports.java:80)at com.volvo.automation.commonutilities.CommonWrapperMethods.takeSnap(CommonWrapperMethods.java:866)at com.volvo.reports.Reports.reportStep(Reports.java:80)at com.volvo.automation.commonutilities.CommonWrapperMethods.takeSnap(CommonWrapperMethods.java:866)at com.volvo.reports.Reports.reportStep(Reports.java:80)at com.volvo.automation.commonutilities.CommonWrapperMethods.takeSnap(CommonWrapperMethods.java:866)at com.volvo.reports.Reports.reportStep(Reports.java:80)at com.volvo.automation.commonutilities.CommonWrapperMethods.takeSnap(CommonWrapperMethods.java:866)at com.volvo.reports.Reports.reportStep(Reports.java:80)at com.volvo.automation.commonutilities.CommonWrapperMethods.takeSnap(CommonWrapperMethods.java:866)at com.volvo.reports.Reports.reportStep(Reports.java:80)at com.volvo.automation.commonutilities.CommonWrapperMethods.takeSnap(CommonWrapperMethods.java:866)at com.volvo.reports.Reports.reportStep(Reports.java:80)at com.volvo.automation.commonutilities.CommonWrapperMethods.takeSnap(CommonWrapperMethods.java:866)at com.volvo.reports.Reports.reportStep(Reports.java:80)at com.volvo.automation.commonutilities.CommonWrapperMethods.takeSnap(CommonWrapperMethods.java:866)at com.volvo.reports.Reports.reportStep(Reports.java:80)at com.volvo.automation.commonutilities.CommonWrapperMethods.takeSnap(CommonWrapperMethods.java:866)at com.volvo.reports.Reports.reportStep(Reports.java:80)at com.volvo.automation.commonutilities.CommonWrapperMethods.takeSnap(CommonWrapperMethods.java:866)at com.volvo.reports.Reports.reportStep(Reports.java:80)at com.volvo.automation.commonutilities.CommonWrapperMethods.takeSnap(CommonWrapperMethods.java:866)at com.volvo.reports.Reports.reportStep(Reports.java:80)at com.volvo.automation.commonutilities.CommonWrapperMethods.takeSnap(CommonWrapperMethods.java:866)at com.volvo.reports.Reports.reportStep(Reports.java:80)at com.volvo.automation.commonutilities.CommonWrapperMethods.takeSnap(CommonWrapperMethods.java:866)at com.volvo.reports.Reports.reportStep(Reports.java:80)at com.volvo.automation.commonutilities.CommonWrapperMethods.takeSnap(CommonWrapperMethods.java:866)at com.volvo.reports.Reports.reportStep(Reports.java:80)at com.volvo.automation.commonutilities.CommonWrapperMethods.takeSnap(CommonWrapperMethods.java:866)at com.volvo.reports.Reports.reportStep(Reports.java:80)at com.volvo.automation.commonutilities.CommonWrapperMethods.takeSnap(CommonWrapperMethods.java:866)at com.volvo.reports.Reports.reportStep(Reports.java:80)at com.volvo.automation.commonutilities.CommonWrapperMethods.takeSnap(CommonWrapperMethods.java:866)at com.volvo.reports.Reports.reportStep(Reports.java:80)at com.volvo.automation.commonutilities.CommonWrapperMethods.takeSnap(CommonWrapperMethods.java:866)at com.volvo.reports.Reports.reportStep(Reports.java:80)at com.volvo.automation.commonutilities.CommonWrapperMethods.takeSnap(CommonWrapperMethods.java:866)at com.volvo.reports.Reports.reportStep(Reports.java:80)at com.volvo.automation.commonutilities.CommonWrapperMethods.takeSnap(CommonWrapperMethods.java:866)at com.volvo.reports.Reports.reportStep(Reports.java:80)at com.volvo.automation.commonutilities.CommonWrapperMethods.takeSnap(CommonWrapperMethods.java:866)at com.volvo.reports.Reports.reportStep(Reports.java:80)at com.volvo.automation.commonutilities.CommonWrapperMethods.takeSnap(CommonWrapperMethods.java:866)at com.volvo.reports.Reports.reportStep(Reports.java:80)at com.volvo.automation.commonutilities.CommonWrapperMethods.takeSnap(CommonWrapperMethods.java:866)at com.volvo.reports.Reports.reportStep(Reports.java:80)at com.volvo.automation.commonutilities.CommonWrapperMethods.takeSnap(CommonWrapperMethods.java:866)at com.volvo.reports.Reports.reportStep(Reports.java:80)at com.volvo.automation.commonutilities.CommonWrapperMethods.takeSnap(CommonWrapperMethods.java:866)at com.volvo.reports.Reports.reportStep(Reports.java:80)at com.volvo.automation.commonutilities.CommonWrapperMethods.takeSnap(CommonWrapperMethods.java:866)at com.volvo.reports.Reports.reportStep(Reports.java:80)at com.volvo.automation.commonutilities.CommonWrapperMethods.takeSnap(CommonWrapperMethods.java:866)at com.volvo.reports.Reports.reportStep(Reports.java:80)at com.volvo.automation.commonutilities.CommonWrapperMethods.takeSnap(CommonWrapperMethods.java:866)at com.volvo.reports.Reports.reportStep(Reports.java:80)at com.volvo.automation.commonutilities.CommonWrapperMethods.takeSnap(CommonWrapperMethods.java:866)at com.volvo.reports.Reports.reportStep(Reports.java:80)at com.volvo.automation.commonutilities.CommonWrapperMethods.takeSnap(CommonWrapperMethods.java:866)at com.volvo.reports.Reports.reportStep(Reports.java:80)at com.volvo.automation.commonutilities.CommonWrapperMethods.takeSnap(CommonWrapperMethods.java:866)at com.volvo.reports.Reports.reportStep(Reports.java:80)at com.volvo.automation.commonutilities.CommonWrapperMethods.takeSnap(CommonWrapperMethods.java:866)at com.volvo.reports.Reports.reportStep(Reports.java:80)at com.volvo.automation.commonutilities.CommonWrapperMethods.takeSnap(CommonWrapperMethods.java:866)at com.volvo.reports.Reports.reportStep(Reports.java:80)at com.volvo.automation.commonutilities.CommonWrapperMethods.takeSnap(CommonWrapperMethods.java:866)at com.volvo.reports.Reports.reportStep(Reports.java:80)at com.volvo.automation.commonutilities.CommonWrapperMethods.takeSnap(CommonWrapperMethods.java:866)at com.volvo.reports.Reports.reportStep(Reports.java:80)at com.volvo.automation.commonutilities.CommonWrapperMethods.takeSnap(CommonWrapperMethods.java:866)at com.volvo.reports.Reports.reportStep(Reports.java:80)at com.volvo.automation.commonutilities.CommonWrapperMethods.takeSnap(CommonWrapperMethods.java:866)at com.volvo.reports.Reports.reportStep(Reports.java:80)at com.volvo.automation.commonutilities.CommonWrapperMethods.takeSnap(CommonWrapperMethods.java:866)at com.volvo.reports.Reports.reportStep(Reports.java:80)at com.volvo.automation.commonutilities.CommonWrapperMethods.takeSnap(CommonWrapperMethods.java:866)at com.volvo.reports.Reports.reportStep(Reports.java:80)at com.volvo.automation.commonutilities.CommonWrapperMethods.takeSnap(CommonWrapperMethods.java:866)at com.volvo.reports.Reports.reportStep(Reports.java:80)at com.volvo.automation.commonutilities.CommonWrapperMethods.takeSnap(CommonWrapperMethods.java:866)at com.volvo.reports.Reports.reportStep(Reports.java:80)at com.volvo.automation.commonutilities.CommonWrapperMethods.takeSnap(CommonWrapperMethods.java:866)at com.volvo.reports.Reports.reportStep(Reports.java:80)at com.volvo.automation.commonutilities.CommonWrapperMethods.takeSnap(CommonWrapperMethods.java:866)at com.volvo.reports.Reports.reportStep(Reports.java:80)at com.volvo.automation.commonutilities.CommonWrapperMethods.takeSnap(CommonWrapperMethods.java:866)at com.volvo.reports.Reports.reportStep(Reports.java:80)at com.volvo.automation.commonutilities.CommonWrapperMethods.takeSnap(CommonWrapperMethods.java:866)at com.volvo.reports.Reports.reportStep(Reports.java:80)at com.volvo.automation.commonutilities.CommonWrapperMethods.takeSnap(CommonWrapperMethods.java:866)at com.volvo.reports.Reports.reportStep(Reports.java:80)at com.volvo.automation.commonutilities.CommonWrapperMethods.takeSnap(CommonWrapperMethods.java:866)at com.volvo.reports.Reports.reportStep(Reports.java:80)at com.volvo.automation.commonutilities.CommonWrapperMethods.takeSnap(CommonWrapperMethods.java:866)at com.volvo.reports.Reports.reportStep(Reports.java:80)at com.volvo.automation.commonutilities.CommonWrapperMethods.takeSnap(CommonWrapperMethods.java:866)at com.volvo.reports.Reports.reportStep(Reports.java:80)at com.volvo.automation.commonutilities.CommonWrapperMethods.takeSnap(CommonWrapperMethods.java:866)at com.volvo.reports.Reports.reportStep(Reports.java:80)at com.volvo.automation.commonutilities.CommonWrapperMethods.takeSnap(CommonWrapperMethods.java:866)at com.volvo.reports.Reports.reportStep(Reports.java:80)at com.volvo.automation.commonutilities.CommonWrapperMethods.takeSnap(CommonWrapperMethods.java:866)at com.volvo.reports.Reports.reportStep(Reports.java:80)at com.volvo.automation.commonutilities.CommonWrapperMethods.takeSnap(CommonWrapperMethods.java:866)at com.volvo.reports.Reports.reportStep(Reports.java:80)at com.volvo.automation.commonutilities.CommonWrapperMethods.takeSnap(CommonWrapperMethods.java:866)at com.volvo.reports.Reports.reportStep(Reports.java:80)at com.volvo.automation.commonutilities.CommonWrapperMethods.takeSnap(CommonWrapperMethods.java:866)at com.volvo.reports.Reports.reportStep(Reports.java:80)at com.volvo.automation.commonutilities.CommonWrapperMethods.takeSnap(CommonWrapperMethods.java:866)at com.volvo.reports.Reports.reportStep(Reports.java:80)at com.volvo.automation.commonutilities.CommonWrapperMethods.takeSnap(CommonWrapperMethods.java:866)at com.volvo.reports.Reports.reportStep(Reports.java:80)at com.volvo.automation.commonutilities.CommonWrapperMethods.takeSnap(CommonWrapperMethods.java:866)at com.volvo.reports.Reports.reportStep(Reports.java:80)at com.volvo.automation.commonutilities.CommonWrapperMethods.takeSnap(CommonWrapperMethods.java:866)at com.volvo.reports.Reports.reportStep(Reports.java:80)at com.volvo.automation.commonutilities.CommonWrapperMethods.takeSnap(CommonWrapperMethods.java:866)at com.volvo.reports.Reports.reportStep(Reports.java:80)at com.volvo.automation.commonutilities.CommonWrapperMethods.takeSnap(CommonWrapperMethods.java:866)at com.volvo.reports.Reports.reportStep(Reports.java:80)at com.volvo.automation.commonutilities.CommonWrapperMethods.takeSnap(CommonWrapperMethods.java:866)at com.volvo.reports.Reports.reportStep(Reports.java:80)at com.volvo.automation.commonutilities.CommonWrapperMethods.takeSnap(CommonWrapperMethods.java:866)at com.volvo.reports.Reports.reportStep(Reports.java:80)at com.volvo.automation.commonutilities.CommonWrapperMethods.takeSnap(CommonWrapperMethods.java:866)at com.volvo.reports.Reports.reportStep(Reports.java:80)at com.volvo.automation.commonutilities.CommonWrapperMethods.takeSnap(CommonWrapperMethods.java:866)at com.volvo.reports.Reports.reportStep(Reports.java:80)at com.volvo.automation.commonutilities.CommonWrapperMethods.takeSnap(CommonWrapperMethods.java:866)at com.volvo.reports.Reports.reportStep(Reports.java:80)at com.volvo.automation.commonutilities.CommonWrapperMethods.takeSnap(CommonWrapperMethods.java:866)at com.volvo.reports.Reports.reportStep(Reports.java:80)at com.volvo.automation.commonutilities.CommonWrapperMethods.takeSnap(CommonWrapperMethods.java:866)at com.volvo.reports.Reports.reportStep(Reports.java:80)at com.volvo.automation.commonutilities.CommonWrapperMethods.takeSnap(CommonWrapperMethods.java:866)at com.volvo.reports.Reports.reportStep(Reports.java:80)at com.volvo.automation.commonutilities.CommonWrapperMethods.takeSnap(CommonWrapperMethods.java:866)at com.volvo.reports.Reports.reportStep(Reports.java:80)at com.volvo.automation.commonutilities.CommonWrapperMethods.takeSnap(CommonWrapperMethods.java:866)at com.volvo.reports.Reports.reportStep(Reports.java:80)at com.volvo.automation.commonutilities.CommonWrapperMethods.takeSnap(CommonWrapperMethods.java:866)at com.volvo.reports.Reports.reportStep(Reports.java:80)at com.volvo.automation.commonutilities.CommonWrapperMethods.takeSnap(CommonWrapperMethods.java:866)at com.volvo.reports.Reports.reportStep(Reports.java:80)at com.volvo.automation.commonutilities.CommonWrapperMethods.takeSnap(CommonWrapperMethods.java:866)at com.volvo.reports.Reports.reportStep(Reports.java:80)at com.volvo.automation.commonutilities.CommonWrapperMethods.takeSnap(CommonWrapperMethods.java:866)at com.volvo.reports.Reports.reportStep(Reports.java:80)at com.volvo.automation.commonutilities.CommonWrapperMethods.takeSnap(CommonWrapperMethods.java:866)at com.volvo.reports.Reports.reportStep(Reports.java:80)at com.volvo.automation.commonutilities.CommonWrapperMethods.takeSnap(CommonWrapperMethods.java:866)at com.volvo.reports.Reports.reportStep(Reports.java:80)at com.volvo.automation.commonutilities.CommonWrapperMethods.takeSnap(CommonWrapperMethods.java:866)at com.volvo.reports.Reports.reportStep(Reports.java:80)at com.volvo.automation.commonutilities.CommonWrapperMethods.takeSnap(CommonWrapperMethods.java:866)at com.volvo.reports.Reports.reportStep(Reports.java:80)at com.volvo.automation.commonutilities.CommonWrapperMethods.takeSnap(CommonWrapperMethods.java:866)at com.volvo.reports.Reports.reportStep(Reports.java:80)at com.volvo.automation.commonutilities.CommonWrapperMethods.takeSnap(CommonWrapperMethods.java:866)at com.volvo.reports.Reports.reportStep(Reports.java:80)at com.volvo.automation.commonutilities.CommonWrapperMethods.takeSnap(CommonWrapperMethods.java:866)at com.volvo.reports.Reports.reportStep(Reports.java:80)at com.volvo.automation.commonutilities.CommonWrapperMethods.takeSnap(CommonWrapperMethods.java:866)at com.volvo.reports.Reports.reportStep(Reports.java:80)at com.volvo.automation.commonutilities.CommonWrapperMethods.takeSnap(CommonWrapperMethods.java:866)at com.volvo.reports.Reports.reportStep(Reports.java:80)at com.volvo.automation.commonutilities.CommonWrapperMethods.takeSnap(CommonWrapperMethods.java:866)at com.volvo.reports.Reports.reportStep(Reports.java:80)at com.volvo.automation.commonutilities.CommonWrapperMethods.takeSnap(CommonWrapperMethods.java:866)at com.volvo.reports.Reports.reportStep(Reports.java:80)at com.volvo.automation.commonutilities.CommonWrapperMethods.takeSnap(CommonWrapperMethods.java:866)at com.volvo.reports.Reports.reportStep(Reports.java:80)at com.volvo.automation.commonutilities.CommonWrapperMethods.takeSnap(CommonWrapperMethods.java:866)at com.volvo.reports.Reports.reportStep(Reports.java:80)at com.volvo.automation.commonutilities.CommonWrapperMethods.takeSnap(CommonWrapperMethods.java:866)at com.volvo.reports.Reports.reportStep(Reports.java:80)at com.volvo.automation.commonutilities.CommonWrapperMethods.takeSnap(CommonWrapperMethods.java:866)at com.volvo.reports.Reports.reportStep(Reports.java:80)at com.volvo.automation.commonutilities.CommonWrapperMethods.takeSnap(CommonWrapperMethods.java:866)at com.volvo.reports.Reports.reportStep(Reports.java:80)at com.volvo.automation.commonutilities.CommonWrapperMethods.takeSnap(CommonWrapperMethods.java:866)at com.volvo.reports.Reports.reportStep(Reports.java:80)at com.volvo.automation.commonutilities.CommonWrapperMethods.takeSnap(CommonWrapperMethods.java:866)at com.volvo.reports.Reports.reportStep(Reports.java:80)at com.volvo.automation.commonutilities.CommonWrapperMethods.takeSnap(CommonWrapperMethods.java:866)at com.volvo.reports.Reports.reportStep(Reports.java:80)at com.volvo.automation.commonutilities.CommonWrapperMethods.takeSnap(CommonWrapperMethods.java:866)at com.volvo.reports.Reports.reportStep(Reports.java:80)at com.volvo.automation.commonutilities.CommonWrapperMethods.takeSnap(CommonWrapperMethods.java:866)at com.volvo.reports.Reports.reportStep(Reports.java:80)at com.volvo.automation.commonutilities.CommonWrapperMethods.takeSnap(CommonWrapperMethods.java:866)at com.volvo.reports.Reports.reportStep(Reports.java:80)at com.volvo.automation.commonutilities.CommonWrapperMethods.takeSnap(CommonWrapperMethods.java:866)at com.volvo.reports.Reports.reportStep(Reports.java:80)at com.volvo.automation.commonutilities.CommonWrapperMethods.takeSnap(CommonWrapperMethods.java:866)at com.volvo.reports.Reports.reportStep(Reports.java:80)at com.volvo.automation.commonutilities.CommonWrapperMethods.takeSnap(CommonWrapperMethods.java:866)at com.volvo.reports.Reports.reportStep(Reports.java:80)at com.volvo.automation.commonutilities.CommonWrapperMethods.takeSnap(CommonWrapperMethods.java:866)at com.volvo.reports.Reports.reportStep(Reports.java:80)at com.volvo.automation.commonutilities.CommonWrapperMethods.takeSnap(CommonWrapperMethods.java:866)at com.volvo.reports.Reports.reportStep(Reports.java:80)at com.volvo.automation.commonutilities.CommonWrapperMethods.takeSnap(CommonWrapperMethods.java:866)at com.volvo.reports.Reports.reportStep(Reports.java:80)at com.volvo.automation.commonutilities.CommonWrapperMethods.takeSnap(CommonWrapperMethods.java:866)at com.volvo.reports.Reports.reportStep(Reports.java:80)at com.volvo.automation.commonutilities.CommonWrapperMethods.takeSnap(CommonWrapperMethods.java:866)at com.volvo.reports.Reports.reportStep(Reports.java:80)at com.volvo.automation.commonutilities.CommonWrapperMethods.takeSnap(CommonWrapperMethods.java:866)at com.volvo.reports.Reports.reportStep(Reports.java:80)at com.volvo.automation.commonutilities.CommonWrapperMethods.takeSnap(CommonWrapperMethods.java:866)at com.volvo.reports.Reports.reportStep(Reports.java:80)at com.volvo.automation.commonutilities.CommonWrapperMethods.takeSnap(CommonWrapperMethods.java:866)at com.volvo.reports.Reports.reportStep(Reports.java:80)at com.volvo.automation.commonutilities.CommonWrapperMethods.takeSnap(CommonWrapperMethods.java:866)at com.volvo.reports.Reports.reportStep(Reports.java:80)at com.volvo.automation.commonutilities.CommonWrapperMethods.takeSnap(CommonWrapperMethods.java:866)at com.volvo.reports.Reports.reportStep(Reports.java:80)at com.volvo.automation.commonutilities.CommonWrapperMethods.takeSnap(CommonWrapperMethods.java:866)at com.volvo.reports.Reports.reportStep(Reports.java:80)at com.volvo.automation.commonutilities.CommonWrapperMethods.takeSnap(CommonWrapperMethods.java:866)at com.volvo.reports.Reports.reportStep(Reports.java:80)at com.volvo.automation.commonutilities.CommonWrapperMethods.takeSnap(CommonWrapperMethods.java:866)at com.volvo.reports.Reports.reportStep(Reports.java:80)at com.volvo.automation.commonutilities.CommonWrapperMethods.takeSnap(CommonWrapperMethods.java:866)at com.volvo.reports.Reports.reportStep(Reports.java:80)at com.volvo.automation.commonutilities.CommonWrapperMethods.takeSnap(CommonWrapperMethods.java:866)at com.volvo.reports.Reports.reportStep(Reports.java:80)at com.volvo.automation.commonutilities.CommonWrapperMethods.takeSnap(CommonWrapperMethods.java:866)at com.volvo.reports.Reports.reportStep(Reports.java:80)at com.volvo.automation.commonutilities.CommonWrapperMethods.takeSnap(CommonWrapperMethods.java:866)at com.volvo.reports.Reports.reportStep(Reports.java:80)at com.volvo.automation.commonutilities.CommonWrapperMethods.takeSnap(CommonWrapperMethods.java:866)at com.volvo.reports.Reports.reportStep(Reports.java:80)at com.volvo.automation.commonutilities.CommonWrapperMethods.takeSnap(CommonWrapperMethods.java:866)at com.volvo.reports.Reports.reportStep(Reports.java:80)at com.volvo.automation.commonutilities.CommonWrapperMethods.takeSnap(CommonWrapperMethods.java:866)at com.volvo.reports.Reports.reportStep(Reports.java:80)at com.volvo.automation.commonutilities.CommonWrapperMethods.takeSnap(CommonWrapperMethods.java:866)at com.volvo.reports.Reports.reportStep(Reports.java:80)at com.volvo.automation.commonutilities.CommonWrapperMethods.takeSnap(CommonWrapperMethods.java:866)at com.volvo.reports.Reports.reportStep(Reports.java:80)at com.volvo.automation.commonutilities.CommonWrapperMethods.takeSnap(CommonWrapperMethods.java:866)at com.volvo.reports.Reports.reportStep(Reports.java:80)at com.volvo.automation.commonutilities.CommonWrapperMethods.takeSnap(CommonWrapperMethods.java:866)at com.volvo.reports.Reports.reportStep(Reports.java:80)at com.volvo.automation.commonutilities.CommonWrapperMethods.takeSnap(CommonWrapperMethods.java:866)at com.volvo.reports.Reports.reportStep(Reports.java:80)at com.volvo.automation.commonutilities.CommonWrapperMethods.takeSnap(CommonWrapperMethods.java:866)at com.volvo.reports.Reports.reportStep(Reports.java:80)at com.volvo.automation.commonutilities.CommonWrapperMethods.takeSnap(CommonWrapperMethods.java:866)at com.volvo.reports.Reports.reportStep(Reports.java:80)at com.volvo.automation.commonutilities.CommonWrapperMethods.takeSnap(CommonWrapperMethods.java:866)at com.volvo.reports.Reports.reportStep(Reports.java:80)at com.volvo.automation.commonutilities.CommonWrapperMethods.takeSnap(CommonWrapperMethods.java:866)at com.volvo.reports.Reports.reportStep(Reports.java:80)at com.volvo.automation.commonutilities.CommonWrapperMethods.takeSnap(CommonWrapperMethods.java:866)at com.volvo.reports.Reports.reportStep(Reports.java:80)at com.volvo.automation.commonutilities.CommonWrapperMethods.takeSnap(CommonWrapperMethods.java:866)at com.volvo.reports.Reports.reportStep(Reports.java:80)at com.volvo.automation.commonutilities.CommonWrapperMethods.takeSnap(CommonWrapperMethods.java:866)at com.volvo.reports.Reports.reportStep(Reports.java:80)at com.volvo.automation.commonutilities.CommonWrapperMethods.takeSnap(CommonWrapperMethods.java:866)at com.volvo.reports.Reports.reportStep(Reports.java:80)at com.volvo.automation.commonutilities.CommonWrapperMethods.takeSnap(CommonWrapperMethods.java:866)at com.volvo.reports.Reports.reportStep(Reports.java:80)at com.volvo.automation.commonutilities.CommonWrapperMethods.takeSnap(CommonWrapperMethods.java:866)at com.volvo.reports.Reports.reportStep(Reports.java:80)at com.volvo.automation.commonutilities.CommonWrapperMethods.takeSnap(CommonWrapperMethods.java:866)at com.volvo.reports.Reports.reportStep(Reports.java:80)at com.volvo.automation.commonutilities.CommonWrapperMethods.takeSnap(CommonWrapperMethods.java:866)at com.volvo.reports.Reports.reportStep(Reports.java:80)at com.volvo.automation.commonutilities.CommonWrapperMethods.takeSnap(CommonWrapperMethods.java:866)at com.volvo.reports.Reports.reportStep(Reports.java:80)at com.volvo.automation.commonutilities.CommonWrapperMethods.takeSnap(CommonWrapperMethods.java:866)at com.volvo.reports.Reports.reportStep(Reports.java:80)at com.volvo.automation.commonutilities.CommonWrapperMethods.takeSnap(CommonWrapperMethods.java:866)at com.volvo.reports.Reports.reportStep(Reports.java:80)at com.volvo.automation.commonutilities.CommonWrapperMethods.takeSnap(CommonWrapperMethods.java:866)at com.volvo.reports.Reports.reportStep(Reports.java:80)at com.volvo.automation.commonutilities.CommonWrapperMethods.takeSnap(CommonWrapperMethods.java:866)at com.volvo.reports.Reports.reportStep(Reports.java:80)at com.volvo.automation.commonutilities.CommonWrapperMethods.takeSnap(CommonWrapperMethods.java:866)at com.volvo.reports.Reports.reportStep(Reports.java:80)at com.volvo.automation.commonutilities.CommonWrapperMethods.takeSnap(CommonWrapperMethods.java:866)at com.volvo.reports.Reports.reportStep(Reports.java:80)at com.volvo.automation.commonutilities.CommonWrapperMethods.takeSnap(CommonWrapperMethods.java:866)at com.volvo.reports.Reports.reportStep(Reports.java:80)at com.volvo.automation.commonutilities.CommonWrapperMethods.takeSnap(CommonWrapperMethods.java:866)at com.volvo.reports.Reports.reportStep(Reports.java:80)at com.volvo.automation.commonutilities.CommonWrapperMethods.takeSnap(CommonWrapperMethods.java:866)at com.volvo.reports.Reports.reportStep(Reports.java:80)at com.volvo.automation.commonutilities.CommonWrapperMethods.takeSnap(CommonWrapperMethods.java:866)at com.volvo.reports.Reports.reportStep(Reports.java:80)at com.volvo.automation.commonutilities.CommonWrapperMethods.takeSnap(CommonWrapperMethods.java:866)at com.volvo.reports.Reports.reportStep(Reports.java:80)at com.volvo.automation.commonutilities.CommonWrapperMethods.takeSnap(CommonWrapperMethods.java:866)at com.volvo.reports.Reports.reportStep(Reports.java:80)at com.volvo.automation.commonutilities.CommonWrapperMethods.takeSnap(CommonWrapperMethods.java:866)at com.volvo.reports.Reports.reportStep(Reports.java:80)at com.volvo.automation.commonutilities.CommonWrapperMethods.takeSnap(CommonWrapperMethods.java:866)at com.volvo.reports.Reports.reportStep(Reports.java:80)at com.volvo.automation.commonutilities.CommonWrapperMethods.takeSnap(CommonWrapperMethods.java:866)at com.volvo.reports.Reports.reportStep(Reports.java:80)at com.volvo.automation.commonutilities.CommonWrapperMethods.takeSnap(CommonWrapperMethods.java:866)at com.volvo.reports.Reports.reportStep(Reports.java:80)at com.volvo.automation.commonutilities.CommonWrapperMethods.takeSnap(CommonWrapperMethods.java:866)at com.volvo.reports.Reports.reportStep(Reports.java:80)at com.volvo.automation.commonutilities.CommonWrapperMethods.takeSnap(CommonWrapperMethods.java:866)at com.volvo.reports.Reports.reportStep(Reports.java:80)at com.volvo.automation.commonutilities.CommonWrapperMethods.takeSnap(CommonWrapperMethods.java:866)at com.volvo.reports.Reports.reportStep(Reports.java:80)at com.volvo.automation.commonutilities.CommonWrapperMethods.takeSnap(CommonWrapperMethods.java:866)at com.volvo.reports.Reports.reportStep(Reports.java:80)at com.volvo.automation.commonutilities.CommonWrapperMethods.takeSnap(CommonWrapperMethods.java:866)at com.volvo.reports.Reports.reportStep(Reports.java:80)at com.volvo.automation.commonutilities.CommonWrapperMethods.takeSnap(CommonWrapperMethods.java:866)at com.volvo.reports.Reports.reportStep(Reports.java:80)at com.volvo.automation.commonutilities.CommonWrapperMethods.takeSnap(CommonWrapperMethods.java:866)at com.volvo.reports.Reports.reportStep(Reports.java:80)at com.volvo.automation.commonutilities.CommonWrapperMethods.takeSnap(CommonWrapperMethods.java:866)at com.volvo.reports.Reports.reportStep(Reports.java:80)at com.volvo.automation.commonutilities.CommonWrapperMethods.takeSnap(CommonWrapperMethods.java:866)at com.volvo.reports.Reports.reportStep(Reports.java:80)at com.volvo.automation.commonutilities.CommonWrapperMethods.takeSnap(CommonWrapperMethods.java:866)at com.volvo.reports.Reports.reportStep(Reports.java:80)at com.volvo.automation.commonutilities.CommonWrapperMethods.takeSnap(CommonWrapperMethods.java:866)at com.volvo.reports.Reports.reportStep(Reports.java:80)at com.volvo.automation.commonutilities.CommonWrapperMethods.takeSnap(CommonWrapperMethods.java:866)at com.volvo.reports.Reports.reportStep(Reports.java:80)at com.volvo.automation.commonutilities.CommonWrapperMethods.takeSnap(CommonWrapperMethods.java:866)at com.volvo.reports.Reports.reportStep(Reports.java:80)at com.volvo.automation.commonutilities.CommonWrapperMethods.takeSnap(CommonWrapperMethods.java:866)at com.volvo.reports.Reports.reportStep(Reports.java:80)at com.volvo.automation.commonutilities.CommonWrapperMethods.takeSnap(CommonWrapperMethods.java:866)at com.volvo.reports.Reports.reportStep(Reports.java:80)at com.volvo.automation.commonutilities.CommonWrapperMethods.takeSnap(CommonWrapperMethods.java:866)at com.volvo.reports.Reports.reportStep(Reports.java:80)at com.volvo.automation.commonutilities.CommonWrapperMethods.takeSnap(CommonWrapperMethods.java:866)at com.volvo.reports.Reports.reportStep(Reports.java:80)at com.volvo.automation.commonutilities.CommonWrapperMethods.takeSnap(CommonWrapperMethods.java:866)]]>
    </failure>
  </testcase> <!-- TUGGER -->
  <testcase name="ADMIN_MANAGEALARMS" time="0.0" classname="com.volvo.mfg.StepDefinition.DriverSuite">
    <ignored/>
  </testcase> <!-- ADMIN_MANAGEALARMS -->
  <testcase name="Vclas_Adminstration_Tab_Parts_Functionality" time="0.0" classname="com.volvo.mfg.StepDefinition.DriverSuite">
    <ignored/>
  </testcase> <!-- Vclas_Adminstration_Tab_Parts_Functionality -->
  <testcase name="ADMIN_SCANNEDGOODS" time="0.0" classname="com.volvo.mfg.StepDefinition.DriverSuite">
    <ignored/>
  </testcase> <!-- ADMIN_SCANNEDGOODS -->
  <testcase name="ReportsTabFunctionality" time="0.0" classname="com.volvo.mfg.StepDefinition.DriverSuite">
    <ignored/>
  </testcase> <!-- ReportsTabFunctionality -->
  <testcase name="Vclas_ReleaseNotes" time="0.0" classname="com.volvo.mfg.StepDefinition.DriverSuite">
    <ignored/>
  </testcase> <!-- Vclas_ReleaseNotes -->
  <testcase name="TUGGER_SHORTAGE_DELIVERY" time="0.0" classname="com.volvo.mfg.StepDefinition.DriverSuite">
    <ignored/>
  </testcase> <!-- TUGGER_SHORTAGE_DELIVERY -->
  <testcase name="AGV_ASSIGNMENTLIST_DELIVERY" time="0.0" classname="com.volvo.mfg.StepDefinition.DriverSuite">
    <ignored/>
  </testcase> <!-- AGV_ASSIGNMENTLIST_DELIVERY -->
  <testcase name="V90_DELIVERV90TASKS" time="0.0" classname="com.volvo.mfg.StepDefinition.DriverSuite">
    <ignored/>
  </testcase> <!-- V90_DELIVERV90TASKS -->
  <testcase name="ADMIN_MANAGEALARMIDS" time="0.0" classname="com.volvo.mfg.StepDefinition.DriverSuite">
    <ignored/>
  </testcase> <!-- ADMIN_MANAGEALARMIDS -->
  <testcase name="JISJIT_TUGGER" time="0.0" classname="com.volvo.mfg.StepDefinition.DriverSuite">
    <ignored/>
  </testcase> <!-- JISJIT_TUGGER -->
  <testcase name="CONTROL_PARAMETER" time="0.0" classname="com.volvo.mfg.StepDefinition.DriverSuite">
    <ignored/>
  </testcase> <!-- CONTROL_PARAMETER -->
  <testcase name="V60_RepairStation" time="0.0" classname="com.volvo.mfg.StepDefinition.DriverSuite">
    <ignored/>
  </testcase> <!-- V60_RepairStation -->
  <testcase name="AGV_Inactive_Order_Creation" time="0.0" classname="com.volvo.mfg.StepDefinition.DriverSuite">
    <ignored/>
  </testcase> <!-- AGV_Inactive_Order_Creation -->
  <testcase name="Vclas_Adminstration_Tab_User_Functionality" time="0.0" classname="com.volvo.mfg.StepDefinition.DriverSuite">
    <ignored/>
  </testcase> <!-- Vclas_Adminstration_Tab_User_Functionality -->
  <testcase name="Vclas_Nodes_MovebuttonVerify" time="0.0" classname="com.volvo.mfg.StepDefinition.DriverSuite">
    <ignored/>
  </testcase> <!-- Vclas_Nodes_MovebuttonVerify -->
  <testcase name="Vclas_TransportSection" time="0.0" classname="com.volvo.mfg.StepDefinition.DriverSuite">
    <ignored/>
  </testcase> <!-- Vclas_TransportSection -->
  <testcase name="AGV_INPROGRESS_DELIVERY" time="0.0" classname="com.volvo.mfg.StepDefinition.DriverSuite">
    <ignored/>
  </testcase> <!-- AGV_INPROGRESS_DELIVERY -->
  <testcase name="AGV_PlanningStatus_AL_DELIVERY" time="0.0" classname="com.volvo.mfg.StepDefinition.DriverSuite">
    <ignored/>
  </testcase> <!-- AGV_PlanningStatus_AL_DELIVERY -->
  <testcase name="Vclas_Adminstration_Tab_Health_Check_Functionality" time="0.0" classname="com.volvo.mfg.StepDefinition.DriverSuite">
    <ignored/>
  </testcase> <!-- Vclas_Adminstration_Tab_Health_Check_Functionality -->
  <testcase name="Vclas_Adminstration_Tab_Rooms_Functionality" time="0.0" classname="com.volvo.mfg.StepDefinition.DriverSuite">
    <ignored/>
  </testcase> <!-- Vclas_Adminstration_Tab_Rooms_Functionality -->
  <testcase name="Production_Controlcodes" time="0.0" classname="com.volvo.mfg.StepDefinition.DriverSuite">
    <ignored/>
  </testcase> <!-- Production_Controlcodes -->
  <testcase name="Vclas_Adminstration_Tab_Nodes_Functionality" time="0.0" classname="com.volvo.mfg.StepDefinition.DriverSuite">
    <ignored/>
  </testcase> <!-- Vclas_Adminstration_Tab_Nodes_Functionality -->
  <testcase name="Vclas_NodesType" time="0.0" classname="com.volvo.mfg.StepDefinition.DriverSuite">
    <ignored/>
  </testcase> <!-- Vclas_NodesType -->
  <testcase name="Vclas_Adminstration_Tab_DB_Constant_Functionality" time="0.0" classname="com.volvo.mfg.StepDefinition.DriverSuite">
    <ignored/>
  </testcase> <!-- Vclas_Adminstration_Tab_DB_Constant_Functionality -->
  <testcase name="AGV_Reserve_Order_Creation" time="0.0" classname="com.volvo.mfg.StepDefinition.DriverSuite">
    <ignored/>
  </testcase> <!-- AGV_Reserve_Order_Creation -->
  <testcase name="V60_NormalStation" time="0.0" classname="com.volvo.mfg.StepDefinition.DriverSuite">
    <ignored/>
  </testcase> <!-- V60_NormalStation -->
  <testcase name="ADMIN_SHOWTASK" time="0.0" classname="com.volvo.mfg.StepDefinition.DriverSuite">
    <ignored/>
  </testcase> <!-- ADMIN_SHOWTASK -->
  <testcase name="LDJIT_TRAILER_GR_DbINSERTION" time="0.0" classname="com.volvo.mfg.StepDefinition.DriverSuite">
    <ignored/>
  </testcase> <!-- LDJIT_TRAILER_GR_DbINSERTION -->
  <testcase name="JISJIT_TUGGER_GR" time="0.0" classname="com.volvo.mfg.StepDefinition.DriverSuite">
    <ignored/>
  </testcase> <!-- JISJIT_TUGGER_GR -->
  <testcase name="AGV_Picking_Multiple_Assignments_delivery" time="0.0" classname="com.volvo.mfg.StepDefinition.DriverSuite">
    <ignored/>
  </testcase> <!-- AGV_Picking_Multiple_Assignments_delivery -->
  <testcase name="SIMULATOR" time="0.0" classname="com.volvo.mfg.StepDefinition.DriverSuite">
    <ignored/>
  </testcase> <!-- SIMULATOR -->
  <testcase name="AGV_RACKCHANGER_INVALID_INPUT" time="0.0" classname="com.volvo.mfg.StepDefinition.DriverSuite">
    <ignored/>
  </testcase> <!-- AGV_RACKCHANGER_INVALID_INPUT -->
  <testcase name="Production_Plockan" time="0.0" classname="com.volvo.mfg.StepDefinition.DriverSuite">
    <ignored/>
  </testcase> <!-- Production_Plockan -->
  <testcase name="JISJIT_TUGGER_DUMMY_ASN" time="0.0" classname="com.volvo.mfg.StepDefinition.DriverSuite">
    <ignored/>
  </testcase> <!-- JISJIT_TUGGER_DUMMY_ASN -->
  <testcase name="Production_Consumption" time="0.0" classname="com.volvo.mfg.StepDefinition.DriverSuite">
    <ignored/>
  </testcase> <!-- Production_Consumption -->
  <testcase name="TEST_PRINTER" time="0.0" classname="com.volvo.mfg.StepDefinition.DriverSuite">
    <ignored/>
  </testcase> <!-- TEST_PRINTER -->
  <testcase name="AGV_SHORTAGE_DELIVERY" time="0.0" classname="com.volvo.mfg.StepDefinition.DriverSuite">
    <ignored/>
  </testcase> <!-- AGV_SHORTAGE_DELIVERY -->
  <testcase name="LDJIT_TRAILER" time="0.0" classname="com.volvo.mfg.StepDefinition.DriverSuite">
    <ignored/>
  </testcase> <!-- LDJIT_TRAILER -->
  <testcase name="Vclas_Assignments_Functionality" time="0.0" classname="com.volvo.mfg.StepDefinition.DriverSuite">
    <ignored/>
  </testcase> <!-- Vclas_Assignments_Functionality -->
  <testcase name="Vclas_Adminstration_Tab_TAT_Functionality" time="0.0" classname="com.volvo.mfg.StepDefinition.DriverSuite">
    <ignored/>
  </testcase> <!-- Vclas_Adminstration_Tab_TAT_Functionality -->
  <testcase name="TUGGER_ASSIGNMENT_DELIVERY" time="0.0" classname="com.volvo.mfg.StepDefinition.DriverSuite">
    <ignored/>
  </testcase> <!-- TUGGER_ASSIGNMENT_DELIVERY -->
  <testcase name="BLUEBOX" time="0.0" classname="com.volvo.mfg.StepDefinition.DriverSuite">
    <ignored/>
  </testcase> <!-- BLUEBOX -->
  <testcase name="Production_LocationCode" time="0.0" classname="com.volvo.mfg.StepDefinition.DriverSuite">
    <ignored/>
  </testcase> <!-- Production_LocationCode -->
</testsuite> <!-- Tugger_FLOW -->
